Log file open, 09/19/23 12:21:36
LogWindows: Failed to load 'aqProf.dll' (GetLastError=126)
LogWindows: File 'aqProf.dll' does not exist
LogWindows: Failed to load 'VtuneApi.dll' (GetLastError=126)
LogWindows: File 'VtuneApi.dll' does not exist
LogWindows: Failed to load 'VtuneApi32e.dll' (GetLastError=126)
LogWindows: File 'VtuneApi32e.dll' does not exist
LogConsoleResponse: Display: Failed to find resolution value strings in scalability ini. Falling back to default.
LogConsoleResponse: Display: Failed to find resolution value strings in scalability ini. Falling back to default.
LogInit: Display: Running engine for game: MyProject3245
LogPlatformFile: Not using cached read wrapper
LogTaskGraph: Started task graph with 5 named threads and 35 total threads with 3 sets of task threads.
LogStats: Stats thread started at 0.232584
LogICUInternationalization: ICU TimeZone Detection - Raw Offset: +1:00, Platform Override: ''
LogInit: Display: Loading text-based GConfig....
LogPluginManager: Mounting plugin MeshPainting
LogPluginManager: Mounting plugin XGEController
LogPluginManager: Mounting plugin Paper2D
LogPluginManager: Mounting plugin AISupport
LogPluginManager: Mounting plugin EnvironmentQueryEditor
LogPluginManager: Mounting plugin LightPropagationVolume
LogPluginManager: Mounting plugin LiveLink
LogPluginManager: Mounting plugin GameplayCameras
LogPluginManager: Mounting plugin CameraShakePreviewer
LogPluginManager: Mounting plugin OodleData
LogPluginManager: Mounting plugin OodleNetwork
LogPluginManager: Mounting plugin NullSourceCodeAccess
LogPluginManager: Mounting plugin CodeLiteSourceCodeAccess
LogPluginManager: Mounting plugin KDevelopSourceCodeAccess
LogPluginManager: Mounting plugin PixWinPlugin
LogPluginManager: Mounting plugin PerforceSourceControl
LogPluginManager: Mounting plugin CLionSourceCodeAccess
LogPluginManager: Mounting plugin PlasticSourceControl
LogPluginManager: Mounting plugin PluginUtils
LogPluginManager: Mounting plugin PropertyAccessNode
LogPluginManager: Mounting plugin AnimationSharing
LogPluginManager: Mounting plugin SubversionSourceControl
LogPluginManager: Mounting plugin TextureFormatOodle
LogPluginManager: Mounting plugin GitSourceControl
LogPluginManager: Mounting plugin RiderSourceCodeAccess
LogPluginManager: Mounting plugin VisualStudioCodeSourceCodeAccess
LogPluginManager: Mounting plugin XCodeSourceCodeAccess
LogPluginManager: Mounting plugin AssetManagerEditor
LogPluginManager: Mounting plugin VisualStudioSourceCodeAccess
LogPluginManager: Mounting plugin UObjectPlugin
LogPluginManager: Mounting plugin DataValidation
LogPluginManager: Mounting plugin CurveEditorTools
LogPluginManager: Mounting plugin CryptoKeys
LogPluginManager: Mounting plugin FacialAnimation
LogPluginManager: Mounting plugin GameplayTagsEditor
LogPluginManager: Mounting plugin GeometryMode
LogPluginManager: Mounting plugin MacGraphicsSwitching
LogPluginManager: Mounting plugin MaterialAnalyzer
LogPluginManager: Mounting plugin MobileLauncherProfileWizard
LogPluginManager: Mounting plugin PluginBrowser
LogPluginManager: Mounting plugin SpeedTreeImporter
LogPluginManager: Mounting plugin Niagara
LogPluginManager: Mounting plugin DatasmithContent
LogPluginManager: Mounting plugin LuminPlatformFeatures
LogPluginManager: Mounting plugin VariantManagerContent
LogPluginManager: Mounting plugin MagicLeap
LogPluginManager: Mounting plugin MagicLeapLightEstimation
LogPluginManager: Mounting plugin MagicLeapMedia
LogPluginManager: Mounting plugin MagicLeapPassableWorld
LogPluginManager: Mounting plugin MLSDK
LogPluginManager: Mounting plugin AlembicImporter
LogPluginManager: Mounting plugin BackChannel
LogPluginManager: Mounting plugin ChaosCloth
LogPluginManager: Mounting plugin ChaosClothEditor
LogPluginManager: Mounting plugin AutomationUtils
LogPluginManager: Mounting plugin ChaosNiagara
LogPluginManager: Mounting plugin ChaosEditor
LogPluginManager: Mounting plugin ChaosSolverPlugin
LogPluginManager: Mounting plugin CharacterAI
LogPluginManager: Mounting plugin GeometryCache
LogPluginManager: Mounting plugin GeometryCollectionPlugin
LogPluginManager: Mounting plugin TcpMessaging
LogPluginManager: Mounting plugin UdpMessaging
LogPluginManager: Mounting plugin GeometryProcessing
LogPluginManager: Mounting plugin OpenImageDenoise
LogPluginManager: Mounting plugin MotoSynth
LogPluginManager: Mounting plugin PlanarCut
LogPluginManager: Mounting plugin PlatformCrypto
LogPluginManager: Mounting plugin ProxyLODPlugin
LogPluginManager: Mounting plugin PythonScriptPlugin
LogPluginManager: Mounting plugin SkeletalReduction
LogPluginManager: Mounting plugin OnlineSubsystem
LogPluginManager: Mounting plugin OnlineSubsystemNull
LogPluginManager: Mounting plugin OnlineSubsystemUtils
LogPluginManager: Mounting plugin ActorLayerUtilities
LogPluginManager: Mounting plugin AndroidMoviePlayer
LogPluginManager: Mounting plugin AndroidDeviceProfileSelector
LogPluginManager: Mounting plugin AndroidPermission
LogPluginManager: Mounting plugin AppleMoviePlayer
LogPluginManager: Mounting plugin AppleImageUtils
LogPluginManager: Mounting plugin ArchVisCharacter
LogPluginManager: Mounting plugin AudioCapture
LogPluginManager: Mounting plugin CableComponent
LogPluginManager: Mounting plugin AssetTags
LogPluginManager: Mounting plugin AudioSynesthesia
LogPluginManager: Mounting plugin ChunkDownloader
LogPluginManager: Mounting plugin CustomMeshComponent
LogPluginManager: Mounting plugin EditableMesh
LogPluginManager: Mounting plugin ExampleDeviceProfileSelector
LogPluginManager: Mounting plugin ScreenshotTools
LogPluginManager: Mounting plugin GoogleCloudMessaging
LogPluginManager: Mounting plugin GooglePAD
LogPluginManager: Mounting plugin ActorSequence
LogPluginManager: Mounting plugin MatineeToLevelSequence
LogPluginManager: Mounting plugin LevelSequenceEditor
LogPluginManager: Mounting plugin TemplateSequence
LogPluginManager: Mounting plugin AndroidMedia
LogPluginManager: Mounting plugin AvfMedia
LogPluginManager: Mounting plugin ImgMedia
LogPluginManager: Mounting plugin MediaCompositing
LogPluginManager: Mounting plugin Takes
LogPluginManager: Mounting plugin MediaPlayerEditor
LogPluginManager: Mounting plugin IOSDeviceProfileSelector
LogPluginManager: Mounting plugin WebMMedia
LogPluginManager: Mounting plugin LinuxDeviceProfileSelector
LogPluginManager: Mounting plugin WmfMedia
LogPluginManager: Mounting plugin LocationServicesBPLibrary
LogPluginManager: Mounting plugin MobilePatchingUtils
LogPluginManager: Mounting plugin OpenXR
LogPluginManager: Mounting plugin OpenXRHandTracking
LogPluginManager: Mounting plugin OpenXREyeTracker
LogPluginManager: Mounting plugin PhysXVehicles
LogPluginManager: Mounting plugin PostSplashScreen
LogPluginManager: Mounting plugin ProceduralMeshComponent
LogPluginManager: Mounting plugin PropertyAccessEditor
LogPluginManager: Mounting plugin RuntimePhysXCooking
LogPluginManager: Mounting plugin SignificanceManager
LogPluginManager: Mounting plugin SoundFields
LogPluginManager: Mounting plugin Synthesis
LogPluginManager: Mounting plugin WebMMoviePlayer
LogPluginManager: Mounting plugin WindowsMoviePlayer
LogPluginManager: Mounting plugin LauncherChunkInstaller
LogPluginManager: Mounting plugin ContentBrowserClassDataSource
LogPluginManager: Mounting plugin ContentBrowserAssetDataSource
LogPluginManager: Mounting plugin ContentBrowserFileDataSource
LogPluginManager: Mounting plugin OnlineSubsystemGooglePlay
LogPluginManager: Mounting plugin OnlineSubsystemIOS
LogPluginManager: Mounting plugin OculusVR
LogPluginManager: Mounting plugin SteamVR
PixWinPlugin: PIX capture plugin failed to initialize! Check that the process is launched from PIX.
LogInit: Using libcurl 7.55.1-DEV
LogInit:  - built for x86_64-pc-win32
LogInit:  - supports SSL with OpenSSL/1.1.1
LogInit:  - supports HTTP deflate (compression) using libz 1.2.8
LogInit:  - other features:
LogInit:      CURL_VERSION_SSL
LogInit:      CURL_VERSION_LIBZ
LogInit:      CURL_VERSION_IPV6
LogInit:      CURL_VERSION_ASYNCHDNS
LogInit:      CURL_VERSION_LARGEFILE
LogInit:      CURL_VERSION_IDN
LogInit:  CurlRequestOptions (configurable via config and command line):
LogInit:  - bVerifyPeer = true  - Libcurl will verify peer certificate
LogInit:  - bUseHttpProxy = false  - Libcurl will NOT use HTTP proxy
LogInit:  - bDontReuseConnections = false  - Libcurl will reuse connections
LogInit:  - MaxHostConnections = 16  - Libcurl will limit the number of connections to a host
LogInit:  - LocalHostAddr = Default
LogInit:  - BufferSize = 65536
LogOnline: OSS: Creating online subsystem instance for: NULL
LogInit: WinSock: version 1.1 (2.2), MaxSocks=32767, MaxUdp=65467
LogOnline: OSS: TryLoadSubsystemAndSetDefault: Loaded subsystem for module [NULL]
LogOculusPluginWrapper: OculusPlugin initialized successfully
LogHMD: Failed initializing OVRPlugin 1.59.0
LogInit: Build: ++UE4+Release-4.27-CL-18319896
LogInit: Engine Version: 4.27.2-18319896+++UE4+Release-4.27
LogInit: Compatible Engine Version: 4.27.0-17155196+++UE4+Release-4.27
LogInit: Net CL: 17155196
LogInit: OS: Windows 10 (Release 2009) (), CPU: Intel(R) Core(TM) i7-7800X CPU @ 3.50GHz, GPU: NVIDIA GeForce RTX 3060
LogInit: Compiled (64-bit): Nov 30 2021 07:12:08
LogInit: Compiled with Visual C++: 19.24.28315.00
LogInit: Build Configuration: Development
LogInit: Branch Name: ++UE4+Release-4.27
LogInit: Command Line:  -AUTH_LOGIN=unused -AUTH_PASSWORD=d472ff40da8643efa567bfd9e6275d0e -AUTH_TYPE=exchangecode -epicapp=UE_4.27 -epicenv=Prod -EpicPortal -epicusername=prędki-kurczak96 -epicuserid=9b5da394cc22411c8b86fa4541fe3765 -epiclocale=pl -epicsandboxid=ue
LogInit: Base Directory: D:/UE_4.27/Engine/Binaries/Win64/
LogInit: Allocator: TBB
LogInit: Installed Engine Build: 1
LogDevObjectVersion: Number of dev versions registered: 29
LogDevObjectVersion:   Dev-Blueprints (B0D832E4-1F89-4F0D-ACCF-7EB736FD4AA2): 10
LogDevObjectVersion:   Dev-Build (E1C64328-A22C-4D53-A36C-8E866417BD8C): 0
LogDevObjectVersion:   Dev-Core (375EC13C-06E4-48FB-B500-84F0262A717E): 4
LogDevObjectVersion:   Dev-Editor (E4B068ED-F494-42E9-A231-DA0B2E46BB41): 40
LogDevObjectVersion:   Dev-Framework (CFFC743F-43B0-4480-9391-14DF171D2073): 37
LogDevObjectVersion:   Dev-Mobile (B02B49B5-BB20-44E9-A304-32B752E40360): 3
LogDevObjectVersion:   Dev-Networking (A4E4105C-59A1-49B5-A7C5-40C4547EDFEE): 0
LogDevObjectVersion:   Dev-Online (39C831C9-5AE6-47DC-9A44-9C173E1C8E7C): 0
LogDevObjectVersion:   Dev-Physics (78F01B33-EBEA-4F98-B9B4-84EACCB95AA2): 14
LogDevObjectVersion:   Dev-Platform (6631380F-2D4D-43E0-8009-CF276956A95A): 0
LogDevObjectVersion:   Dev-Rendering (12F88B9F-8875-4AFC-A67C-D90C383ABD29): 45
LogDevObjectVersion:   Dev-Sequencer (7B5AE74C-D270-4C10-A958-57980B212A5A): 13
LogDevObjectVersion:   Dev-VR (D7296918-1DD6-4BDD-9DE2-64A83CC13884): 3
LogDevObjectVersion:   Dev-LoadTimes (C2A15278-BFE7-4AFE-6C17-90FF531DF755): 1
LogDevObjectVersion:   Private-Geometry (6EACA3D4-40EC-4CC1-B786-8BED09428FC5): 3
LogDevObjectVersion:   Dev-AnimPhys (29E575DD-E0A3-4627-9D10-D276232CDCEA): 17
LogDevObjectVersion:   Dev-Anim (AF43A65D-7FD3-4947-9873-3E8ED9C1BB05): 15
LogDevObjectVersion:   Dev-ReflectionCapture (6B266CEC-1EC7-4B8F-A30B-E4D90942FC07): 1
LogDevObjectVersion:   Dev-Automation (0DF73D61-A23F-47EA-B727-89E90C41499A): 1
LogDevObjectVersion:   FortniteMain (601D1886-AC64-4F84-AA16-D3DE0DEAC7D6): 47
LogDevObjectVersion:   FortniteRelease (E7086368-6B23-4C58-8439-1B7016265E91): 1
LogDevObjectVersion:   Dev-Enterprise (9DFFBCD6-494F-0158-E221-12823C92A888): 10
LogDevObjectVersion:   Dev-Niagara (F2AED0AC-9AFE-416F-8664-AA7FFA26D6FC): 1
LogDevObjectVersion:   Dev-Destruction (174F1F0B-B4C6-45A5-B13F-2EE8D0FB917D): 10
LogDevObjectVersion:   Dev-Physics-Ext (35F94A83-E258-406C-A318-09F59610247C): 41
LogDevObjectVersion:   Dev-PhysicsMaterial-Chaos (B68FC16E-8B1B-42E2-B453-215C058844FE): 1
LogDevObjectVersion:   Dev-CineCamera (B2E18506-4273-CFC2-A54E-F4BB758BBA07): 1
LogDevObjectVersion:   Dev-VirtualProduction (64F58936-FD1B-42BA-BA96-7289D5D0FA4E): 1
LogDevObjectVersion:   Dev-MediaFramework (6F0ED827-A609-4895-9C91-998D90180EA4): 2
LogInit: Presizing for max 25165824 objects, including 0 objects not considered by GC, pre-allocating 0 bytes for permanent pool.
LogConfig: Applying CVar settings from Section [/Script/Engine.StreamingSettings] File [D:/MyProject3245/Saved/Config/Windows/Engine.ini]
LogConfig: Setting CVar [[s.MinBulkDataSizeForAsyncLoading:131072]]
LogConfig: Setting CVar [[s.AsyncLoadingThreadEnabled:0]]
LogConfig: Setting CVar [[s.EventDrivenLoaderEnabled:1]]
LogConfig: Setting CVar [[s.WarnIfTimeLimitExceeded:0]]
LogConfig: Setting CVar [[s.TimeLimitExceededMultiplier:1.5]]
LogConfig: Setting CVar [[s.TimeLimitExceededMinTime:0.005]]
LogConfig: Setting CVar [[s.UseBackgroundLevelStreaming:1]]
LogConfig: Setting CVar [[s.PriorityAsyncLoadingExtraTime:15.0]]
LogConfig: Setting CVar [[s.LevelStreamingActorsUpdateTimeLimit:5.0]]
LogConfig: Setting CVar [[s.PriorityLevelStreamingActorsUpdateExtraTime:5.0]]
LogConfig: Setting CVar [[s.LevelStreamingComponentsRegistrationGranularity:10]]
LogConfig: Setting CVar [[s.UnregisterComponentsTimeLimit:1.0]]
LogConfig: Setting CVar [[s.LevelStreamingComponentsUnregistrationGranularity:5]]
LogConfig: Setting CVar [[s.FlushStreamingOnExit:1]]
LogInit: Object subsystem initialized
LogConfig: Setting CVar [[con.DebugEarlyDefault:1]]
LogConfig: Setting CVar [[r.setres:1280x720]]
[2023.09.19-10.21.36:954][  0]LogConfig: Setting CVar [[r.VSync:0]]
[2023.09.19-10.21.36:954][  0]LogConfig: Setting CVar [[r.RHICmdBypass:0]]
[2023.09.19-10.21.36:954][  0]LogConfig: Applying CVar settings from Section [/Script/Engine.RendererSettings] File [D:/MyProject3245/Saved/Config/Windows/Engine.ini]
[2023.09.19-10.21.36:954][  0]LogConfig: Setting CVar [[r.GPUCrashDebugging:0]]
[2023.09.19-10.21.36:954][  0]LogConfig: Applying CVar settings from Section [/Script/Engine.RendererOverrideSettings] File [D:/MyProject3245/Saved/Config/Windows/Engine.ini]
[2023.09.19-10.21.36:954][  0]LogConfig: Applying CVar settings from Section [/Script/Engine.StreamingSettings] File [D:/MyProject3245/Saved/Config/Windows/Engine.ini]
[2023.09.19-10.21.36:954][  0]LogConfig: Setting CVar [[s.MinBulkDataSizeForAsyncLoading:131072]]
[2023.09.19-10.21.36:954][  0]LogConfig: Setting CVar [[s.AsyncLoadingThreadEnabled:0]]
[2023.09.19-10.21.36:954][  0]LogConfig: Setting CVar [[s.EventDrivenLoaderEnabled:1]]
[2023.09.19-10.21.36:954][  0]LogConfig: Setting CVar [[s.WarnIfTimeLimitExceeded:0]]
[2023.09.19-10.21.36:954][  0]LogConfig: Setting CVar [[s.TimeLimitExceededMultiplier:1.5]]
[2023.09.19-10.21.36:954][  0]LogConfig: Setting CVar [[s.TimeLimitExceededMinTime:0.005]]
[2023.09.19-10.21.36:954][  0]LogConfig: Setting CVar [[s.UseBackgroundLevelStreaming:1]]
[2023.09.19-10.21.36:954][  0]LogConfig: Setting CVar [[s.PriorityAsyncLoadingExtraTime:15.0]]
[2023.09.19-10.21.36:954][  0]LogConfig: Setting CVar [[s.LevelStreamingActorsUpdateTimeLimit:5.0]]
[2023.09.19-10.21.36:954][  0]LogConfig: Setting CVar [[s.PriorityLevelStreamingActorsUpdateExtraTime:5.0]]
[2023.09.19-10.21.36:954][  0]LogConfig: Setting CVar [[s.LevelStreamingComponentsRegistrationGranularity:10]]
[2023.09.19-10.21.36:954][  0]LogConfig: Setting CVar [[s.UnregisterComponentsTimeLimit:1.0]]
[2023.09.19-10.21.36:954][  0]LogConfig: Setting CVar [[s.LevelStreamingComponentsUnregistrationGranularity:5]]
[2023.09.19-10.21.36:954][  0]LogConfig: Setting CVar [[s.FlushStreamingOnExit:1]]
[2023.09.19-10.21.36:954][  0]LogConfig: Applying CVar settings from Section [/Script/Engine.GarbageCollectionSettings] File [D:/MyProject3245/Saved/Config/Windows/Engine.ini]
[2023.09.19-10.21.36:954][  0]LogConfig: Setting CVar [[gc.MaxObjectsNotConsideredByGC:1]]
[2023.09.19-10.21.36:954][  0]LogConfig: Setting CVar [[gc.SizeOfPermanentObjectPool:0]]
[2023.09.19-10.21.36:954][  0]LogConfig: Setting CVar [[gc.FlushStreamingOnGC:0]]
[2023.09.19-10.21.36:954][  0]LogConfig: Setting CVar [[gc.NumRetriesBeforeForcingGC:10]]
[2023.09.19-10.21.36:954][  0]LogConfig: Setting CVar [[gc.AllowParallelGC:1]]
[2023.09.19-10.21.36:954][  0]LogConfig: Setting CVar [[gc.TimeBetweenPurgingPendingKillObjects:61.1]]
[2023.09.19-10.21.36:954][  0]LogConfig: Setting CVar [[gc.MaxObjectsInEditor:25165824]]
[2023.09.19-10.21.36:954][  0]LogConfig: Setting CVar [[gc.IncrementalBeginDestroyEnabled:1]]
[2023.09.19-10.21.36:954][  0]LogConfig: Setting CVar [[gc.CreateGCClusters:1]]
[2023.09.19-10.21.36:954][  0]LogConfig: Setting CVar [[gc.MinGCClusterSize:5]]
[2023.09.19-10.21.36:954][  0]LogConfig: Setting CVar [[gc.ActorClusteringEnabled:0]]
[2023.09.19-10.21.36:954][  0]LogConfig: Setting CVar [[gc.BlueprintClusteringEnabled:0]]
[2023.09.19-10.21.36:954][  0]LogConfig: Setting CVar [[gc.UseDisregardForGCOnDedicatedServers:0]]
[2023.09.19-10.21.36:954][  0]LogConfig: Setting CVar [[gc.MultithreadedDestructionEnabled:1]]
[2023.09.19-10.21.36:954][  0]LogConfig: Applying CVar settings from Section [/Script/Engine.NetworkSettings] File [D:/MyProject3245/Saved/Config/Windows/Engine.ini]
[2023.09.19-10.21.36:954][  0]LogConfig: Applying CVar settings from Section [/Script/UnrealEd.CookerSettings] File [D:/MyProject3245/Saved/Config/Windows/Engine.ini]
[2023.09.19-10.21.36:974][  0]LogConfig: Applying CVar settings from Section [ViewDistanceQuality@3] File [D:/MyProject3245/Saved/Config/Windows/Scalability.ini]
[2023.09.19-10.21.36:974][  0]LogConfig: Setting CVar [[r.SkeletalMeshLODBias:0]]
[2023.09.19-10.21.36:974][  0]LogConfig: Setting CVar [[r.ViewDistanceScale:1.0]]
[2023.09.19-10.21.36:974][  0]LogConfig: Applying CVar settings from Section [AntiAliasingQuality@3] File [D:/MyProject3245/Saved/Config/Windows/Scalability.ini]
[2023.09.19-10.21.36:974][  0]LogConfig: Setting CVar [[r.PostProcessAAQuality:4]]
[2023.09.19-10.21.36:974][  0]LogConfig: Applying CVar settings from Section [ShadowQuality@3] File [D:/MyProject3245/Saved/Config/Windows/Scalability.ini]
[2023.09.19-10.21.36:974][  0]LogConfig: Setting CVar [[r.LightFunctionQuality:1]]
[2023.09.19-10.21.36:974][  0]LogConfig: Setting CVar [[r.ShadowQuality:5]]
[2023.09.19-10.21.36:974][  0]LogConfig: Setting CVar [[r.Shadow.CSM.MaxCascades:10]]
[2023.09.19-10.21.36:974][  0]LogConfig: Setting CVar [[r.Shadow.MaxResolution:2048]]
[2023.09.19-10.21.36:974][  0]LogConfig: Setting CVar [[r.Shadow.MaxCSMResolution:2048]]
[2023.09.19-10.21.36:975][  0]LogConfig: Setting CVar [[r.Shadow.RadiusThreshold:0.01]]
[2023.09.19-10.21.36:975][  0]LogConfig: Setting CVar [[r.Shadow.DistanceScale:1.0]]
[2023.09.19-10.21.36:975][  0]LogConfig: Setting CVar [[r.Shadow.CSM.TransitionScale:1.0]]
[2023.09.19-10.21.36:975][  0]LogConfig: Setting CVar [[r.Shadow.PreShadowResolutionFactor:1.0]]
[2023.09.19-10.21.36:975][  0]LogConfig: Setting CVar [[r.DistanceFieldShadowing:1]]
[2023.09.19-10.21.36:975][  0]LogConfig: Setting CVar [[r.DistanceFieldAO:1]]
[2023.09.19-10.21.36:975][  0]LogConfig: Setting CVar [[r.AOQuality:2]]
[2023.09.19-10.21.36:975][  0]LogConfig: Setting CVar [[r.VolumetricFog:1]]
[2023.09.19-10.21.36:975][  0]LogConfig: Setting CVar [[r.VolumetricFog.GridPixelSize:8]]
[2023.09.19-10.21.36:975][  0]LogConfig: Setting CVar [[r.VolumetricFog.GridSizeZ:128]]
[2023.09.19-10.21.36:975][  0]LogConfig: Setting CVar [[r.VolumetricFog.HistoryMissSupersampleCount:4]]
[2023.09.19-10.21.36:975][  0]LogConfig: Setting CVar [[r.LightMaxDrawDistanceScale:1]]
[2023.09.19-10.21.36:975][  0]LogConfig: Setting CVar [[r.CapsuleShadows:1]]
[2023.09.19-10.21.36:975][  0]LogConfig: Applying CVar settings from Section [PostProcessQuality@3] File [D:/MyProject3245/Saved/Config/Windows/Scalability.ini]
[2023.09.19-10.21.36:975][  0]LogConfig: Setting CVar [[r.MotionBlurQuality:4]]
[2023.09.19-10.21.36:975][  0]LogConfig: Setting CVar [[r.AmbientOcclusionMipLevelFactor:0.4]]
[2023.09.19-10.21.36:975][  0]LogConfig: Setting CVar [[r.AmbientOcclusionMaxQuality:100]]
[2023.09.19-10.21.36:975][  0]LogConfig: Setting CVar [[r.AmbientOcclusionLevels:-1]]
[2023.09.19-10.21.36:975][  0]LogConfig: Setting CVar [[r.AmbientOcclusionRadiusScale:1.0]]
[2023.09.19-10.21.36:975][  0]LogConfig: Setting CVar [[r.DepthOfFieldQuality:2]]
[2023.09.19-10.21.36:975][  0]LogConfig: Setting CVar [[r.RenderTargetPoolMin:400]]
[2023.09.19-10.21.36:975][  0]LogConfig: Setting CVar [[r.LensFlareQuality:2]]
[2023.09.19-10.21.36:975][  0]LogConfig: Setting CVar [[r.SceneColorFringeQuality:1]]
[2023.09.19-10.21.36:975][  0]LogConfig: Setting CVar [[r.EyeAdaptationQuality:2]]
[2023.09.19-10.21.36:975][  0]LogConfig: Setting CVar [[r.BloomQuality:5]]
[2023.09.19-10.21.36:975][  0]LogConfig: Setting CVar [[r.FastBlurThreshold:100]]
[2023.09.19-10.21.36:975][  0]LogConfig: Setting CVar [[r.Upscale.Quality:3]]
[2023.09.19-10.21.36:975][  0]LogConfig: Setting CVar [[r.Tonemapper.GrainQuantization:1]]
[2023.09.19-10.21.36:975][  0]LogConfig: Setting CVar [[r.LightShaftQuality:1]]
[2023.09.19-10.21.36:975][  0]LogConfig: Setting CVar [[r.Filter.SizeScale:1]]
[2023.09.19-10.21.36:975][  0]LogConfig: Setting CVar [[r.Tonemapper.Quality:5]]
[2023.09.19-10.21.36:975][  0]LogConfig: Setting CVar [[r.DOF.Gather.AccumulatorQuality:1        ; higher gathering accumulator quality]]
[2023.09.19-10.21.36:975][  0]LogConfig: Setting CVar [[r.DOF.Gather.PostfilterMethod:1          ; Median3x3 postfilering method]]
[2023.09.19-10.21.36:975][  0]LogConfig: Setting CVar [[r.DOF.Gather.EnableBokehSettings:0       ; no bokeh simulation when gathering]]
[2023.09.19-10.21.36:975][  0]LogConfig: Setting CVar [[r.DOF.Gather.RingCount:4                 ; medium number of samples when gathering]]
[2023.09.19-10.21.36:975][  0]LogConfig: Setting CVar [[r.DOF.Scatter.ForegroundCompositing:1    ; additive foreground scattering]]
[2023.09.19-10.21.36:975][  0]LogConfig: Setting CVar [[r.DOF.Scatter.BackgroundCompositing:2    ; additive background scattering]]
[2023.09.19-10.21.36:975][  0]LogConfig: Setting CVar [[r.DOF.Scatter.EnableBokehSettings:1      ; bokeh simulation when scattering]]
[2023.09.19-10.21.36:975][  0]LogConfig: Setting CVar [[r.DOF.Scatter.MaxSpriteRatio:0.1         ; only a maximum of 10% of scattered bokeh]]
[2023.09.19-10.21.36:975][  0]LogConfig: Setting CVar [[r.DOF.Recombine.Quality:1                ; cheap slight out of focus]]
[2023.09.19-10.21.36:975][  0]LogConfig: Setting CVar [[r.DOF.Recombine.EnableBokehSettings:0    ; no bokeh simulation on slight out of focus]]
[2023.09.19-10.21.36:975][  0]LogConfig: Setting CVar [[r.DOF.TemporalAAQuality:1                ; more stable temporal accumulation]]
[2023.09.19-10.21.36:975][  0]LogConfig: Setting CVar [[r.DOF.Kernel.MaxForegroundRadius:0.025]]
[2023.09.19-10.21.36:975][  0]LogConfig: Setting CVar [[r.DOF.Kernel.MaxBackgroundRadius:0.025]]
[2023.09.19-10.21.36:975][  0]LogConfig: Applying CVar settings from Section [TextureQuality@3] File [D:/MyProject3245/Saved/Config/Windows/Scalability.ini]
[2023.09.19-10.21.36:975][  0]LogConfig: Setting CVar [[r.Streaming.MipBias:0]]
[2023.09.19-10.21.36:975][  0]LogConfig: Setting CVar [[r.Streaming.AmortizeCPUToGPUCopy:0]]
[2023.09.19-10.21.36:975][  0]LogConfig: Setting CVar [[r.Streaming.MaxNumTexturesToStreamPerFrame:0]]
[2023.09.19-10.21.36:975][  0]LogConfig: Setting CVar [[r.Streaming.Boost:1]]
[2023.09.19-10.21.36:975][  0]LogConfig: Setting CVar [[r.MaxAnisotropy:8]]
[2023.09.19-10.21.36:975][  0]LogConfig: Setting CVar [[r.VT.MaxAnisotropy:8]]
[2023.09.19-10.21.36:975][  0]LogConfig: Setting CVar [[r.Streaming.LimitPoolSizeToVRAM:0]]
[2023.09.19-10.21.36:975][  0]LogConfig: Setting CVar [[r.Streaming.PoolSize:1000]]
[2023.09.19-10.21.36:975][  0]LogConfig: Setting CVar [[r.Streaming.MaxEffectiveScreenSize:0]]
[2023.09.19-10.21.36:975][  0]LogConfig: Applying CVar settings from Section [EffectsQuality@3] File [D:/MyProject3245/Saved/Config/Windows/Scalability.ini]
[2023.09.19-10.21.36:975][  0]LogConfig: Setting CVar [[r.TranslucencyLightingVolumeDim:64]]
[2023.09.19-10.21.36:975][  0]LogConfig: Setting CVar [[r.RefractionQuality:2]]
[2023.09.19-10.21.36:975][  0]LogConfig: Setting CVar [[r.SSR.Quality:3]]
[2023.09.19-10.21.36:975][  0]LogConfig: Setting CVar [[r.SSR.HalfResSceneColor:0]]
[2023.09.19-10.21.36:975][  0]LogConfig: Setting CVar [[r.SceneColorFormat:4]]
[2023.09.19-10.21.36:975][  0]LogConfig: Setting CVar [[r.DetailMode:2]]
[2023.09.19-10.21.36:975][  0]LogConfig: Setting CVar [[r.TranslucencyVolumeBlur:1]]
[2023.09.19-10.21.36:975][  0]LogConfig: Setting CVar [[r.MaterialQualityLevel:1 ; High quality]]
[2023.09.19-10.21.36:975][  0]LogConfig: Setting CVar [[r.AnisotropicMaterials:1]]
[2023.09.19-10.21.36:975][  0]LogConfig: Setting CVar [[r.SSS.Scale:1]]
[2023.09.19-10.21.36:975][  0]LogConfig: Setting CVar [[r.SSS.SampleSet:2]]
[2023.09.19-10.21.36:975][  0]LogConfig: Setting CVar [[r.SSS.Quality:1]]
[2023.09.19-10.21.36:975][  0]LogConfig: Setting CVar [[r.SSS.HalfRes:0]]
[2023.09.19-10.21.36:975][  0]LogConfig: Setting CVar [[r.SSGI.Quality:3]]
[2023.09.19-10.21.36:975][  0]LogConfig: Setting CVar [[r.EmitterSpawnRateScale:1.0]]
[2023.09.19-10.21.36:975][  0]LogConfig: Setting CVar [[r.ParticleLightQuality:2]]
[2023.09.19-10.21.36:975][  0]LogConfig: Setting CVar [[r.SkyAtmosphere.AerialPerspectiveLUT.FastApplyOnOpaque:1 ; Always have FastSkyLUT 1 in this case to avoid wrong sky]]
[2023.09.19-10.21.36:975][  0]LogConfig: Setting CVar [[r.SkyAtmosphere.AerialPerspectiveLUT.SampleCountMaxPerSlice:4]]
[2023.09.19-10.21.36:975][  0]LogConfig: Setting CVar [[r.SkyAtmosphere.AerialPerspectiveLUT.DepthResolution:16.0]]
[2023.09.19-10.21.36:975][  0]LogConfig: Setting CVar [[r.SkyAtmosphere.FastSkyLUT:1]]
[2023.09.19-10.21.36:975][  0]LogConfig: Setting CVar [[r.SkyAtmosphere.FastSkyLUT.SampleCountMin:4.0]]
[2023.09.19-10.21.36:975][  0]LogConfig: Setting CVar [[r.SkyAtmosphere.FastSkyLUT.SampleCountMax:128.0]]
[2023.09.19-10.21.36:975][  0]LogConfig: Setting CVar [[r.SkyAtmosphere.SampleCountMin:4.0]]
[2023.09.19-10.21.36:975][  0]LogConfig: Setting CVar [[r.SkyAtmosphere.SampleCountMax:128.0]]
[2023.09.19-10.21.36:975][  0]LogConfig: Setting CVar [[r.SkyAtmosphere.TransmittanceLUT.UseSmallFormat:0]]
[2023.09.19-10.21.36:975][  0]LogConfig: Setting CVar [[r.SkyAtmosphere.TransmittanceLUT.SampleCount:10.0]]
[2023.09.19-10.21.36:976][  0]LogConfig: Setting CVar [[r.SkyAtmosphere.MultiScatteringLUT.SampleCount:15.0]]
[2023.09.19-10.21.36:976][  0]LogConfig: Setting CVar [[r.SkyLight.RealTimeReflectionCapture:1]]
[2023.09.19-10.21.36:976][  0]LogConfig: Applying CVar settings from Section [FoliageQuality@3] File [D:/MyProject3245/Saved/Config/Windows/Scalability.ini]
[2023.09.19-10.21.36:976][  0]LogConfig: Setting CVar [[foliage.DensityScale:1.0]]
[2023.09.19-10.21.36:976][  0]LogConfig: Setting CVar [[grass.DensityScale:1.0]]
[2023.09.19-10.21.36:976][  0]LogConfig: Applying CVar settings from Section [ShadingQuality@3] File [D:/MyProject3245/Saved/Config/Windows/Scalability.ini]
[2023.09.19-10.21.36:976][  0]LogConfig: Setting CVar [[r.HairStrands.SkyLighting.IntegrationType:2]]
[2023.09.19-10.21.36:976][  0]LogConfig: Setting CVar [[r.HairStrands.SkyAO.SampleCount:4]]
[2023.09.19-10.21.36:976][  0]LogConfig: Setting CVar [[r.HairStrands.Visibility.MSAA.SamplePerPixel:4]]
[2023.09.19-10.21.36:976][  0]LogInit: Selected Device Profile: [Windows]
[2023.09.19-10.21.36:976][  0]LogInit: Applying CVar settings loaded from the selected device profile: [Windows]
[2023.09.19-10.21.36:976][  0]LogHAL: Display: Platform has ~ 32 GB [34141356032 / 34359738368 / 32], which maps to Largest [LargestMinGB=32, LargerMinGB=12, DefaultMinGB=8, SmallerMinGB=6, SmallestMinGB=0)
[2023.09.19-10.21.36:976][  0]LogInit: Going up to parent DeviceProfile []
[2023.09.19-10.21.36:976][  0]LogConfig: Applying CVar settings from Section [ViewDistanceQuality@3] File [D:/MyProject3245/Saved/Config/Windows/Scalability.ini]
[2023.09.19-10.21.36:976][  0]LogConfig: Setting CVar [[r.SkeletalMeshLODBias:0]]
[2023.09.19-10.21.36:976][  0]LogConfig: Setting CVar [[r.ViewDistanceScale:1.0]]
[2023.09.19-10.21.36:976][  0]LogConfig: Applying CVar settings from Section [AntiAliasingQuality@3] File [D:/MyProject3245/Saved/Config/Windows/Scalability.ini]
[2023.09.19-10.21.36:976][  0]LogConfig: Setting CVar [[r.PostProcessAAQuality:4]]
[2023.09.19-10.21.36:976][  0]LogConfig: Applying CVar settings from Section [ShadowQuality@3] File [D:/MyProject3245/Saved/Config/Windows/Scalability.ini]
[2023.09.19-10.21.36:976][  0]LogConfig: Setting CVar [[r.LightFunctionQuality:1]]
[2023.09.19-10.21.36:976][  0]LogConfig: Setting CVar [[r.ShadowQuality:5]]
[2023.09.19-10.21.36:976][  0]LogConfig: Setting CVar [[r.Shadow.CSM.MaxCascades:10]]
[2023.09.19-10.21.36:976][  0]LogConfig: Setting CVar [[r.Shadow.MaxResolution:2048]]
[2023.09.19-10.21.36:976][  0]LogConfig: Setting CVar [[r.Shadow.MaxCSMResolution:2048]]
[2023.09.19-10.21.36:976][  0]LogConfig: Setting CVar [[r.Shadow.RadiusThreshold:0.01]]
[2023.09.19-10.21.36:976][  0]LogConfig: Setting CVar [[r.Shadow.DistanceScale:1.0]]
[2023.09.19-10.21.36:976][  0]LogConfig: Setting CVar [[r.Shadow.CSM.TransitionScale:1.0]]
[2023.09.19-10.21.36:976][  0]LogConfig: Setting CVar [[r.Shadow.PreShadowResolutionFactor:1.0]]
[2023.09.19-10.21.36:976][  0]LogConfig: Setting CVar [[r.DistanceFieldShadowing:1]]
[2023.09.19-10.21.36:976][  0]LogConfig: Setting CVar [[r.DistanceFieldAO:1]]
[2023.09.19-10.21.36:976][  0]LogConfig: Setting CVar [[r.AOQuality:2]]
[2023.09.19-10.21.36:976][  0]LogConfig: Setting CVar [[r.VolumetricFog:1]]
[2023.09.19-10.21.36:976][  0]LogConfig: Setting CVar [[r.VolumetricFog.GridPixelSize:8]]
[2023.09.19-10.21.36:976][  0]LogConfig: Setting CVar [[r.VolumetricFog.GridSizeZ:128]]
[2023.09.19-10.21.36:976][  0]LogConfig: Setting CVar [[r.VolumetricFog.HistoryMissSupersampleCount:4]]
[2023.09.19-10.21.36:976][  0]LogConfig: Setting CVar [[r.LightMaxDrawDistanceScale:1]]
[2023.09.19-10.21.36:976][  0]LogConfig: Setting CVar [[r.CapsuleShadows:1]]
[2023.09.19-10.21.36:976][  0]LogConfig: Applying CVar settings from Section [PostProcessQuality@3] File [D:/MyProject3245/Saved/Config/Windows/Scalability.ini]
[2023.09.19-10.21.36:976][  0]LogConfig: Setting CVar [[r.MotionBlurQuality:4]]
[2023.09.19-10.21.36:976][  0]LogConfig: Setting CVar [[r.AmbientOcclusionMipLevelFactor:0.4]]
[2023.09.19-10.21.36:976][  0]LogConfig: Setting CVar [[r.AmbientOcclusionMaxQuality:100]]
[2023.09.19-10.21.36:976][  0]LogConfig: Setting CVar [[r.AmbientOcclusionLevels:-1]]
[2023.09.19-10.21.36:976][  0]LogConfig: Setting CVar [[r.AmbientOcclusionRadiusScale:1.0]]
[2023.09.19-10.21.36:976][  0]LogConfig: Setting CVar [[r.DepthOfFieldQuality:2]]
[2023.09.19-10.21.36:976][  0]LogConfig: Setting CVar [[r.RenderTargetPoolMin:400]]
[2023.09.19-10.21.36:976][  0]LogConfig: Setting CVar [[r.LensFlareQuality:2]]
[2023.09.19-10.21.36:976][  0]LogConfig: Setting CVar [[r.SceneColorFringeQuality:1]]
[2023.09.19-10.21.36:976][  0]LogConfig: Setting CVar [[r.EyeAdaptationQuality:2]]
[2023.09.19-10.21.36:976][  0]LogConfig: Setting CVar [[r.BloomQuality:5]]
[2023.09.19-10.21.36:976][  0]LogConfig: Setting CVar [[r.FastBlurThreshold:100]]
[2023.09.19-10.21.36:976][  0]LogConfig: Setting CVar [[r.Upscale.Quality:3]]
[2023.09.19-10.21.36:976][  0]LogConfig: Setting CVar [[r.Tonemapper.GrainQuantization:1]]
[2023.09.19-10.21.36:976][  0]LogConfig: Setting CVar [[r.LightShaftQuality:1]]
[2023.09.19-10.21.36:976][  0]LogConfig: Setting CVar [[r.Filter.SizeScale:1]]
[2023.09.19-10.21.36:976][  0]LogConfig: Setting CVar [[r.Tonemapper.Quality:5]]
[2023.09.19-10.21.36:976][  0]LogConfig: Setting CVar [[r.DOF.Gather.AccumulatorQuality:1        ; higher gathering accumulator quality]]
[2023.09.19-10.21.36:976][  0]LogConfig: Setting CVar [[r.DOF.Gather.PostfilterMethod:1          ; Median3x3 postfilering method]]
[2023.09.19-10.21.36:976][  0]LogConfig: Setting CVar [[r.DOF.Gather.EnableBokehSettings:0       ; no bokeh simulation when gathering]]
[2023.09.19-10.21.36:976][  0]LogConfig: Setting CVar [[r.DOF.Gather.RingCount:4                 ; medium number of samples when gathering]]
[2023.09.19-10.21.36:976][  0]LogConfig: Setting CVar [[r.DOF.Scatter.ForegroundCompositing:1    ; additive foreground scattering]]
[2023.09.19-10.21.36:976][  0]LogConfig: Setting CVar [[r.DOF.Scatter.BackgroundCompositing:2    ; additive background scattering]]
[2023.09.19-10.21.36:976][  0]LogConfig: Setting CVar [[r.DOF.Scatter.EnableBokehSettings:1      ; bokeh simulation when scattering]]
[2023.09.19-10.21.36:976][  0]LogConfig: Setting CVar [[r.DOF.Scatter.MaxSpriteRatio:0.1         ; only a maximum of 10% of scattered bokeh]]
[2023.09.19-10.21.36:976][  0]LogConfig: Setting CVar [[r.DOF.Recombine.Quality:1                ; cheap slight out of focus]]
[2023.09.19-10.21.36:976][  0]LogConfig: Setting CVar [[r.DOF.Recombine.EnableBokehSettings:0    ; no bokeh simulation on slight out of focus]]
[2023.09.19-10.21.36:976][  0]LogConfig: Setting CVar [[r.DOF.TemporalAAQuality:1                ; more stable temporal accumulation]]
[2023.09.19-10.21.36:976][  0]LogConfig: Setting CVar [[r.DOF.Kernel.MaxForegroundRadius:0.025]]
[2023.09.19-10.21.36:976][  0]LogConfig: Setting CVar [[r.DOF.Kernel.MaxBackgroundRadius:0.025]]
[2023.09.19-10.21.36:976][  0]LogConfig: Applying CVar settings from Section [TextureQuality@3] File [D:/MyProject3245/Saved/Config/Windows/Scalability.ini]
[2023.09.19-10.21.36:976][  0]LogConfig: Setting CVar [[r.Streaming.MipBias:0]]
[2023.09.19-10.21.36:976][  0]LogConfig: Setting CVar [[r.Streaming.AmortizeCPUToGPUCopy:0]]
[2023.09.19-10.21.36:976][  0]LogConfig: Setting CVar [[r.Streaming.MaxNumTexturesToStreamPerFrame:0]]
[2023.09.19-10.21.36:976][  0]LogConfig: Setting CVar [[r.Streaming.Boost:1]]
[2023.09.19-10.21.36:977][  0]LogConfig: Setting CVar [[r.MaxAnisotropy:8]]
[2023.09.19-10.21.36:977][  0]LogConfig: Setting CVar [[r.VT.MaxAnisotropy:8]]
[2023.09.19-10.21.36:977][  0]LogConfig: Setting CVar [[r.Streaming.LimitPoolSizeToVRAM:0]]
[2023.09.19-10.21.36:977][  0]LogConfig: Setting CVar [[r.Streaming.PoolSize:1000]]
[2023.09.19-10.21.36:977][  0]LogConfig: Setting CVar [[r.Streaming.MaxEffectiveScreenSize:0]]
[2023.09.19-10.21.36:977][  0]LogConfig: Applying CVar settings from Section [EffectsQuality@3] File [D:/MyProject3245/Saved/Config/Windows/Scalability.ini]
[2023.09.19-10.21.36:977][  0]LogConfig: Setting CVar [[r.TranslucencyLightingVolumeDim:64]]
[2023.09.19-10.21.36:977][  0]LogConfig: Setting CVar [[r.RefractionQuality:2]]
[2023.09.19-10.21.36:977][  0]LogConfig: Setting CVar [[r.SSR.Quality:3]]
[2023.09.19-10.21.36:977][  0]LogConfig: Setting CVar [[r.SSR.HalfResSceneColor:0]]
[2023.09.19-10.21.36:977][  0]LogConfig: Setting CVar [[r.SceneColorFormat:4]]
[2023.09.19-10.21.36:977][  0]LogConfig: Setting CVar [[r.DetailMode:2]]
[2023.09.19-10.21.36:977][  0]LogConfig: Setting CVar [[r.TranslucencyVolumeBlur:1]]
[2023.09.19-10.21.36:977][  0]LogConfig: Setting CVar [[r.MaterialQualityLevel:1 ; High quality]]
[2023.09.19-10.21.36:977][  0]LogConfig: Setting CVar [[r.AnisotropicMaterials:1]]
[2023.09.19-10.21.36:977][  0]LogConfig: Setting CVar [[r.SSS.Scale:1]]
[2023.09.19-10.21.36:977][  0]LogConfig: Setting CVar [[r.SSS.SampleSet:2]]
[2023.09.19-10.21.36:977][  0]LogConfig: Setting CVar [[r.SSS.Quality:1]]
[2023.09.19-10.21.36:977][  0]LogConfig: Setting CVar [[r.SSS.HalfRes:0]]
[2023.09.19-10.21.36:977][  0]LogConfig: Setting CVar [[r.SSGI.Quality:3]]
[2023.09.19-10.21.36:977][  0]LogConfig: Setting CVar [[r.EmitterSpawnRateScale:1.0]]
[2023.09.19-10.21.36:977][  0]LogConfig: Setting CVar [[r.ParticleLightQuality:2]]
[2023.09.19-10.21.36:977][  0]LogConfig: Setting CVar [[r.SkyAtmosphere.AerialPerspectiveLUT.FastApplyOnOpaque:1 ; Always have FastSkyLUT 1 in this case to avoid wrong sky]]
[2023.09.19-10.21.36:977][  0]LogConfig: Setting CVar [[r.SkyAtmosphere.AerialPerspectiveLUT.SampleCountMaxPerSlice:4]]
[2023.09.19-10.21.36:977][  0]LogConfig: Setting CVar [[r.SkyAtmosphere.AerialPerspectiveLUT.DepthResolution:16.0]]
[2023.09.19-10.21.36:977][  0]LogConfig: Setting CVar [[r.SkyAtmosphere.FastSkyLUT:1]]
[2023.09.19-10.21.36:977][  0]LogConfig: Setting CVar [[r.SkyAtmosphere.FastSkyLUT.SampleCountMin:4.0]]
[2023.09.19-10.21.36:977][  0]LogConfig: Setting CVar [[r.SkyAtmosphere.FastSkyLUT.SampleCountMax:128.0]]
[2023.09.19-10.21.36:977][  0]LogConfig: Setting CVar [[r.SkyAtmosphere.SampleCountMin:4.0]]
[2023.09.19-10.21.36:977][  0]LogConfig: Setting CVar [[r.SkyAtmosphere.SampleCountMax:128.0]]
[2023.09.19-10.21.36:977][  0]LogConfig: Setting CVar [[r.SkyAtmosphere.TransmittanceLUT.UseSmallFormat:0]]
[2023.09.19-10.21.36:977][  0]LogConfig: Setting CVar [[r.SkyAtmosphere.TransmittanceLUT.SampleCount:10.0]]
[2023.09.19-10.21.36:977][  0]LogConfig: Setting CVar [[r.SkyAtmosphere.MultiScatteringLUT.SampleCount:15.0]]
[2023.09.19-10.21.36:977][  0]LogConfig: Setting CVar [[r.SkyLight.RealTimeReflectionCapture:1]]
[2023.09.19-10.21.36:977][  0]LogConfig: Applying CVar settings from Section [FoliageQuality@3] File [D:/MyProject3245/Saved/Config/Windows/Scalability.ini]
[2023.09.19-10.21.36:977][  0]LogConfig: Setting CVar [[foliage.DensityScale:1.0]]
[2023.09.19-10.21.36:977][  0]LogConfig: Setting CVar [[grass.DensityScale:1.0]]
[2023.09.19-10.21.36:977][  0]LogConfig: Applying CVar settings from Section [ShadingQuality@3] File [D:/MyProject3245/Saved/Config/Windows/Scalability.ini]
[2023.09.19-10.21.36:977][  0]LogConfig: Setting CVar [[r.HairStrands.SkyLighting.IntegrationType:2]]
[2023.09.19-10.21.36:977][  0]LogConfig: Setting CVar [[r.HairStrands.SkyAO.SampleCount:4]]
[2023.09.19-10.21.36:977][  0]LogConfig: Setting CVar [[r.HairStrands.Visibility.MSAA.SamplePerPixel:4]]
[2023.09.19-10.21.36:977][  0]LogConfig: Applying CVar settings from Section [Startup] File [../../../Engine/Config/ConsoleVariables.ini]
[2023.09.19-10.21.36:977][  0]LogConfig: Setting CVar [[net.UseAdaptiveNetUpdateFrequency:0]]
[2023.09.19-10.21.36:977][  0]LogConfig: Setting CVar [[p.chaos.AllowCreatePhysxBodies:1]]
[2023.09.19-10.21.36:977][  0]LogConfig: Setting CVar [[fx.SkipVectorVMBackendOptimizations:1]]
[2023.09.19-10.21.36:977][  0]LogConfig: Applying CVar settings from Section [ConsoleVariables] File [D:/MyProject3245/Saved/Config/Windows/Engine.ini]
[2023.09.19-10.21.36:977][  0]LogConfig: Applying CVar settings from Section [ConsoleVariables] File [D:/MyProject3245/Saved/Config/Windows/Editor.ini]
[2023.09.19-10.21.36:977][  0]LogInit: Computer: DESKTOP-R9VF7HV
[2023.09.19-10.21.36:977][  0]LogInit: User: adminBielsko
[2023.09.19-10.21.36:977][  0]LogInit: CPU Page size=4096, Cores=6
[2023.09.19-10.21.36:977][  0]LogInit: High frequency timer resolution =10.000000 MHz
[2023.09.19-10.21.36:977][  0]LogMemory: Memory total: Physical=31.8GB (32GB approx)
[2023.09.19-10.21.36:977][  0]LogMemory: Platform Memory Stats for Windows
[2023.09.19-10.21.36:977][  0]LogMemory: Process Physical Memory: 149.36 MB used, 149.36 MB peak
[2023.09.19-10.21.36:977][  0]LogMemory: Process Virtual Memory: 121.77 MB used, 121.77 MB peak
[2023.09.19-10.21.36:977][  0]LogMemory: Physical Memory: 5233.22 MB used,  27326.51 MB free, 32559.73 MB total
[2023.09.19-10.21.36:977][  0]LogMemory: Virtual Memory: 134187584.00 MB used,  30144.14 MB free, 134217728.00 MB total
[2023.09.19-10.21.36:982][  0]LogWindows: WindowsPlatformFeatures enabled
[2023.09.19-10.21.36:998][  0]LogInit: Physics initialised using underlying interface: PhysX
[2023.09.19-10.21.36:999][  0]LogInit: Using OS detected language (pl-PL).
[2023.09.19-10.21.36:999][  0]LogInit: Using OS detected locale (pl-PL).
[2023.09.19-10.21.37:000][  0]LogTextLocalizationManager: No specific localization for 'pl-PL' exists, so the 'pl' localization will be used.
[2023.09.19-10.21.37:000][  0]LogTextLocalizationResource: LocRes '../../../Engine/Content/Localization/Editor/pl/Editor.locres' could not be opened for reading!
[2023.09.19-10.21.37:000][  0]LogTextLocalizationResource: LocRes '../../../Engine/Content/Localization/EditorTutorials/pl/EditorTutorials.locres' could not be opened for reading!
[2023.09.19-10.21.37:000][  0]LogTextLocalizationResource: LocRes '../../../Engine/Content/Localization/Keywords/pl/Keywords.locres' could not be opened for reading!
[2023.09.19-10.21.37:000][  0]LogTextLocalizationResource: LocRes '../../../Engine/Content/Localization/Category/pl/Category.locres' could not be opened for reading!
[2023.09.19-10.21.37:000][  0]LogTextLocalizationResource: LocRes '../../../Engine/Content/Localization/ToolTips/pl/ToolTips.locres' could not be opened for reading!
[2023.09.19-10.21.37:001][  0]LogTextLocalizationResource: LocRes '../../../Engine/Content/Localization/PropertyNames/pl/PropertyNames.locres' could not be opened for reading!
[2023.09.19-10.21.37:001][  0]LogTextLocalizationResource: LocRes '../../../Engine/Content/Localization/Engine/pl/Engine.locres' could not be opened for reading!
[2023.09.19-10.21.37:001][  0]LogInit: Setting process to per monitor DPI aware
[2023.09.19-10.21.37:011][  0]LogWindowsTextInputMethodSystem: Display: IME system deactivated.
[2023.09.19-10.21.37:020][  0]LogSlate: New Slate User Created.  User Index 0, Is Virtual User: 0
[2023.09.19-10.21.37:020][  0]LogSlate: Slate User Registered.  User Index 0, Is Virtual User: 0
[2023.09.19-10.21.37:111][  0]LogD3D11RHI: Loaded GFSDK_Aftermath_Lib.x64.dll
[2023.09.19-10.21.37:114][  0]LogHMD: Failed to initialize OpenVR with code 110
[2023.09.19-10.21.37:114][  0]LogD3D11RHI: D3D11 min allowed feature level: 11_0
[2023.09.19-10.21.37:114][  0]LogD3D11RHI: D3D11 max allowed feature level: 11_0
[2023.09.19-10.21.37:114][  0]LogD3D11RHI: D3D11 adapters:
[2023.09.19-10.21.37:262][  0]LogD3D11RHI:    0. 'NVIDIA GeForce RTX 3060' (Feature Level 11_0)
[2023.09.19-10.21.37:262][  0]LogD3D11RHI:       12124/0/16279 MB DedicatedVideo/DedicatedSystem/SharedSystem, Outputs:1, VendorId:0x10de
[2023.09.19-10.21.37:264][  0]LogD3D11RHI:    1. 'Microsoft Basic Render Driver' (Feature Level 11_0)
[2023.09.19-10.21.37:264][  0]LogD3D11RHI:       0/0/16279 MB DedicatedVideo/DedicatedSystem/SharedSystem, Outputs:0, VendorId:0x1414
[2023.09.19-10.21.37:264][  0]LogD3D11RHI: Chosen D3D11 Adapter:
[2023.09.19-10.21.37:264][  0]LogD3D11RHI:     Description : NVIDIA GeForce RTX 3060
[2023.09.19-10.21.37:264][  0]LogD3D11RHI:     VendorId    : 10de
[2023.09.19-10.21.37:264][  0]LogD3D11RHI:     DeviceId    : 2487
[2023.09.19-10.21.37:264][  0]LogD3D11RHI:     SubSysId    : 13a7196e
[2023.09.19-10.21.37:264][  0]LogD3D11RHI:     Revision    : 00a1
[2023.09.19-10.21.37:264][  0]LogD3D11RHI:     DedicatedVideoMemory : 12712935424 bytes
[2023.09.19-10.21.37:264][  0]LogD3D11RHI:     DedicatedSystemMemory : 0 bytes
[2023.09.19-10.21.37:264][  0]LogD3D11RHI:     SharedSystemMemory : 17070678016 bytes
[2023.09.19-10.21.37:264][  0]LogD3D11RHI:     AdapterLuid : 0 85924
[2023.09.19-10.21.37:268][  0]LogD3D11RHI: Creating new Direct3DDevice
[2023.09.19-10.21.37:268][  0]LogD3D11RHI:     GPU DeviceId: 0x2487 (for the marketing name, search the web for "GPU Device Id")
[2023.09.19-10.21.37:268][  0]LogWindows: EnumDisplayDevices:
[2023.09.19-10.21.37:268][  0]LogWindows:    0. 'NVIDIA GeForce RTX 3060' (P:1 D:1)
[2023.09.19-10.21.37:269][  0]LogWindows:    1. 'NVIDIA GeForce RTX 3060' (P:0 D:0)
[2023.09.19-10.21.37:269][  0]LogWindows:    2. 'NVIDIA GeForce RTX 3060' (P:0 D:0)
[2023.09.19-10.21.37:269][  0]LogWindows:    3. 'NVIDIA GeForce RTX 3060' (P:0 D:0)
[2023.09.19-10.21.37:269][  0]LogWindows: DebugString: FoundDriverCount:4 
[2023.09.19-10.21.37:269][  0]LogD3D11RHI:     Adapter Name: NVIDIA GeForce RTX 3060
[2023.09.19-10.21.37:269][  0]LogD3D11RHI:   Driver Version: 536.23 (internal:31.0.15.3623, unified:536.23)
[2023.09.19-10.21.37:269][  0]LogD3D11RHI:      Driver Date: 6-8-2023
[2023.09.19-10.21.37:269][  0]LogRHI: Texture pool is 8486 MB (70% of 12124 MB)
[2023.09.19-10.21.37:269][  0]LogD3D11RHI: Creating D3DDevice using adapter:
[2023.09.19-10.21.37:269][  0]LogD3D11RHI:     Description : NVIDIA GeForce RTX 3060
[2023.09.19-10.21.37:269][  0]LogD3D11RHI:     VendorId    : 10de
[2023.09.19-10.21.37:269][  0]LogD3D11RHI:     DeviceId    : 2487
[2023.09.19-10.21.37:269][  0]LogD3D11RHI:     SubSysId    : 13a7196e
[2023.09.19-10.21.37:269][  0]LogD3D11RHI:     Revision    : 00a1
[2023.09.19-10.21.37:269][  0]LogD3D11RHI:     DedicatedVideoMemory : 12712935424 bytes
[2023.09.19-10.21.37:269][  0]LogD3D11RHI:     DedicatedSystemMemory : 0 bytes
[2023.09.19-10.21.37:269][  0]LogD3D11RHI:     SharedSystemMemory : 17070678016 bytes
[2023.09.19-10.21.37:269][  0]LogD3D11RHI:     AdapterLuid : 0 85924
[2023.09.19-10.21.37:369][  0]LogD3D11RHI: RHI has support for 64 bit atomics
[2023.09.19-10.21.37:370][  0]LogD3D11RHI: Async texture creation enabled
[2023.09.19-10.21.37:370][  0]LogD3D11RHI: Array index from any shader is supported
[2023.09.19-10.21.37:385][  0]LogD3D11RHI: GPU Timing Frequency: 1000.000000 (Debug: 2 1)
[2023.09.19-10.21.37:422][  0]LogRHI: GeForceNow SDK initialized: 1
[2023.09.19-10.21.37:699][  0]LogTargetPlatformManager: Display: Loaded TargetPlatform 'AllDesktop'
[2023.09.19-10.21.37:718][  0]LogTargetPlatformManager: Display: Loaded TargetPlatform 'Android'
[2023.09.19-10.21.37:718][  0]LogTargetPlatformManager: Display: Loaded TargetPlatform 'Android_ASTC'
[2023.09.19-10.21.37:718][  0]LogTargetPlatformManager: Display: Loaded TargetPlatform 'Android_DXT'
[2023.09.19-10.21.37:718][  0]LogTargetPlatformManager: Display: Loaded TargetPlatform 'Android_ETC2'
[2023.09.19-10.21.37:718][  0]LogTargetPlatformManager: Display: Loaded TargetPlatform 'AndroidClient'
[2023.09.19-10.21.37:718][  0]LogTargetPlatformManager: Display: Loaded TargetPlatform 'Android_ASTCClient'
[2023.09.19-10.21.37:718][  0]LogTargetPlatformManager: Display: Loaded TargetPlatform 'Android_DXTClient'
[2023.09.19-10.21.37:718][  0]LogTargetPlatformManager: Display: Loaded TargetPlatform 'Android_ETC2Client'
[2023.09.19-10.21.37:718][  0]LogTargetPlatformManager: Display: Loaded TargetPlatform 'Android_Multi'
[2023.09.19-10.21.37:718][  0]LogTargetPlatformManager: Display: Loaded TargetPlatform 'Android_MultiClient'
[2023.09.19-10.21.37:733][  0]LogTargetPlatformManager: Display: Loaded TargetPlatform 'IOSClient'
[2023.09.19-10.21.37:733][  0]LogTargetPlatformManager: Display: Loaded TargetPlatform 'IOS'
[2023.09.19-10.21.37:741][  0]LogTargetPlatformManager: Display: Loaded TargetPlatform 'Linux'
[2023.09.19-10.21.37:744][  0]LogTargetPlatformManager: Display: Loaded TargetPlatform 'LinuxNoEditor'
[2023.09.19-10.21.37:748][  0]LogTargetPlatformManager: Display: Loaded TargetPlatform 'LinuxClient'
[2023.09.19-10.21.37:752][  0]LogTargetPlatformManager: Display: Loaded TargetPlatform 'LinuxServer'
[2023.09.19-10.21.37:759][  0]LogTargetPlatformManager: Display: Loaded TargetPlatform 'LinuxAArch64NoEditor'
[2023.09.19-10.21.37:763][  0]LogTargetPlatformManager: Display: Loaded TargetPlatform 'LinuxAArch64Client'
[2023.09.19-10.21.37:766][  0]LogTargetPlatformManager: Display: Loaded TargetPlatform 'LinuxAArch64Server'
[2023.09.19-10.21.37:786][  0]LogTargetPlatformManager: Display: Loaded TargetPlatform 'Lumin'
[2023.09.19-10.21.37:786][  0]LogTargetPlatformManager: Display: Loaded TargetPlatform 'LuminClient'
[2023.09.19-10.21.37:792][  0]LogTargetPlatformManager: Display: Loaded TargetPlatform 'MacNoEditor'
[2023.09.19-10.21.37:796][  0]LogTargetPlatformManager: Display: Loaded TargetPlatform 'Mac'
[2023.09.19-10.21.37:799][  0]LogTargetPlatformManager: Display: Loaded TargetPlatform 'MacClient'
[2023.09.19-10.21.37:803][  0]LogTargetPlatformManager: Display: Loaded TargetPlatform 'MacServer'
[2023.09.19-10.21.37:811][  0]LogTargetPlatformManager: Display: Loaded TargetPlatform 'TVOSClient'
[2023.09.19-10.21.37:811][  0]LogTargetPlatformManager: Display: Loaded TargetPlatform 'TVOS'
[2023.09.19-10.21.37:819][  0]LogTargetPlatformManager: Display: Loaded TargetPlatform 'WindowsNoEditor'
[2023.09.19-10.21.37:823][  0]LogTargetPlatformManager: Display: Loaded TargetPlatform 'Windows'
[2023.09.19-10.21.37:826][  0]LogTargetPlatformManager: Display: Loaded TargetPlatform 'WindowsClient'
[2023.09.19-10.21.37:830][  0]LogTargetPlatformManager: Display: Loaded TargetPlatform 'WindowsServer'
[2023.09.19-10.21.37:830][  0]LogTargetPlatformManager: Display: Building Assets For Windows
[2023.09.19-10.21.37:835][  0]LogAudioDebug: Display: Lib vorbis DLL was dynamically loaded.
[2023.09.19-10.21.37:857][  0]LogTextureFormatOodle: Display: Oodle Texture 2.9.0 init RDO Off
[2023.09.19-10.21.37:882][  0]LogRendererCore: Ray tracing is disabled. Reason: r.RayTracing=0.
[2023.09.19-10.21.37:882][  0]LogShaderCompilers: Guid format shader working directory is 28 characters bigger than the processId version (../../../../MyProject3245/Intermediate/Shaders/WorkingDirectory/3196/).
[2023.09.19-10.21.37:882][  0]LogShaderCompilers: Cleaned the shader compiler working directory 'C:/Users/adminBielsko/AppData/Local/Temp/UnrealShaderWorkingDir/BBDCCC9D407612632D62D5AA317F4D54/'.
[2023.09.19-10.21.37:882][  0]LogXGEController: Cannot use XGE Controller as Incredibuild is not installed on this machine.
[2023.09.19-10.21.37:883][  0]LogShaderCompilers: Cannot use XGE Shader Compiler as Incredibuild is not installed on this machine.
[2023.09.19-10.21.37:883][  0]LogShaderCompilers: Display: Using Local Shader Compiler.
[2023.09.19-10.21.38:587][  0]LogDerivedDataCache: Display: Max Cache Size: 512 MB
[2023.09.19-10.21.38:649][  0]LogDerivedDataCache: Loaded boot cache 0.06s 96MB C:/Users/adminBielsko/AppData/Local/UnrealEngine/4.27/DerivedDataCache/Boot.ddc.
[2023.09.19-10.21.38:649][  0]LogDerivedDataCache: Display: Loaded Boot cache: C:/Users/adminBielsko/AppData/Local/UnrealEngine/4.27/DerivedDataCache/Boot.ddc
[2023.09.19-10.21.38:650][  0]LogDerivedDataCache: FDerivedDataBackendGraph:  Pak pak cache file ../../../../MyProject3245/DerivedDataCache/DDC.ddp not found, will not use a pak cache.
[2023.09.19-10.21.38:650][  0]LogDerivedDataCache: Unable to find inner node Pak for hierarchical cache Hierarchy.
[2023.09.19-10.21.38:650][  0]LogDerivedDataCache: FDerivedDataBackendGraph:  CompressedPak pak cache file ../../../../MyProject3245/DerivedDataCache/Compressed.ddp not found, will not use a pak cache.
[2023.09.19-10.21.38:650][  0]LogDerivedDataCache: Unable to find inner node CompressedPak for hierarchical cache Hierarchy.
[2023.09.19-10.21.38:666][  0]LogDerivedDataCache: Display: Pak cache opened for reading ../../../Engine/DerivedDataCache/Compressed.ddp.
[2023.09.19-10.21.38:667][  0]LogDerivedDataCache: FDerivedDataBackendGraph:  EnterprisePak pak cache file ../../../Enterprise/DerivedDataCache/Compressed.ddp not found, will not use a pak cache.
[2023.09.19-10.21.38:667][  0]LogDerivedDataCache: Unable to find inner node EnterprisePak for hierarchical cache Hierarchy.
[2023.09.19-10.21.38:673][  0]LogDerivedDataCache: Speed tests for C:/Users/adminBielsko/AppData/Local/UnrealEngine/Common/DerivedDataCache took 0.01 seconds
[2023.09.19-10.21.38:673][  0]LogDerivedDataCache: Display: Performance to C:/Users/adminBielsko/AppData/Local/UnrealEngine/Common/DerivedDataCache: Latency=0.02ms. RandomReadSpeed=1624.76MBs, RandomWriteSpeed=179.33MBs. Assigned SpeedClass 'Local'
[2023.09.19-10.21.38:674][  0]LogDerivedDataCache: Using Local data cache path C:/Users/adminBielsko/AppData/Local/UnrealEngine/Common/DerivedDataCache: Writable
[2023.09.19-10.21.38:674][  0]LogDerivedDataCache: Shared data cache path not found in *engine.ini, will not use an Shared cache.
[2023.09.19-10.21.38:674][  0]LogDerivedDataCache: Unable to find inner node Shared for hierarchical cache Hierarchy.
[2023.09.19-10.21.38:728][  0]LogSlate: Using FreeType 2.10.0
[2023.09.19-10.21.38:729][  0]LogSlate: SlateFontServices - WITH_FREETYPE: 1, WITH_HARFBUZZ: 1
[2023.09.19-10.21.38:750][  0]LogAssetRegistry: FAssetRegistry took 0.0026 seconds to start up
[2023.09.19-10.21.38:997][  0]LogInit: Selected Device Profile: [Windows]
[2023.09.19-10.21.38:997][  0]LogInit: Active device profile: [0000023A53773C00][0000023A52817780 49] Windows
[2023.09.19-10.21.38:997][  0]LogInit: Profiles: [0000023A53773C00][0000023A52817780 49] Windows, [0000023A53724600][0000023A52BAD900 49] WindowsNoEditor, [0000023A53770500][0000023A5291FA80 49] WindowsServer, [0000023A53727B00][0000023A52923C00 49] WindowsClient, [0000023A53773A00][0000023A5292A200 49] IOS, [0000023A53724900][0000023A52BA8340 49] iPadAir, [0000023A53770800][0000023A505A2480 49] iPadAir2, [0000023A536B0C00][0000023A505AA6C0 49] IPadPro, [0000023A536B0D00][0000023A505A6700 49] iPadAir3, [0000023A53773700][0000023A505B6880 49] iPadAir4, [0000023A536B0900][0000023A505BAA00 49] iPadMini2, [0000023A53770900][0000023A52B1CB80 49] iPadMini3, [0000023A536B1600][0000023A52B20D00 49] iPadMini4, [0000023A53773400][0000023A52B24E80 49] iPadMini5, [0000023A53726F00][0000023A52B2D140 49] iPhone6, [0000023A53726E00][0000023A52B29180 49] iPodTouch6, [0000023A536B3900][0000023A52B35440 49] iPhone7, [0000023A536B3500][0000023A52B31480 49] iPodTouch7, [0000023A53727900][0000023A4EAAD600 49] iPhone5S, [0000023A536B0400][0000023A4EAB1780 49] iPhone6Plus, [0000023A53725000][0000023A4EAE3900 49] iPhone6S, [0000023A536B2F00][0000023A4EAF3A80 49] iPhone6SPlus, [0000023A53725C00][0000023A4EAF7C00 49] iPhone7Plus, [0000023A536B1100][0000023A4EAFA200 49] iPhoneSE, [0000023A53726300][0000023A4ED04380 49] iPhone8, [0000023A536B2A00][0000023A4ED08500 49] iPhone8Plus, [0000023A53724B00][0000023A505B2640 49] iPhoneX, [0000023A536B2500][0000023A533C6780 49] iPhoneXS, [0000023A53726000][0000023A533CA8C0 49] iPhoneXSMax, [0000023A536B3D00][0000023A4ED10A40 49] iPhoneXR, [0000023A53725500][0000023A4ED18BC0 49] iPhone11, [0000023A536B1E00][0000023A4ED1CD40 49] iPhone11Pro, [0000023A53724200][0000023A4ED20EC0 49] iPhone11ProMax, [0000023A536B3400][0000023A4ED25040 49] iPhoneSE2, [0000023A53727800][0000023A52B651C0 49] iPhone12Mini, [0000023A536B0E00][0000023A52B69340 49] iPhone12, [0000023A53724E00][0000023A52B6D4C0 49] iPhone12Pro, [0000023A536B2C00][0000023A52B71640 49] iPhone12ProMax, [0000023A53725100][0000023A52B757C0 49] iPadPro105, [0000023A536B3C00][0000023A52B79940 49] iPadPro129, [0000023A53724A00][0000023A52B7DAC0 49] iPadPro97, [0000023A536B1700][0000023A52B800C0 49] iPadPro2_129, [0000023A53727500][0000023A52B60240 49] iPad5, [0000023A536B1D00][0000023A4ED143C0 49] iPad6, [0000023A53725B00][0000023A52D34540 49] iPad7, [0000023A536B2800][0000023A52D386C0 49] iPad8, [0000023A53727200][0000023A4ED0C800 49] iPadPro11, [0000023A536B2B00][0000023A52D3C940 49] iPadPro2_11, [0000023A53724300][0000023A52926A80 49] iPadPro3_129, [0000023A536B0500][0000023A52FA8BC0 49] iPadPro4_129, [0000023A53727300][0000023A52D40D40 49] AppleTV, [0000023A536B1400][0000023A52D44EC0 49] AppleTV4K, [0000023A53725900][0000023A52D49040 49] TVOS, [0000023A536B3A00][0000023A52D4D1C0 49] Mac, [0000023A53727C00][0000023A527B1340 49] MacClient, [0000023A536B3600][0000023A527B54C0 49] MacNoEditor, [0000023A53727A00][0000023A527B9640 49] MacServer, [0000023A536B3000][0000023A527BD7C0 49] Linux, [0000023A53726C00][0000023A527C1940 49] LinuxAArch64, [0000023A536B1000][0000023A527C5AC0 49] LinuxNoEditor, [0000023A53727100][0000023A527C80C0 49] LinuxAArch64NoEditor, [0000023A536B3F00][0000023A527CC240 49] LinuxClient, [0000023A53727400][0000023A52C543C0 49] LinuxAArch64Client, [0000023A536B2300][0000023A52C58540 49] LinuxServer, [0000023A53724C00][0000023A52C5C6C0 49] LinuxAArch64Server, [0000023A536B0200][0000023A52C60840 49] Android, [0000023A53726200][0000023A52FAC980 49] Android_Low, [0000023A53771100][0000023A52C64AC0 49] Android_Mid, [0000023A537C6500][0000023A52C68C00 49] Android_High, [0000023A53772600][0000023A52C6CD40 49] Android_Default, [0000023A537C5300][0000023A52C74EC0 49] Android_Adreno4xx, [0000023A53770700][0000023A52C79040 49] Android_Adreno5xx_Low, [0000023A537C5100][0000023A52C7D1C0 49] Android_Adreno5xx, [0000023A53772700][0000023A52C81340 49] Android_Adreno6xx, [0000023A537C6600][0000023A52C854C0 49] Android_Adreno6xx_Vulkan, [0000023A53770A00][0000023A52C89640 49] Android_Mali_T6xx, [0000023A537C4D00][0000023A4EA717C0 49] Android_Mali_T7xx, [0000023A53771000][0000023A4EA75940 49] Android_Mali_T8xx, [0000023A537C6300][0000023A4EA79AC0 49] Android_Mali_G71, [0000023A53773F00][0000023A4EA7C0C0 49] Android_Mali_G72, [0000023A537C4B00][0000023A4EA80240 49] Android_Mali_G72_Vulkan, [0000023A53770B00][0000023A4EA843C0 49] Android_Mali_G76, [0000023A537C4700][0000023A4EA88540 49] Android_Mali_G76_Vulkan, [0000023A53772500][0000023A4EA8C6C0 49] Android_Mali_G77, [0000023A537C5C00][0000023A4EA90840 49] Android_Mali_G77_Vulkan, [0000023A53772F00][0000023A4EA949C0 49] Android_Mali_G78, [0000023A537C5700][0000023A4EA98B40 49] Android_Mali_G78_Vulkan, [0000023A53726800][0000023A52C70C80 49] Android_Mali_G710, [0000023A536B0800][0000023A4EA9CDC0 49] Android_Mali_G710_Vulkan, [0000023A53724100][0000023A4EAA0F00 49] Android_Vulkan_SM5, [0000023A537C4F00][0000023A4EAA9080 49] Android_PowerVR_G6xxx, [0000023A53726600][0000023A50567200 49] Android_PowerVR_GT7xxx, [0000023A537C4100][0000023A5056B380 49] Android_PowerVR_GE8xxx, [0000023A53725F00][0000023A5056F500 49] Android_PowerVR_GM9xxx, [0000023A537C6400][0000023A50573680 49] Android_PowerVR_GM9xxx_Vulkan, [0000023A53726400][0000023A50577800 49] Android_TegraK1, [0000023A537C5800][0000023A5057B980 49] Android_Unknown_Vulkan, [0000023A53727E00][0000023A5057FB00 49] Lumin, [0000023A537C4C00][0000023A50582100 49] Lumin_Desktop, [0000023A53724400][0000023A50586280 49] HoloLens, 
[2023.09.19-10.21.39:111][  0]LogMeshReduction: Using QuadricMeshReduction for automatic static mesh reduction
[2023.09.19-10.21.39:111][  0]LogMeshReduction: Using SimplygonMeshReduction for automatic skeletal mesh reduction
[2023.09.19-10.21.39:111][  0]LogMeshReduction: Using ProxyLODMeshReduction for automatic mesh merging
[2023.09.19-10.21.39:111][  0]LogMeshReduction: No distributed automatic mesh merging module available
[2023.09.19-10.21.39:111][  0]LogMeshMerging: No distributed automatic mesh merging module available
[2023.09.19-10.21.39:184][  0]LogNetVersion: MyProject3245 1.0.0, NetCL: 17155196, EngineNetVer: 17, GameNetVer: 0 (Checksum: 2539717342)
[2023.09.19-10.21.39:530][  0]LogTexture: Default maximum texture size for cubemaps generated from long-lat sources has been changed from 512 to unlimited. In order to preserve old behaiour for '/Engine/MapTemplates/Sky/DaylightAmbientCubemap.DaylightAmbientCubemap', its maximum texture size has been explicitly set to 512.
[2023.09.19-10.21.39:587][  0]LogHMD: PokeAHoleMaterial loaded successfully
[2023.09.19-10.21.39:594][  0]LogUObjectArray: 17178 objects as part of root set at end of initial load.
[2023.09.19-10.21.39:594][  0]LogUObjectAllocator: 4302048 out of 0 bytes used by permanent object pool.
[2023.09.19-10.21.39:594][  0]LogUObjectArray: CloseDisregardForGC: 0/0 objects in disregard for GC pool
[2023.09.19-10.21.39:817][  0]LogNiagaraDebuggerClient: Niagara Debugger Client Initialized | Session: 0326EE2C4D43F74171874984191E722D | Instance: 949ED2054C8544C7591E6698F85C941C (DESKTOP-R9VF7HV-3196).
[2023.09.19-10.21.39:913][  0]LogTcpMessaging: Initializing TcpMessaging bridge
[2023.09.19-10.21.39:917][  0]LogUdpMessaging: Initializing bridge on interface 0.0.0.0:0 to multicast group 230.0.0.1:6666.
[2023.09.19-10.21.39:927][  0]LogPython: Using Python 3.7.7
[2023.09.19-10.21.40:534][  0]SourceControl: Source control is disabled
[2023.09.19-10.21.40:534][  0]SourceControl: Source control is disabled
[2023.09.19-10.21.40:539][  0]SourceControl: Source control is disabled
[2023.09.19-10.21.40:547][  0]SourceControl: Source control is disabled
[2023.09.19-10.21.40:549][  0]SourceControl: Source control is disabled
[2023.09.19-10.21.40:554][  0]LogUProjectInfo: Found projects:
[2023.09.19-10.21.40:731][  0]LogOpenImageDenoise: OIDN starting up
[2023.09.19-10.21.40:749][  0]LogAndroidPermission: UAndroidPermissionCallbackProxy::GetInstance
[2023.09.19-10.21.40:764][  0]LogAudioCaptureCore: Display: No Audio Capture implementations found. Audio input will be silent.
[2023.09.19-10.21.40:764][  0]LogAudioCaptureCore: Display: No Audio Capture implementations found. Audio input will be silent.
[2023.09.19-10.21.40:887][  0]LogCollectionManager: Loaded 0 collections in 0.001544 seconds
[2023.09.19-10.21.40:908][  0]LogFileCache: Scanning file cache for directory 'D:/MyProject3245/Saved/Collections/' took 0.00s
[2023.09.19-10.21.40:908][  0]LogFileCache: Scanning file cache for directory 'D:/MyProject3245/Content/Developers/adminBielsko/Collections/' took 0.00s
[2023.09.19-10.21.40:908][  0]LogFileCache: Scanning file cache for directory 'D:/MyProject3245/Content/Collections/' took 0.00s
[2023.09.19-10.21.40:908][  0]LogOcInput: OculusInput pre-init called
[2023.09.19-10.21.41:107][  0]LogEngine: Initializing Engine...
[2023.09.19-10.21.41:166][  0]LogHMD: Failed to enumerate extensions. Please check that you have a valid OpenXR runtime installed.
[2023.09.19-10.21.41:166][  0]LogHMD: Failed to initialize OpenVR with code 110
[2023.09.19-10.21.41:166][  0]LogMagicLeap: Warning: VR disabled because ZI is not enabled.  To enable, in the editor, Edit -> Project Settings -> Plugins -> Magic Leap Plugin -> Enable Zero Iteration
[2023.09.19-10.21.41:167][  0]LogStats: UGameplayTagsManager::InitializeManager -  0.000 s
[2023.09.19-10.21.41:288][  0]LogInit: Initializing FReadOnlyCVARCache
[2023.09.19-10.21.41:295][  0]LogAIModule: Creating AISystem for world Untitled
[2023.09.19-10.21.41:299][  0]LogAudio: Display: Initializing Audio Device Manager...
[2023.09.19-10.21.41:302][  0]LogAudio: Display: Loading Default Audio Settings Objects...
[2023.09.19-10.21.41:302][  0]LogAudio: Display: No default SoundConcurrencyObject specified (or failed to load).
[2023.09.19-10.21.41:303][  0]LogAudio: Display: Audio Device Manager Initialized
[2023.09.19-10.21.41:303][  0]LogAudio: Display: Creating Audio Device:                 Id: 1, Scope: Shared, Realtime: True
[2023.09.19-10.21.41:303][  0]LogAudioMixer: Display: Audio Mixer Platform Settings:
[2023.09.19-10.21.41:303][  0]LogAudioMixer: Display: 	Sample Rate:						  48000
[2023.09.19-10.21.41:303][  0]LogAudioMixer: Display: 	Callback Buffer Frame Size Requested: 1024
[2023.09.19-10.21.41:303][  0]LogAudioMixer: Display: 	Callback Buffer Frame Size To Use:	  1024
[2023.09.19-10.21.41:303][  0]LogAudioMixer: Display: 	Number of buffers to queue:			  2
[2023.09.19-10.21.41:303][  0]LogAudioMixer: Display: 	Max Channels (voices):				  32
[2023.09.19-10.21.41:303][  0]LogAudioMixer: Display: 	Number of Async Source Workers:		  0
[2023.09.19-10.21.41:303][  0]LogAudio: Display: AudioDevice MaxSources: 32
[2023.09.19-10.21.41:303][  0]LogAudio: Display: Audio Spatialization Plugin: None (built-in).
[2023.09.19-10.21.41:303][  0]LogAudio: Display: Audio Reverb Plugin: None (built-in).
[2023.09.19-10.21.41:303][  0]LogAudio: Display: Audio Occlusion Plugin: None (built-in).
[2023.09.19-10.21.41:303][  0]LogAudioMixer: Display: Initializing audio mixer.
[2023.09.19-10.21.41:314][  0]LogAudioMixer: Display: 0: FrontLeft
[2023.09.19-10.21.41:314][  0]LogAudioMixer: Display: 1: FrontRight
[2023.09.19-10.21.41:343][  0]LogAudioMixer: Display: Using Audio Device VG248 (NVIDIA High Definition Audio)
[2023.09.19-10.21.41:345][  0]LogAudioMixer: Display: Initializing Sound Submixes...
[2023.09.19-10.21.41:347][  0]LogAudioMixer: Display: Creating Master Submix 'MasterSubmixDefault'
[2023.09.19-10.21.41:347][  0]LogAudioMixer: Display: Creating Master Submix 'MasterReverbSubmixDefault'
[2023.09.19-10.21.41:347][  0]LogAudioMixer: Display: Creating Master Submix 'MasterEQSubmixDefault'
[2023.09.19-10.21.41:347][  0]LogAudioMixer: FMixerPlatformXAudio2::StartAudioStream() called
[2023.09.19-10.21.41:347][  0]LogAudioMixer: Display: Output buffers initialized: Frames=1024, Channels=2, Samples=2048
[2023.09.19-10.21.41:348][  0]LogAudioMixer: Display: Starting AudioMixerPlatformInterface::RunInternal()
[2023.09.19-10.21.41:348][  0]LogAudioMixer: Display: FMixerPlatformXAudio2::SubmitBuffer() called for the first time
[2023.09.19-10.21.41:348][  0]LogInit: FAudioDevice initialized.
[2023.09.19-10.21.41:348][  0]LogAudio: Display: Audio Device (ID: 1) registered with world 'Untitled'.
[2023.09.19-10.21.41:348][  0]LogNetVersion: Set ProjectVersion to 1.0.0.0. Version Checksum will be recalculated on next use.
[2023.09.19-10.21.41:429][  0]LogDerivedDataCache: Saved boot cache 0.08s 94MB C:/Users/adminBielsko/AppData/Local/UnrealEngine/4.27/DerivedDataCache/Boot.ddc.
[2023.09.19-10.21.41:429][  0]LogInit: Texture streaming: Enabled
[2023.09.19-10.21.41:440][  0]LogAnalytics: Display: [UEEditor.Rocket.Release] APIServer = https://datarouter.ol.epicgames.com/. AppVersion = 4.27.2-18319896+++UE4+Release-4.27
[2023.09.19-10.21.41:443][  0]LogEngineSessionManager: EngineSessionManager initialized
[2023.09.19-10.21.41:443][  0]LogEditorSessionSummary: Verbose: Initializing EditorSessionSummaryWriter for editor session tracking
[2023.09.19-10.21.41:444][  0]LogEditorSessionSummary: EditorSessionSummaryWriter initialized
[2023.09.19-10.21.41:461][  0]LogInit: Transaction tracking system initialized
[2023.09.19-10.21.41:479][  0]BlueprintLog: New page: Editor Load
[2023.09.19-10.21.41:527][  0]LocalizationService: Localization service is disabled
[2023.09.19-10.21.41:546][  0]TimingProfiler: Initialize
[2023.09.19-10.21.41:546][  0]TimingProfiler: OnSessionChanged
[2023.09.19-10.21.41:546][  0]LoadingProfiler: Initialize
[2023.09.19-10.21.41:546][  0]LoadingProfiler: OnSessionChanged
[2023.09.19-10.21.41:546][  0]NetworkingProfiler: Initialize
[2023.09.19-10.21.41:546][  0]NetworkingProfiler: OnSessionChanged
[2023.09.19-10.21.41:546][  0]MemoryProfiler: Initialize
[2023.09.19-10.21.41:546][  0]MemoryProfiler: OnSessionChanged
[2023.09.19-10.21.41:662][  0]LogCook: Display: CookSettings for Memory: MemoryMaxUsedVirtual 0MiB, MemoryMaxUsedPhysical 16384MiB, MemoryMinFreeVirtual 0MiB, MemoryMinFreePhysical 1024MiB
[2023.09.19-10.21.41:662][  0]LogCook: Display: Mobile HDR setting 1
[2023.09.19-10.21.41:820][  0]LogFileCache: Scanning file cache for directory 'D:/MyProject3245/Content/' took 0.01s
[2023.09.19-10.21.41:970][  0]LogInit: Display: Engine is initialized. Leaving FEngineLoop::Init()
[2023.09.19-10.21.41:973][  0]SourceControl: Source control is disabled
[2023.09.19-10.21.41:973][  0]LogUnrealEdMisc: Loading editor; pre map load, took 5.837
[2023.09.19-10.21.41:973][  0]Cmd: MAP LOAD FILE="../../../../MyProject3245/Content/StarterContent/Maps/Minimal_Default.umap" TEMPLATE=0 SHOWPROGRESS=1 FEATURELEVEL=3
[2023.09.19-10.21.41:973][  0]LightingResults: New page: Lighting Build
[2023.09.19-10.21.41:975][  0]LogWorld: UWorld::CleanupWorld for Untitled, bSessionEnded=true, bCleanupResources=true
[2023.09.19-10.21.41:975][  0]LogSlate: InvalidateAllWidgets triggered.  All widgets were invalidated
[2023.09.19-10.21.41:975][  0]MapCheck: New page: Map Check
[2023.09.19-10.21.41:975][  0]LightingResults: New page: Lighting Build
[2023.09.19-10.21.41:979][  0]LogAudio: Display: Audio Device unregistered from world 'None'.
[2023.09.19-10.21.41:982][  0]LogUObjectHash: Compacting FUObjectHashTables data took   0.78ms
[2023.09.19-10.21.42:048][  0]LogAudio: Display: Audio Device (ID: 1) registered with world 'Minimal_Default'.
[2023.09.19-10.21.42:049][  0]LogAIModule: Creating AISystem for world Minimal_Default
[2023.09.19-10.21.42:057][  0]LogEditorServer: Finished looking for orphan Actors (0.000 secs)
[2023.09.19-10.21.42:066][  0]LogUObjectHash: Compacting FUObjectHashTables data took   0.68ms
[2023.09.19-10.21.42:066][  0]Cmd: MAP CHECKDEP NOCLEARLOG
[2023.09.19-10.21.42:066][  0]MapCheck: Map check complete: 0 Error(s), 0 Warning(s), took 0,102ms to complete.
[2023.09.19-10.21.42:066][  0]LogFileHelpers: Loading map 'Minimal_Default' took 0.094
[2023.09.19-10.21.42:068][  0]LogUnrealEdMisc: Total Editor Startup Time, took 5.932
[2023.09.19-10.21.42:213][  0]LogSlate: Updating window title bar state: overlay mode, drag disabled, window buttons hidden, title bar hidden
[2023.09.19-10.21.42:222][  0]LogSlate: Updating window title bar state: overlay mode, drag disabled, window buttons hidden, title bar hidden
[2023.09.19-10.21.42:228][  0]LogSlate: Updating window title bar state: overlay mode, drag disabled, window buttons hidden, title bar hidden
[2023.09.19-10.21.42:233][  0]LogSlate: Updating window title bar state: overlay mode, drag disabled, window buttons hidden, title bar hidden
[2023.09.19-10.21.42:276][  0]LogNativeClassHierarchy: Verbose: Native class hierarchy populated in 0.0092 seconds. Added 3822 classes and 928 folders.
[2023.09.19-10.21.42:282][  0]LogNativeClassHierarchy: Verbose: Native class hierarchy updated for 'WidgetCarousel' in 0.0003 seconds. Added 0 classes and 0 folders.
[2023.09.19-10.21.42:301][  0]LogPakFile: PakFile PrimaryIndexSize=187
[2023.09.19-10.21.42:301][  0]LogPakFile: PakFile PathHashIndexSize=101
[2023.09.19-10.21.42:301][  0]LogPakFile: PakFile FullDirectoryIndexSize=148
[2023.09.19-10.21.42:301][  0]LogShaderLibrary: Display: ShaderCodeLibraryPakFileMountedCallback: PakFile 'D:/UE_4.27/FeaturePacks/FP_FirstPerson.upack' (chunk index -1, root 'root:/') mounted
[2023.09.19-10.21.42:301][  0]LogShaderLibrary: Display: ShaderCodeLibraryPakFileMountedCallback: pending pak file info (ChunkID:-1 Root:root:/ File:D:/UE_4.27/FeaturePacks/FP_FirstPerson.upack)
[2023.09.19-10.21.42:301][  0]LogPakFile: OnPakFileMounted2Time == 0.000062
[2023.09.19-10.21.42:312][  0]LogPakFile: PakFile PrimaryIndexSize=189
[2023.09.19-10.21.42:312][  0]LogPakFile: PakFile PathHashIndexSize=101
[2023.09.19-10.21.42:312][  0]LogPakFile: PakFile FullDirectoryIndexSize=152
[2023.09.19-10.21.42:312][  0]LogShaderLibrary: Display: ShaderCodeLibraryPakFileMountedCallback: PakFile 'D:/UE_4.27/FeaturePacks/FP_FirstPersonBP.upack' (chunk index -1, root 'root:/') mounted
[2023.09.19-10.21.42:312][  0]LogShaderLibrary: Display: ShaderCodeLibraryPakFileMountedCallback: pending pak file info (ChunkID:-1 Root:root:/ File:D:/UE_4.27/FeaturePacks/FP_FirstPersonBP.upack)
[2023.09.19-10.21.42:312][  0]LogPakFile: OnPakFileMounted2Time == 0.000052
[2023.09.19-10.21.42:318][  0]LogPakFile: PakFile PrimaryIndexSize=191
[2023.09.19-10.21.42:318][  0]LogPakFile: PakFile PathHashIndexSize=101
[2023.09.19-10.21.42:318][  0]LogPakFile: PakFile FullDirectoryIndexSize=160
[2023.09.19-10.21.42:318][  0]LogShaderLibrary: Display: ShaderCodeLibraryPakFileMountedCallback: PakFile 'D:/UE_4.27/FeaturePacks/MobileStarterContent.upack' (chunk index -1, root 'root:/') mounted
[2023.09.19-10.21.42:318][  0]LogShaderLibrary: Display: ShaderCodeLibraryPakFileMountedCallback: pending pak file info (ChunkID:-1 Root:root:/ File:D:/UE_4.27/FeaturePacks/MobileStarterContent.upack)
[2023.09.19-10.21.42:319][  0]LogPakFile: OnPakFileMounted2Time == 0.000047
[2023.09.19-10.21.42:325][  0]LogPakFile: PakFile PrimaryIndexSize=185
[2023.09.19-10.21.42:325][  0]LogPakFile: PakFile PathHashIndexSize=101
[2023.09.19-10.21.42:325][  0]LogPakFile: PakFile FullDirectoryIndexSize=148
[2023.09.19-10.21.42:325][  0]LogShaderLibrary: Display: ShaderCodeLibraryPakFileMountedCallback: PakFile 'D:/UE_4.27/FeaturePacks/StarterContent.upack' (chunk index -1, root 'root:/') mounted
[2023.09.19-10.21.42:325][  0]LogShaderLibrary: Display: ShaderCodeLibraryPakFileMountedCallback: pending pak file info (ChunkID:-1 Root:root:/ File:D:/UE_4.27/FeaturePacks/StarterContent.upack)
[2023.09.19-10.21.42:325][  0]LogPakFile: OnPakFileMounted2Time == 0.000046
[2023.09.19-10.21.42:331][  0]LogPakFile: PakFile PrimaryIndexSize=190
[2023.09.19-10.21.42:331][  0]LogPakFile: PakFile PathHashIndexSize=101
[2023.09.19-10.21.42:331][  0]LogPakFile: PakFile FullDirectoryIndexSize=154
[2023.09.19-10.21.42:331][  0]LogShaderLibrary: Display: ShaderCodeLibraryPakFileMountedCallback: PakFile 'D:/UE_4.27/FeaturePacks/TP_2DSideScroller.upack' (chunk index -1, root 'root:/') mounted
[2023.09.19-10.21.42:331][  0]LogShaderLibrary: Display: ShaderCodeLibraryPakFileMountedCallback: pending pak file info (ChunkID:-1 Root:root:/ File:D:/UE_4.27/FeaturePacks/TP_2DSideScroller.upack)
[2023.09.19-10.21.42:331][  0]LogPakFile: OnPakFileMounted2Time == 0.000044
[2023.09.19-10.21.42:338][  0]LogPakFile: PakFile PrimaryIndexSize=192
[2023.09.19-10.21.42:338][  0]LogPakFile: PakFile PathHashIndexSize=101
[2023.09.19-10.21.42:338][  0]LogPakFile: PakFile FullDirectoryIndexSize=158
[2023.09.19-10.21.42:338][  0]LogShaderLibrary: Display: ShaderCodeLibraryPakFileMountedCallback: PakFile 'D:/UE_4.27/FeaturePacks/TP_2DSideScrollerBP.upack' (chunk index -1, root 'root:/') mounted
[2023.09.19-10.21.42:338][  0]LogShaderLibrary: Display: ShaderCodeLibraryPakFileMountedCallback: pending pak file info (ChunkID:-1 Root:root:/ File:D:/UE_4.27/FeaturePacks/TP_2DSideScrollerBP.upack)
[2023.09.19-10.21.42:338][  0]LogPakFile: OnPakFileMounted2Time == 0.000042
[2023.09.19-10.21.42:345][  0]LogPakFile: PakFile PrimaryIndexSize=182
[2023.09.19-10.21.42:345][  0]LogPakFile: PakFile PathHashIndexSize=101
[2023.09.19-10.21.42:345][  0]LogPakFile: PakFile FullDirectoryIndexSize=138
[2023.09.19-10.21.42:345][  0]LogShaderLibrary: Display: ShaderCodeLibraryPakFileMountedCallback: PakFile 'D:/UE_4.27/FeaturePacks/TP_Flying.upack' (chunk index -1, root 'root:/') mounted
[2023.09.19-10.21.42:345][  0]LogShaderLibrary: Display: ShaderCodeLibraryPakFileMountedCallback: pending pak file info (ChunkID:-1 Root:root:/ File:D:/UE_4.27/FeaturePacks/TP_Flying.upack)
[2023.09.19-10.21.42:345][  0]LogPakFile: OnPakFileMounted2Time == 0.000041
[2023.09.19-10.21.42:353][  0]LogPakFile: PakFile PrimaryIndexSize=184
[2023.09.19-10.21.42:353][  0]LogPakFile: PakFile PathHashIndexSize=101
[2023.09.19-10.21.42:353][  0]LogPakFile: PakFile FullDirectoryIndexSize=142
[2023.09.19-10.21.42:353][  0]LogShaderLibrary: Display: ShaderCodeLibraryPakFileMountedCallback: PakFile 'D:/UE_4.27/FeaturePacks/TP_FlyingBP.upack' (chunk index -1, root 'root:/') mounted
[2023.09.19-10.21.42:353][  0]LogShaderLibrary: Display: ShaderCodeLibraryPakFileMountedCallback: pending pak file info (ChunkID:-1 Root:root:/ File:D:/UE_4.27/FeaturePacks/TP_FlyingBP.upack)
[2023.09.19-10.21.42:353][  0]LogPakFile: OnPakFileMounted2Time == 0.000044
[2023.09.19-10.21.42:361][  0]LogPakFile: PakFile PrimaryIndexSize=188
[2023.09.19-10.21.42:361][  0]LogPakFile: PakFile PathHashIndexSize=101
[2023.09.19-10.21.42:361][  0]LogPakFile: PakFile FullDirectoryIndexSize=150
[2023.09.19-10.21.42:361][  0]LogShaderLibrary: Display: ShaderCodeLibraryPakFileMountedCallback: PakFile 'D:/UE_4.27/FeaturePacks/TP_HandheldARBP.upack' (chunk index -1, root 'root:/') mounted
[2023.09.19-10.21.42:361][  0]LogShaderLibrary: Display: ShaderCodeLibraryPakFileMountedCallback: pending pak file info (ChunkID:-1 Root:root:/ File:D:/UE_4.27/FeaturePacks/TP_HandheldARBP.upack)
[2023.09.19-10.21.42:361][  0]LogPakFile: OnPakFileMounted2Time == 0.000043
[2023.09.19-10.21.42:372][  0]LogPakFile: PakFile PrimaryIndexSize=182
[2023.09.19-10.21.42:372][  0]LogPakFile: PakFile PathHashIndexSize=101
[2023.09.19-10.21.42:372][  0]LogPakFile: PakFile FullDirectoryIndexSize=138
[2023.09.19-10.21.42:372][  0]LogShaderLibrary: Display: ShaderCodeLibraryPakFileMountedCallback: PakFile 'D:/UE_4.27/FeaturePacks/TP_Puzzle.upack' (chunk index -1, root 'root:/') mounted
[2023.09.19-10.21.42:372][  0]LogShaderLibrary: Display: ShaderCodeLibraryPakFileMountedCallback: pending pak file info (ChunkID:-1 Root:root:/ File:D:/UE_4.27/FeaturePacks/TP_Puzzle.upack)
[2023.09.19-10.21.42:372][  0]LogPakFile: OnPakFileMounted2Time == 0.000049
[2023.09.19-10.21.42:379][  0]LogPakFile: PakFile PrimaryIndexSize=184
[2023.09.19-10.21.42:379][  0]LogPakFile: PakFile PathHashIndexSize=101
[2023.09.19-10.21.42:379][  0]LogPakFile: PakFile FullDirectoryIndexSize=142
[2023.09.19-10.21.42:379][  0]LogShaderLibrary: Display: ShaderCodeLibraryPakFileMountedCallback: PakFile 'D:/UE_4.27/FeaturePacks/TP_PuzzleBP.upack' (chunk index -1, root 'root:/') mounted
[2023.09.19-10.21.42:379][  0]LogShaderLibrary: Display: ShaderCodeLibraryPakFileMountedCallback: pending pak file info (ChunkID:-1 Root:root:/ File:D:/UE_4.27/FeaturePacks/TP_PuzzleBP.upack)
[2023.09.19-10.21.42:379][  0]LogPakFile: OnPakFileMounted2Time == 0.000042
[2023.09.19-10.21.42:384][  0]LogPakFile: PakFile PrimaryIndexSize=183
[2023.09.19-10.21.42:384][  0]LogPakFile: PakFile PathHashIndexSize=101
[2023.09.19-10.21.42:385][  0]LogPakFile: PakFile FullDirectoryIndexSize=140
[2023.09.19-10.21.42:385][  0]LogShaderLibrary: Display: ShaderCodeLibraryPakFileMountedCallback: PakFile 'D:/UE_4.27/FeaturePacks/TP_Rolling.upack' (chunk index -1, root 'root:/') mounted
[2023.09.19-10.21.42:385][  0]LogShaderLibrary: Display: ShaderCodeLibraryPakFileMountedCallback: pending pak file info (ChunkID:-1 Root:root:/ File:D:/UE_4.27/FeaturePacks/TP_Rolling.upack)
[2023.09.19-10.21.42:385][  0]LogPakFile: OnPakFileMounted2Time == 0.000046
[2023.09.19-10.21.42:390][  0]LogPakFile: PakFile PrimaryIndexSize=185
[2023.09.19-10.21.42:390][  0]LogPakFile: PakFile PathHashIndexSize=101
[2023.09.19-10.21.42:390][  0]LogPakFile: PakFile FullDirectoryIndexSize=144
[2023.09.19-10.21.42:390][  0]LogShaderLibrary: Display: ShaderCodeLibraryPakFileMountedCallback: PakFile 'D:/UE_4.27/FeaturePacks/TP_RollingBP.upack' (chunk index -1, root 'root:/') mounted
[2023.09.19-10.21.42:390][  0]LogShaderLibrary: Display: ShaderCodeLibraryPakFileMountedCallback: pending pak file info (ChunkID:-1 Root:root:/ File:D:/UE_4.27/FeaturePacks/TP_RollingBP.upack)
[2023.09.19-10.21.42:390][  0]LogPakFile: OnPakFileMounted2Time == 0.000041
[2023.09.19-10.21.42:397][  0]LogPakFile: PakFile PrimaryIndexSize=188
[2023.09.19-10.21.42:397][  0]LogPakFile: PakFile PathHashIndexSize=101
[2023.09.19-10.21.42:397][  0]LogPakFile: PakFile FullDirectoryIndexSize=150
[2023.09.19-10.21.42:397][  0]LogShaderLibrary: Display: ShaderCodeLibraryPakFileMountedCallback: PakFile 'D:/UE_4.27/FeaturePacks/TP_SideScroller.upack' (chunk index -1, root 'root:/') mounted
[2023.09.19-10.21.42:397][  0]LogShaderLibrary: Display: ShaderCodeLibraryPakFileMountedCallback: pending pak file info (ChunkID:-1 Root:root:/ File:D:/UE_4.27/FeaturePacks/TP_SideScroller.upack)
[2023.09.19-10.21.42:397][  0]LogPakFile: OnPakFileMounted2Time == 0.000111
[2023.09.19-10.21.42:403][  0]LogPakFile: PakFile PrimaryIndexSize=190
[2023.09.19-10.21.42:403][  0]LogPakFile: PakFile PathHashIndexSize=101
[2023.09.19-10.21.42:403][  0]LogPakFile: PakFile FullDirectoryIndexSize=154
[2023.09.19-10.21.42:403][  0]LogShaderLibrary: Display: ShaderCodeLibraryPakFileMountedCallback: PakFile 'D:/UE_4.27/FeaturePacks/TP_SideScrollerBP.upack' (chunk index -1, root 'root:/') mounted
[2023.09.19-10.21.42:403][  0]LogShaderLibrary: Display: ShaderCodeLibraryPakFileMountedCallback: pending pak file info (ChunkID:-1 Root:root:/ File:D:/UE_4.27/FeaturePacks/TP_SideScrollerBP.upack)
[2023.09.19-10.21.42:403][  0]LogPakFile: OnPakFileMounted2Time == 0.000041
[2023.09.19-10.21.42:409][  0]LogPakFile: PakFile PrimaryIndexSize=187
[2023.09.19-10.21.42:409][  0]LogPakFile: PakFile PathHashIndexSize=101
[2023.09.19-10.21.42:409][  0]LogPakFile: PakFile FullDirectoryIndexSize=148
[2023.09.19-10.21.42:409][  0]LogShaderLibrary: Display: ShaderCodeLibraryPakFileMountedCallback: PakFile 'D:/UE_4.27/FeaturePacks/TP_ThirdPerson.upack' (chunk index -1, root 'root:/') mounted
[2023.09.19-10.21.42:409][  0]LogShaderLibrary: Display: ShaderCodeLibraryPakFileMountedCallback: pending pak file info (ChunkID:-1 Root:root:/ File:D:/UE_4.27/FeaturePacks/TP_ThirdPerson.upack)
[2023.09.19-10.21.42:409][  0]LogPakFile: OnPakFileMounted2Time == 0.000040
[2023.09.19-10.21.42:415][  0]LogPakFile: PakFile PrimaryIndexSize=189
[2023.09.19-10.21.42:415][  0]LogPakFile: PakFile PathHashIndexSize=101
[2023.09.19-10.21.42:415][  0]LogPakFile: PakFile FullDirectoryIndexSize=152
[2023.09.19-10.21.42:415][  0]LogShaderLibrary: Display: ShaderCodeLibraryPakFileMountedCallback: PakFile 'D:/UE_4.27/FeaturePacks/TP_ThirdPersonBP.upack' (chunk index -1, root 'root:/') mounted
[2023.09.19-10.21.42:415][  0]LogShaderLibrary: Display: ShaderCodeLibraryPakFileMountedCallback: pending pak file info (ChunkID:-1 Root:root:/ File:D:/UE_4.27/FeaturePacks/TP_ThirdPersonBP.upack)
[2023.09.19-10.21.42:415][  0]LogPakFile: OnPakFileMounted2Time == 0.000041
[2023.09.19-10.21.42:422][  0]LogPakFile: PakFile PrimaryIndexSize=183
[2023.09.19-10.21.42:422][  0]LogPakFile: PakFile PathHashIndexSize=101
[2023.09.19-10.21.42:422][  0]LogPakFile: PakFile FullDirectoryIndexSize=140
[2023.09.19-10.21.42:422][  0]LogShaderLibrary: Display: ShaderCodeLibraryPakFileMountedCallback: PakFile 'D:/UE_4.27/FeaturePacks/TP_TopDown.upack' (chunk index -1, root 'root:/') mounted
[2023.09.19-10.21.42:423][  0]LogShaderLibrary: Display: ShaderCodeLibraryPakFileMountedCallback: pending pak file info (ChunkID:-1 Root:root:/ File:D:/UE_4.27/FeaturePacks/TP_TopDown.upack)
[2023.09.19-10.21.42:423][  0]LogPakFile: OnPakFileMounted2Time == 0.000050
[2023.09.19-10.21.42:428][  0]LogPakFile: PakFile PrimaryIndexSize=185
[2023.09.19-10.21.42:428][  0]LogPakFile: PakFile PathHashIndexSize=101
[2023.09.19-10.21.42:428][  0]LogPakFile: PakFile FullDirectoryIndexSize=144
[2023.09.19-10.21.42:428][  0]LogShaderLibrary: Display: ShaderCodeLibraryPakFileMountedCallback: PakFile 'D:/UE_4.27/FeaturePacks/TP_TopDownBP.upack' (chunk index -1, root 'root:/') mounted
[2023.09.19-10.21.42:429][  0]LogShaderLibrary: Display: ShaderCodeLibraryPakFileMountedCallback: pending pak file info (ChunkID:-1 Root:root:/ File:D:/UE_4.27/FeaturePacks/TP_TopDownBP.upack)
[2023.09.19-10.21.42:429][  0]LogPakFile: OnPakFileMounted2Time == 0.000054
[2023.09.19-10.21.42:439][  0]LogPakFile: PakFile PrimaryIndexSize=185
[2023.09.19-10.21.42:439][  0]LogPakFile: PakFile PathHashIndexSize=101
[2023.09.19-10.21.42:439][  0]LogPakFile: PakFile FullDirectoryIndexSize=144
[2023.09.19-10.21.42:439][  0]LogShaderLibrary: Display: ShaderCodeLibraryPakFileMountedCallback: PakFile 'D:/UE_4.27/FeaturePacks/TP_TwinStick.upack' (chunk index -1, root 'root:/') mounted
[2023.09.19-10.21.42:439][  0]LogShaderLibrary: Display: ShaderCodeLibraryPakFileMountedCallback: pending pak file info (ChunkID:-1 Root:root:/ File:D:/UE_4.27/FeaturePacks/TP_TwinStick.upack)
[2023.09.19-10.21.42:439][  0]LogPakFile: OnPakFileMounted2Time == 0.000046
[2023.09.19-10.21.42:446][  0]LogPakFile: PakFile PrimaryIndexSize=187
[2023.09.19-10.21.42:446][  0]LogPakFile: PakFile PathHashIndexSize=101
[2023.09.19-10.21.42:446][  0]LogPakFile: PakFile FullDirectoryIndexSize=148
[2023.09.19-10.21.42:446][  0]LogShaderLibrary: Display: ShaderCodeLibraryPakFileMountedCallback: PakFile 'D:/UE_4.27/FeaturePacks/TP_TwinStickBP.upack' (chunk index -1, root 'root:/') mounted
[2023.09.19-10.21.42:446][  0]LogShaderLibrary: Display: ShaderCodeLibraryPakFileMountedCallback: pending pak file info (ChunkID:-1 Root:root:/ File:D:/UE_4.27/FeaturePacks/TP_TwinStickBP.upack)
[2023.09.19-10.21.42:446][  0]LogPakFile: OnPakFileMounted2Time == 0.000040
[2023.09.19-10.21.42:452][  0]LogPakFile: PakFile PrimaryIndexSize=183
[2023.09.19-10.21.42:452][  0]LogPakFile: PakFile PathHashIndexSize=101
[2023.09.19-10.21.42:452][  0]LogPakFile: PakFile FullDirectoryIndexSize=140
[2023.09.19-10.21.42:452][  0]LogShaderLibrary: Display: ShaderCodeLibraryPakFileMountedCallback: PakFile 'D:/UE_4.27/FeaturePacks/TP_Vehicle.upack' (chunk index -1, root 'root:/') mounted
[2023.09.19-10.21.42:452][  0]LogShaderLibrary: Display: ShaderCodeLibraryPakFileMountedCallback: pending pak file info (ChunkID:-1 Root:root:/ File:D:/UE_4.27/FeaturePacks/TP_Vehicle.upack)
[2023.09.19-10.21.42:452][  0]LogPakFile: OnPakFileMounted2Time == 0.000038
[2023.09.19-10.21.42:459][  0]LogPakFile: PakFile PrimaryIndexSize=186
[2023.09.19-10.21.42:459][  0]LogPakFile: PakFile PathHashIndexSize=101
[2023.09.19-10.21.42:459][  0]LogPakFile: PakFile FullDirectoryIndexSize=146
[2023.09.19-10.21.42:459][  0]LogShaderLibrary: Display: ShaderCodeLibraryPakFileMountedCallback: PakFile 'D:/UE_4.27/FeaturePacks/TP_VehicleAdv.upack' (chunk index -1, root 'root:/') mounted
[2023.09.19-10.21.42:459][  0]LogShaderLibrary: Display: ShaderCodeLibraryPakFileMountedCallback: pending pak file info (ChunkID:-1 Root:root:/ File:D:/UE_4.27/FeaturePacks/TP_VehicleAdv.upack)
[2023.09.19-10.21.42:459][  0]LogPakFile: OnPakFileMounted2Time == 0.000047
[2023.09.19-10.21.42:465][  0]LogPakFile: PakFile PrimaryIndexSize=188
[2023.09.19-10.21.42:465][  0]LogPakFile: PakFile PathHashIndexSize=101
[2023.09.19-10.21.42:465][  0]LogPakFile: PakFile FullDirectoryIndexSize=150
[2023.09.19-10.21.42:465][  0]LogShaderLibrary: Display: ShaderCodeLibraryPakFileMountedCallback: PakFile 'D:/UE_4.27/FeaturePacks/TP_VehicleAdvBP.upack' (chunk index -1, root 'root:/') mounted
[2023.09.19-10.21.42:465][  0]LogShaderLibrary: Display: ShaderCodeLibraryPakFileMountedCallback: pending pak file info (ChunkID:-1 Root:root:/ File:D:/UE_4.27/FeaturePacks/TP_VehicleAdvBP.upack)
[2023.09.19-10.21.42:465][  0]LogPakFile: OnPakFileMounted2Time == 0.000044
[2023.09.19-10.21.42:472][  0]LogPakFile: PakFile PrimaryIndexSize=185
[2023.09.19-10.21.42:472][  0]LogPakFile: PakFile PathHashIndexSize=101
[2023.09.19-10.21.42:472][  0]LogPakFile: PakFile FullDirectoryIndexSize=144
[2023.09.19-10.21.42:472][  0]LogShaderLibrary: Display: ShaderCodeLibraryPakFileMountedCallback: PakFile 'D:/UE_4.27/FeaturePacks/TP_VehicleBP.upack' (chunk index -1, root 'root:/') mounted
[2023.09.19-10.21.42:472][  0]LogShaderLibrary: Display: ShaderCodeLibraryPakFileMountedCallback: pending pak file info (ChunkID:-1 Root:root:/ File:D:/UE_4.27/FeaturePacks/TP_VehicleBP.upack)
[2023.09.19-10.21.42:472][  0]LogPakFile: OnPakFileMounted2Time == 0.000039
[2023.09.19-10.21.42:479][  0]LogPakFile: PakFile PrimaryIndexSize=192
[2023.09.19-10.21.42:479][  0]LogPakFile: PakFile PathHashIndexSize=101
[2023.09.19-10.21.42:479][  0]LogPakFile: PakFile FullDirectoryIndexSize=158
[2023.09.19-10.21.42:479][  0]LogShaderLibrary: Display: ShaderCodeLibraryPakFileMountedCallback: PakFile 'D:/UE_4.27/FeaturePacks/TP_VirtualRealityBP.upack' (chunk index -1, root 'root:/') mounted
[2023.09.19-10.21.42:479][  0]LogShaderLibrary: Display: ShaderCodeLibraryPakFileMountedCallback: pending pak file info (ChunkID:-1 Root:root:/ File:D:/UE_4.27/FeaturePacks/TP_VirtualRealityBP.upack)
[2023.09.19-10.21.42:479][  0]LogPakFile: OnPakFileMounted2Time == 0.000042
[2023.09.19-10.21.42:883][  0]LogNativeClassHierarchy: Verbose: Native class hierarchy updated for 'AddContentDialog' in 0.0003 seconds. Added 0 classes and 0 folders.
[2023.09.19-10.21.42:891][  0]LogNativeClassHierarchy: Verbose: Native class hierarchy updated for 'SceneOutliner' in 0.0006 seconds. Added 2 classes and 0 folders.
[2023.09.19-10.21.42:962][  0]LogSlate: Took 0.000143 seconds to synchronously load lazily loaded font '../../../Engine/Content/Slate/Fonts/Roboto-Regular.ttf' (155K)
[2023.09.19-10.21.42:970][  0]LogSlate: Took 0.006485 seconds to synchronously load lazily loaded font '../../../Engine/Content/Editor/Slate/Fonts/FontAwesome.ttf' (139K)
[2023.09.19-10.21.42:971][  0]LogSlate: Took 0.000122 seconds to synchronously load lazily loaded font '../../../Engine/Content/Slate/Fonts/Roboto-Bold.ttf' (160K)
[2023.09.19-10.21.43:128][  0]LogRenderer: Reallocating scene render targets to support 1208x572 Format 10 NumSamples 1 (Frame:1).
[2023.09.19-10.21.43:253][  0]LogNativeClassHierarchy: Verbose: Native class hierarchy updated for 'HierarchicalLODOutliner' in 0.0003 seconds. Added 0 classes and 0 folders.
[2023.09.19-10.21.43:253][  0]LogLoad: (Engine Initialization) Total time: 7.12 seconds
[2023.09.19-10.21.43:253][  0]LogLoad: (Engine Initialization) Total Blueprint compile time: 0.00 seconds
[2023.09.19-10.21.43:298][  0]LogAssetRegistry: Asset discovery search completed in 4.5488 seconds
[2023.09.19-10.21.43:302][  0]LogCollectionManager: Fixed up redirectors for 0 collections in 0.000004 seconds (updated 0 objects)
[2023.09.19-10.21.43:303][  0]LogContentStreaming: Texture pool size now 1000 MB
[2023.09.19-10.21.43:953][  2]LogSlate: Took 0.007079 seconds to synchronously load lazily loaded font '../../../Engine/Content/Slate/Fonts/Roboto-Light.ttf' (167K)
[2023.09.19-10.21.44:608][  4]LogSlate: Took 0.000157 seconds to synchronously load lazily loaded font '../../../Engine/Content/Slate/Fonts/Roboto-Light.ttf' (167K)
[2023.09.19-10.29.18:865][589]LogSlate: Window 'Save Level As' being destroyed
[2023.09.19-10.29.33:701][500]LogSlate: Window 'Save Level As' being destroyed
[2023.09.19-10.29.33:737][500]LogUObjectHash: Compacting FUObjectHashTables data took   0.81ms
[2023.09.19-10.29.33:749][500]Cmd: OBJ SAVEPACKAGE PACKAGE="/Game/Minimal_Default" FILE="../../../../MyProject3245/Content/Minimal_Default.umap" SILENT=true AUTOSAVING=false KEEPDIRTY=false
[2023.09.19-10.29.33:757][500]LogUObjectHash: Compacting FUObjectHashTables data took   0.64ms
[2023.09.19-10.29.33:771][500]LogSavePackage: Moving '../../../../MyProject3245/Saved/Minimal_Default68BBEE3C44ADDE164CEB7F9F119EDA14.tmp' to '../../../../MyProject3245/Content/Minimal_Default.umap'
[2023.09.19-10.29.33:783][500]LogFileHelpers: Saving map 'Minimal_Default' took 0.078
[2023.09.19-10.29.33:783][500]Cmd: MAP LOAD FILE="../../../../MyProject3245/Content/Minimal_Default.umap" TEMPLATE=0 SHOWPROGRESS=1 FEATURELEVEL=3
[2023.09.19-10.29.33:798][500]LightingResults: New page: Lighting Build
[2023.09.19-10.29.33:798][500]LoadErrors: New page: Loading map: Minimal_Default.umap
[2023.09.19-10.29.33:800][500]LogWorld: UWorld::CleanupWorld for Minimal_Default, bSessionEnded=true, bCleanupResources=true
[2023.09.19-10.29.33:800][500]LogSlate: InvalidateAllWidgets triggered.  All widgets were invalidated
[2023.09.19-10.29.33:800][500]MapCheck: New page: Map Check
[2023.09.19-10.29.33:800][500]LightingResults: New page: Lighting Build
[2023.09.19-10.29.33:804][500]LogAudio: Display: Audio Device unregistered from world 'None'.
[2023.09.19-10.29.33:806][500]LogUObjectHash: Compacting FUObjectHashTables data took   0.71ms
[2023.09.19-10.29.33:806][500]LogAudio: Display: Audio Device (ID: 1) registered with world 'Minimal_Default'.
[2023.09.19-10.29.33:810][500]LogEditorServer: Finished looking for orphan Actors (0.000 secs)
[2023.09.19-10.29.33:810][500]LogAIModule: Creating AISystem for world Minimal_Default
[2023.09.19-10.29.33:816][500]LogUObjectHash: Compacting FUObjectHashTables data took   0.59ms
[2023.09.19-10.29.33:834][500]Cmd: MAP CHECKDEP NOCLEARLOG
[2023.09.19-10.29.33:834][500]MapCheck: Map check complete: 0 Error(s), 0 Warning(s), took 0,093ms to complete.
[2023.09.19-10.29.33:834][500]LogFileHelpers: Loading map 'Minimal_Default' took 0.051
[2023.09.19-10.29.33:839][500]AssetCheck: New page: Asset Save: Minimal_Default
[2023.09.19-10.29.33:839][500]LogContentValidation: Display: Validating World /Game/Minimal_Default.Minimal_Default
