Log file open, 09/19/23 12:34:03
LogWindows: Failed to load 'aqProf.dll' (GetLastError=126)
LogWindows: File 'aqProf.dll' does not exist
LogWindows: Failed to load 'VtuneApi.dll' (GetLastError=126)
LogWindows: File 'VtuneApi.dll' does not exist
LogWindows: Failed to load 'VtuneApi32e.dll' (GetLastError=126)
LogWindows: File 'VtuneApi32e.dll' does not exist
LogConsoleResponse: Display: Failed to find resolution value strings in scalability ini. Falling back to default.
LogConsoleResponse: Display: Failed to find resolution value strings in scalability ini. Falling back to default.
LogInit: Display: Running engine for game: MyProject3245
LogPlatformFile: Not using cached read wrapper
LogTaskGraph: Started task graph with 5 named threads and 35 total threads with 3 sets of task threads.
LogStats: Stats thread started at 1.068468
LogICUInternationalization: ICU TimeZone Detection - Raw Offset: +1:00, Platform Override: ''
LogInit: Display: Loading text-based GConfig....
LogPluginManager: Mounting plugin MeshPainting
LogPluginManager: Mounting plugin XGEController
LogPluginManager: Mounting plugin Paper2D
LogPluginManager: Mounting plugin AISupport
LogPluginManager: Mounting plugin EnvironmentQueryEditor
LogPluginManager: Mounting plugin LightPropagationVolume
LogPluginManager: Mounting plugin DatasmithContent
LogPluginManager: Mounting plugin OodleData
LogPluginManager: Mounting plugin VariantManagerContent
LogPluginManager: Mounting plugin CameraShakePreviewer
LogPluginManager: Mounting plugin GameplayCameras
LogPluginManager: Mounting plugin OodleNetwork
LogPluginManager: Mounting plugin LiveLink
LogPluginManager: Mounting plugin LuminPlatformFeatures
LogPluginManager: Mounting plugin Niagara
LogPluginManager: Mounting plugin MagicLeap
LogPluginManager: Mounting plugin MagicLeapLightEstimation
LogPluginManager: Mounting plugin MagicLeapMedia
LogPluginManager: Mounting plugin MagicLeapPassableWorld
LogPluginManager: Mounting plugin MLSDK
LogPluginManager: Mounting plugin AssetManagerEditor
LogPluginManager: Mounting plugin CryptoKeys
LogPluginManager: Mounting plugin FacialAnimation
LogPluginManager: Mounting plugin DataValidation
LogPluginManager: Mounting plugin CurveEditorTools
LogPluginManager: Mounting plugin MacGraphicsSwitching
LogPluginManager: Mounting plugin GeometryMode
LogPluginManager: Mounting plugin GameplayTagsEditor
LogPluginManager: Mounting plugin AnimationSharing
LogPluginManager: Mounting plugin MaterialAnalyzer
LogPluginManager: Mounting plugin MobileLauncherProfileWizard
LogPluginManager: Mounting plugin PluginBrowser
LogPluginManager: Mounting plugin SpeedTreeImporter
LogPluginManager: Mounting plugin CodeLiteSourceCodeAccess
LogPluginManager: Mounting plugin CLionSourceCodeAccess
LogPluginManager: Mounting plugin NullSourceCodeAccess
LogPluginManager: Mounting plugin KDevelopSourceCodeAccess
LogPluginManager: Mounting plugin GitSourceControl
LogPluginManager: Mounting plugin PerforceSourceControl
LogPluginManager: Mounting plugin PixWinPlugin
LogPluginManager: Mounting plugin PlasticSourceControl
LogPluginManager: Mounting plugin PluginUtils
LogPluginManager: Mounting plugin PropertyAccessNode
LogPluginManager: Mounting plugin RiderSourceCodeAccess
LogPluginManager: Mounting plugin SubversionSourceControl
LogPluginManager: Mounting plugin TextureFormatOodle
LogPluginManager: Mounting plugin UObjectPlugin
LogPluginManager: Mounting plugin VisualStudioCodeSourceCodeAccess
LogPluginManager: Mounting plugin VisualStudioSourceCodeAccess
LogPluginManager: Mounting plugin XCodeSourceCodeAccess
LogPluginManager: Mounting plugin AndroidMedia
LogPluginManager: Mounting plugin AvfMedia
LogPluginManager: Mounting plugin ImgMedia
LogPluginManager: Mounting plugin MediaCompositing
LogPluginManager: Mounting plugin MediaPlayerEditor
LogPluginManager: Mounting plugin WebMMedia
LogPluginManager: Mounting plugin WmfMedia
LogPluginManager: Mounting plugin UdpMessaging
LogPluginManager: Mounting plugin TcpMessaging
LogPluginManager: Mounting plugin ActorSequence
LogPluginManager: Mounting plugin MatineeToLevelSequence
LogPluginManager: Mounting plugin LevelSequenceEditor
LogPluginManager: Mounting plugin TemplateSequence
LogPluginManager: Mounting plugin LauncherChunkInstaller
LogPluginManager: Mounting plugin OnlineSubsystem
LogPluginManager: Mounting plugin OnlineSubsystemNull
LogPluginManager: Mounting plugin OnlineSubsystemUtils
LogPluginManager: Mounting plugin ScreenshotTools
LogPluginManager: Mounting plugin AlembicImporter
LogPluginManager: Mounting plugin AutomationUtils
LogPluginManager: Mounting plugin BackChannel
LogPluginManager: Mounting plugin ChaosCloth
LogPluginManager: Mounting plugin ChaosEditor
LogPluginManager: Mounting plugin ChaosClothEditor
LogPluginManager: Mounting plugin ChaosNiagara
LogPluginManager: Mounting plugin CharacterAI
LogPluginManager: Mounting plugin ChaosSolverPlugin
LogPluginManager: Mounting plugin GeometryCache
LogPluginManager: Mounting plugin GeometryCollectionPlugin
LogPluginManager: Mounting plugin Takes
LogPluginManager: Mounting plugin GeometryProcessing
LogPluginManager: Mounting plugin OpenImageDenoise
LogPluginManager: Mounting plugin PlanarCut
LogPluginManager: Mounting plugin MotoSynth
LogPluginManager: Mounting plugin PlatformCrypto
LogPluginManager: Mounting plugin ProxyLODPlugin
LogPluginManager: Mounting plugin PythonScriptPlugin
LogPluginManager: Mounting plugin SkeletalReduction
LogPluginManager: Mounting plugin ActorLayerUtilities
LogPluginManager: Mounting plugin AndroidMoviePlayer
LogPluginManager: Mounting plugin AndroidPermission
LogPluginManager: Mounting plugin AndroidDeviceProfileSelector
LogPluginManager: Mounting plugin AppleMoviePlayer
LogPluginManager: Mounting plugin AppleImageUtils
LogPluginManager: Mounting plugin ArchVisCharacter
LogPluginManager: Mounting plugin AudioCapture
LogPluginManager: Mounting plugin AssetTags
LogPluginManager: Mounting plugin AudioSynesthesia
LogPluginManager: Mounting plugin CableComponent
LogPluginManager: Mounting plugin ChunkDownloader
LogPluginManager: Mounting plugin CustomMeshComponent
LogPluginManager: Mounting plugin ExampleDeviceProfileSelector
LogPluginManager: Mounting plugin EditableMesh
LogPluginManager: Mounting plugin GooglePAD
LogPluginManager: Mounting plugin GoogleCloudMessaging
LogPluginManager: Mounting plugin IOSDeviceProfileSelector
LogPluginManager: Mounting plugin LinuxDeviceProfileSelector
LogPluginManager: Mounting plugin LocationServicesBPLibrary
LogPluginManager: Mounting plugin MobilePatchingUtils
LogPluginManager: Mounting plugin OpenXR
LogPluginManager: Mounting plugin OpenXREyeTracker
LogPluginManager: Mounting plugin PostSplashScreen
LogPluginManager: Mounting plugin OpenXRHandTracking
LogPluginManager: Mounting plugin PhysXVehicles
LogPluginManager: Mounting plugin ProceduralMeshComponent
LogPluginManager: Mounting plugin PropertyAccessEditor
LogPluginManager: Mounting plugin RuntimePhysXCooking
LogPluginManager: Mounting plugin SignificanceManager
LogPluginManager: Mounting plugin SoundFields
LogPluginManager: Mounting plugin Synthesis
LogPluginManager: Mounting plugin WebMMoviePlayer
LogPluginManager: Mounting plugin WindowsMoviePlayer
LogPluginManager: Mounting plugin ContentBrowserAssetDataSource
LogPluginManager: Mounting plugin ContentBrowserClassDataSource
LogPluginManager: Mounting plugin ContentBrowserFileDataSource
LogPluginManager: Mounting plugin OnlineSubsystemIOS
LogPluginManager: Mounting plugin OnlineSubsystemGooglePlay
LogPluginManager: Mounting plugin OculusVR
LogPluginManager: Mounting plugin SteamVR
PixWinPlugin: PIX capture plugin failed to initialize! Check that the process is launched from PIX.
LogInit: Using libcurl 7.55.1-DEV
LogInit:  - built for x86_64-pc-win32
LogInit:  - supports SSL with OpenSSL/1.1.1
LogInit:  - supports HTTP deflate (compression) using libz 1.2.8
LogInit:  - other features:
LogInit:      CURL_VERSION_SSL
LogInit:      CURL_VERSION_LIBZ
LogInit:      CURL_VERSION_IPV6
LogInit:      CURL_VERSION_ASYNCHDNS
LogInit:      CURL_VERSION_LARGEFILE
LogInit:      CURL_VERSION_IDN
LogInit:  CurlRequestOptions (configurable via config and command line):
LogInit:  - bVerifyPeer = true  - Libcurl will verify peer certificate
LogInit:  - bUseHttpProxy = false  - Libcurl will NOT use HTTP proxy
LogInit:  - bDontReuseConnections = false  - Libcurl will reuse connections
LogInit:  - MaxHostConnections = 16  - Libcurl will limit the number of connections to a host
LogInit:  - LocalHostAddr = Default
LogInit:  - BufferSize = 65536
LogOnline: OSS: Creating online subsystem instance for: NULL
LogInit: WinSock: version 1.1 (2.2), MaxSocks=32767, MaxUdp=65467
LogOnline: OSS: TryLoadSubsystemAndSetDefault: Loaded subsystem for module [NULL]
LogOculusPluginWrapper: OculusPlugin initialized successfully
LogHMD: Failed initializing OVRPlugin 1.59.0
LogInit: Build: ++UE4+Release-4.27-CL-18319896
LogInit: Engine Version: 4.27.2-18319896+++UE4+Release-4.27
LogInit: Compatible Engine Version: 4.27.0-17155196+++UE4+Release-4.27
LogInit: Net CL: 17155196
LogInit: OS: Windows 10 (Release 2009) (), CPU: Intel(R) Core(TM) i7-7800X CPU @ 3.50GHz, GPU: NVIDIA GeForce RTX 3060
LogInit: Compiled (64-bit): Nov 30 2021 07:12:08
LogInit: Compiled with Visual C++: 19.24.28315.00
LogInit: Build Configuration: Development
LogInit: Branch Name: ++UE4+Release-4.27
LogInit: Command Line: 
LogInit: Base Directory: D:/UE_4.27/Engine/Binaries/Win64/
LogInit: Allocator: TBB
LogInit: Installed Engine Build: 1
LogDevObjectVersion: Number of dev versions registered: 29
LogDevObjectVersion:   Dev-Blueprints (B0D832E4-1F89-4F0D-ACCF-7EB736FD4AA2): 10
LogDevObjectVersion:   Dev-Build (E1C64328-A22C-4D53-A36C-8E866417BD8C): 0
LogDevObjectVersion:   Dev-Core (375EC13C-06E4-48FB-B500-84F0262A717E): 4
LogDevObjectVersion:   Dev-Editor (E4B068ED-F494-42E9-A231-DA0B2E46BB41): 40
LogDevObjectVersion:   Dev-Framework (CFFC743F-43B0-4480-9391-14DF171D2073): 37
LogDevObjectVersion:   Dev-Mobile (B02B49B5-BB20-44E9-A304-32B752E40360): 3
LogDevObjectVersion:   Dev-Networking (A4E4105C-59A1-49B5-A7C5-40C4547EDFEE): 0
LogDevObjectVersion:   Dev-Online (39C831C9-5AE6-47DC-9A44-9C173E1C8E7C): 0
LogDevObjectVersion:   Dev-Physics (78F01B33-EBEA-4F98-B9B4-84EACCB95AA2): 14
LogDevObjectVersion:   Dev-Platform (6631380F-2D4D-43E0-8009-CF276956A95A): 0
LogDevObjectVersion:   Dev-Rendering (12F88B9F-8875-4AFC-A67C-D90C383ABD29): 45
LogDevObjectVersion:   Dev-Sequencer (7B5AE74C-D270-4C10-A958-57980B212A5A): 13
LogDevObjectVersion:   Dev-VR (D7296918-1DD6-4BDD-9DE2-64A83CC13884): 3
LogDevObjectVersion:   Dev-LoadTimes (C2A15278-BFE7-4AFE-6C17-90FF531DF755): 1
LogDevObjectVersion:   Private-Geometry (6EACA3D4-40EC-4CC1-B786-8BED09428FC5): 3
LogDevObjectVersion:   Dev-AnimPhys (29E575DD-E0A3-4627-9D10-D276232CDCEA): 17
LogDevObjectVersion:   Dev-Anim (AF43A65D-7FD3-4947-9873-3E8ED9C1BB05): 15
LogDevObjectVersion:   Dev-ReflectionCapture (6B266CEC-1EC7-4B8F-A30B-E4D90942FC07): 1
LogDevObjectVersion:   Dev-Automation (0DF73D61-A23F-47EA-B727-89E90C41499A): 1
LogDevObjectVersion:   FortniteMain (601D1886-AC64-4F84-AA16-D3DE0DEAC7D6): 47
LogDevObjectVersion:   FortniteRelease (E7086368-6B23-4C58-8439-1B7016265E91): 1
LogDevObjectVersion:   Dev-Enterprise (9DFFBCD6-494F-0158-E221-12823C92A888): 10
LogDevObjectVersion:   Dev-Niagara (F2AED0AC-9AFE-416F-8664-AA7FFA26D6FC): 1
LogDevObjectVersion:   Dev-Destruction (174F1F0B-B4C6-45A5-B13F-2EE8D0FB917D): 10
LogDevObjectVersion:   Dev-Physics-Ext (35F94A83-E258-406C-A318-09F59610247C): 41
LogDevObjectVersion:   Dev-PhysicsMaterial-Chaos (B68FC16E-8B1B-42E2-B453-215C058844FE): 1
LogDevObjectVersion:   Dev-CineCamera (B2E18506-4273-CFC2-A54E-F4BB758BBA07): 1
LogDevObjectVersion:   Dev-VirtualProduction (64F58936-FD1B-42BA-BA96-7289D5D0FA4E): 1
LogDevObjectVersion:   Dev-MediaFramework (6F0ED827-A609-4895-9C91-998D90180EA4): 2
LogInit: Presizing for max 25165824 objects, including 0 objects not considered by GC, pre-allocating 0 bytes for permanent pool.
LogConfig: Applying CVar settings from Section [/Script/Engine.StreamingSettings] File [C:/Users/adminBielsko/Desktop/MyProject3245/Saved/Config/Windows/Engine.ini]
LogConfig: Setting CVar [[s.MinBulkDataSizeForAsyncLoading:131072]]
LogConfig: Setting CVar [[s.AsyncLoadingThreadEnabled:0]]
LogConfig: Setting CVar [[s.EventDrivenLoaderEnabled:1]]
LogConfig: Setting CVar [[s.WarnIfTimeLimitExceeded:0]]
LogConfig: Setting CVar [[s.TimeLimitExceededMultiplier:1.5]]
LogConfig: Setting CVar [[s.TimeLimitExceededMinTime:0.005]]
LogConfig: Setting CVar [[s.UseBackgroundLevelStreaming:1]]
LogConfig: Setting CVar [[s.PriorityAsyncLoadingExtraTime:15.0]]
LogConfig: Setting CVar [[s.LevelStreamingActorsUpdateTimeLimit:5.0]]
LogConfig: Setting CVar [[s.PriorityLevelStreamingActorsUpdateExtraTime:5.0]]
LogConfig: Setting CVar [[s.LevelStreamingComponentsRegistrationGranularity:10]]
LogConfig: Setting CVar [[s.UnregisterComponentsTimeLimit:1.0]]
LogConfig: Setting CVar [[s.LevelStreamingComponentsUnregistrationGranularity:5]]
LogConfig: Setting CVar [[s.FlushStreamingOnExit:1]]
LogInit: Object subsystem initialized
LogConfig: Setting CVar [[con.DebugEarlyDefault:1]]
LogConfig: Setting CVar [[r.setres:1280x720]]
[2023.09.19-10.34.06:076][  0]LogConfig: Setting CVar [[r.VSync:0]]
[2023.09.19-10.34.06:076][  0]LogConfig: Setting CVar [[r.RHICmdBypass:0]]
[2023.09.19-10.34.06:076][  0]LogConfig: Applying CVar settings from Section [/Script/Engine.RendererSettings] File [C:/Users/adminBielsko/Desktop/MyProject3245/Saved/Config/Windows/Engine.ini]
[2023.09.19-10.34.06:076][  0]LogConfig: Setting CVar [[r.GPUCrashDebugging:0]]
[2023.09.19-10.34.06:076][  0]LogConfig: Applying CVar settings from Section [/Script/Engine.RendererOverrideSettings] File [C:/Users/adminBielsko/Desktop/MyProject3245/Saved/Config/Windows/Engine.ini]
[2023.09.19-10.34.06:076][  0]LogConfig: Applying CVar settings from Section [/Script/Engine.StreamingSettings] File [C:/Users/adminBielsko/Desktop/MyProject3245/Saved/Config/Windows/Engine.ini]
[2023.09.19-10.34.06:076][  0]LogConfig: Setting CVar [[s.MinBulkDataSizeForAsyncLoading:131072]]
[2023.09.19-10.34.06:076][  0]LogConfig: Setting CVar [[s.AsyncLoadingThreadEnabled:0]]
[2023.09.19-10.34.06:076][  0]LogConfig: Setting CVar [[s.EventDrivenLoaderEnabled:1]]
[2023.09.19-10.34.06:076][  0]LogConfig: Setting CVar [[s.WarnIfTimeLimitExceeded:0]]
[2023.09.19-10.34.06:076][  0]LogConfig: Setting CVar [[s.TimeLimitExceededMultiplier:1.5]]
[2023.09.19-10.34.06:076][  0]LogConfig: Setting CVar [[s.TimeLimitExceededMinTime:0.005]]
[2023.09.19-10.34.06:076][  0]LogConfig: Setting CVar [[s.UseBackgroundLevelStreaming:1]]
[2023.09.19-10.34.06:076][  0]LogConfig: Setting CVar [[s.PriorityAsyncLoadingExtraTime:15.0]]
[2023.09.19-10.34.06:076][  0]LogConfig: Setting CVar [[s.LevelStreamingActorsUpdateTimeLimit:5.0]]
[2023.09.19-10.34.06:076][  0]LogConfig: Setting CVar [[s.PriorityLevelStreamingActorsUpdateExtraTime:5.0]]
[2023.09.19-10.34.06:076][  0]LogConfig: Setting CVar [[s.LevelStreamingComponentsRegistrationGranularity:10]]
[2023.09.19-10.34.06:076][  0]LogConfig: Setting CVar [[s.UnregisterComponentsTimeLimit:1.0]]
[2023.09.19-10.34.06:076][  0]LogConfig: Setting CVar [[s.LevelStreamingComponentsUnregistrationGranularity:5]]
[2023.09.19-10.34.06:076][  0]LogConfig: Setting CVar [[s.FlushStreamingOnExit:1]]
[2023.09.19-10.34.06:076][  0]LogConfig: Applying CVar settings from Section [/Script/Engine.GarbageCollectionSettings] File [C:/Users/adminBielsko/Desktop/MyProject3245/Saved/Config/Windows/Engine.ini]
[2023.09.19-10.34.06:076][  0]LogConfig: Setting CVar [[gc.MaxObjectsNotConsideredByGC:1]]
[2023.09.19-10.34.06:076][  0]LogConfig: Setting CVar [[gc.SizeOfPermanentObjectPool:0]]
[2023.09.19-10.34.06:076][  0]LogConfig: Setting CVar [[gc.FlushStreamingOnGC:0]]
[2023.09.19-10.34.06:076][  0]LogConfig: Setting CVar [[gc.NumRetriesBeforeForcingGC:10]]
[2023.09.19-10.34.06:076][  0]LogConfig: Setting CVar [[gc.AllowParallelGC:1]]
[2023.09.19-10.34.06:076][  0]LogConfig: Setting CVar [[gc.TimeBetweenPurgingPendingKillObjects:61.1]]
[2023.09.19-10.34.06:076][  0]LogConfig: Setting CVar [[gc.MaxObjectsInEditor:25165824]]
[2023.09.19-10.34.06:076][  0]LogConfig: Setting CVar [[gc.IncrementalBeginDestroyEnabled:1]]
[2023.09.19-10.34.06:076][  0]LogConfig: Setting CVar [[gc.CreateGCClusters:1]]
[2023.09.19-10.34.06:076][  0]LogConfig: Setting CVar [[gc.MinGCClusterSize:5]]
[2023.09.19-10.34.06:076][  0]LogConfig: Setting CVar [[gc.ActorClusteringEnabled:0]]
[2023.09.19-10.34.06:076][  0]LogConfig: Setting CVar [[gc.BlueprintClusteringEnabled:0]]
[2023.09.19-10.34.06:076][  0]LogConfig: Setting CVar [[gc.UseDisregardForGCOnDedicatedServers:0]]
[2023.09.19-10.34.06:076][  0]LogConfig: Setting CVar [[gc.MultithreadedDestructionEnabled:1]]
[2023.09.19-10.34.06:076][  0]LogConfig: Applying CVar settings from Section [/Script/Engine.NetworkSettings] File [C:/Users/adminBielsko/Desktop/MyProject3245/Saved/Config/Windows/Engine.ini]
[2023.09.19-10.34.06:076][  0]LogConfig: Applying CVar settings from Section [/Script/UnrealEd.CookerSettings] File [C:/Users/adminBielsko/Desktop/MyProject3245/Saved/Config/Windows/Engine.ini]
[2023.09.19-10.34.06:102][  0]LogConfig: Applying CVar settings from Section [ViewDistanceQuality@3] File [C:/Users/adminBielsko/Desktop/MyProject3245/Saved/Config/Windows/Scalability.ini]
[2023.09.19-10.34.06:102][  0]LogConfig: Setting CVar [[r.SkeletalMeshLODBias:0]]
[2023.09.19-10.34.06:102][  0]LogConfig: Setting CVar [[r.ViewDistanceScale:1.0]]
[2023.09.19-10.34.06:102][  0]LogConfig: Applying CVar settings from Section [AntiAliasingQuality@3] File [C:/Users/adminBielsko/Desktop/MyProject3245/Saved/Config/Windows/Scalability.ini]
[2023.09.19-10.34.06:102][  0]LogConfig: Setting CVar [[r.PostProcessAAQuality:4]]
[2023.09.19-10.34.06:102][  0]LogConfig: Applying CVar settings from Section [ShadowQuality@3] File [C:/Users/adminBielsko/Desktop/MyProject3245/Saved/Config/Windows/Scalability.ini]
[2023.09.19-10.34.06:102][  0]LogConfig: Setting CVar [[r.LightFunctionQuality:1]]
[2023.09.19-10.34.06:102][  0]LogConfig: Setting CVar [[r.ShadowQuality:5]]
[2023.09.19-10.34.06:102][  0]LogConfig: Setting CVar [[r.Shadow.CSM.MaxCascades:10]]
[2023.09.19-10.34.06:102][  0]LogConfig: Setting CVar [[r.Shadow.MaxResolution:2048]]
[2023.09.19-10.34.06:102][  0]LogConfig: Setting CVar [[r.Shadow.MaxCSMResolution:2048]]
[2023.09.19-10.34.06:102][  0]LogConfig: Setting CVar [[r.Shadow.RadiusThreshold:0.01]]
[2023.09.19-10.34.06:102][  0]LogConfig: Setting CVar [[r.Shadow.DistanceScale:1.0]]
[2023.09.19-10.34.06:102][  0]LogConfig: Setting CVar [[r.Shadow.CSM.TransitionScale:1.0]]
[2023.09.19-10.34.06:102][  0]LogConfig: Setting CVar [[r.Shadow.PreShadowResolutionFactor:1.0]]
[2023.09.19-10.34.06:102][  0]LogConfig: Setting CVar [[r.DistanceFieldShadowing:1]]
[2023.09.19-10.34.06:102][  0]LogConfig: Setting CVar [[r.DistanceFieldAO:1]]
[2023.09.19-10.34.06:102][  0]LogConfig: Setting CVar [[r.AOQuality:2]]
[2023.09.19-10.34.06:102][  0]LogConfig: Setting CVar [[r.VolumetricFog:1]]
[2023.09.19-10.34.06:102][  0]LogConfig: Setting CVar [[r.VolumetricFog.GridPixelSize:8]]
[2023.09.19-10.34.06:102][  0]LogConfig: Setting CVar [[r.VolumetricFog.GridSizeZ:128]]
[2023.09.19-10.34.06:102][  0]LogConfig: Setting CVar [[r.VolumetricFog.HistoryMissSupersampleCount:4]]
[2023.09.19-10.34.06:102][  0]LogConfig: Setting CVar [[r.LightMaxDrawDistanceScale:1]]
[2023.09.19-10.34.06:102][  0]LogConfig: Setting CVar [[r.CapsuleShadows:1]]
[2023.09.19-10.34.06:102][  0]LogConfig: Applying CVar settings from Section [PostProcessQuality@3] File [C:/Users/adminBielsko/Desktop/MyProject3245/Saved/Config/Windows/Scalability.ini]
[2023.09.19-10.34.06:102][  0]LogConfig: Setting CVar [[r.MotionBlurQuality:4]]
[2023.09.19-10.34.06:102][  0]LogConfig: Setting CVar [[r.AmbientOcclusionMipLevelFactor:0.4]]
[2023.09.19-10.34.06:102][  0]LogConfig: Setting CVar [[r.AmbientOcclusionMaxQuality:100]]
[2023.09.19-10.34.06:102][  0]LogConfig: Setting CVar [[r.AmbientOcclusionLevels:-1]]
[2023.09.19-10.34.06:102][  0]LogConfig: Setting CVar [[r.AmbientOcclusionRadiusScale:1.0]]
[2023.09.19-10.34.06:102][  0]LogConfig: Setting CVar [[r.DepthOfFieldQuality:2]]
[2023.09.19-10.34.06:102][  0]LogConfig: Setting CVar [[r.RenderTargetPoolMin:400]]
[2023.09.19-10.34.06:102][  0]LogConfig: Setting CVar [[r.LensFlareQuality:2]]
[2023.09.19-10.34.06:102][  0]LogConfig: Setting CVar [[r.SceneColorFringeQuality:1]]
[2023.09.19-10.34.06:102][  0]LogConfig: Setting CVar [[r.EyeAdaptationQuality:2]]
[2023.09.19-10.34.06:102][  0]LogConfig: Setting CVar [[r.BloomQuality:5]]
[2023.09.19-10.34.06:102][  0]LogConfig: Setting CVar [[r.FastBlurThreshold:100]]
[2023.09.19-10.34.06:102][  0]LogConfig: Setting CVar [[r.Upscale.Quality:3]]
[2023.09.19-10.34.06:102][  0]LogConfig: Setting CVar [[r.Tonemapper.GrainQuantization:1]]
[2023.09.19-10.34.06:102][  0]LogConfig: Setting CVar [[r.LightShaftQuality:1]]
[2023.09.19-10.34.06:102][  0]LogConfig: Setting CVar [[r.Filter.SizeScale:1]]
[2023.09.19-10.34.06:102][  0]LogConfig: Setting CVar [[r.Tonemapper.Quality:5]]
[2023.09.19-10.34.06:102][  0]LogConfig: Setting CVar [[r.DOF.Gather.AccumulatorQuality:1        ; higher gathering accumulator quality]]
[2023.09.19-10.34.06:102][  0]LogConfig: Setting CVar [[r.DOF.Gather.PostfilterMethod:1          ; Median3x3 postfilering method]]
[2023.09.19-10.34.06:102][  0]LogConfig: Setting CVar [[r.DOF.Gather.EnableBokehSettings:0       ; no bokeh simulation when gathering]]
[2023.09.19-10.34.06:102][  0]LogConfig: Setting CVar [[r.DOF.Gather.RingCount:4                 ; medium number of samples when gathering]]
[2023.09.19-10.34.06:102][  0]LogConfig: Setting CVar [[r.DOF.Scatter.ForegroundCompositing:1    ; additive foreground scattering]]
[2023.09.19-10.34.06:102][  0]LogConfig: Setting CVar [[r.DOF.Scatter.BackgroundCompositing:2    ; additive background scattering]]
[2023.09.19-10.34.06:102][  0]LogConfig: Setting CVar [[r.DOF.Scatter.EnableBokehSettings:1      ; bokeh simulation when scattering]]
[2023.09.19-10.34.06:102][  0]LogConfig: Setting CVar [[r.DOF.Scatter.MaxSpriteRatio:0.1         ; only a maximum of 10% of scattered bokeh]]
[2023.09.19-10.34.06:102][  0]LogConfig: Setting CVar [[r.DOF.Recombine.Quality:1                ; cheap slight out of focus]]
[2023.09.19-10.34.06:102][  0]LogConfig: Setting CVar [[r.DOF.Recombine.EnableBokehSettings:0    ; no bokeh simulation on slight out of focus]]
[2023.09.19-10.34.06:102][  0]LogConfig: Setting CVar [[r.DOF.TemporalAAQuality:1                ; more stable temporal accumulation]]
[2023.09.19-10.34.06:102][  0]LogConfig: Setting CVar [[r.DOF.Kernel.MaxForegroundRadius:0.025]]
[2023.09.19-10.34.06:102][  0]LogConfig: Setting CVar [[r.DOF.Kernel.MaxBackgroundRadius:0.025]]
[2023.09.19-10.34.06:102][  0]LogConfig: Applying CVar settings from Section [TextureQuality@3] File [C:/Users/adminBielsko/Desktop/MyProject3245/Saved/Config/Windows/Scalability.ini]
[2023.09.19-10.34.06:102][  0]LogConfig: Setting CVar [[r.Streaming.MipBias:0]]
[2023.09.19-10.34.06:102][  0]LogConfig: Setting CVar [[r.Streaming.AmortizeCPUToGPUCopy:0]]
[2023.09.19-10.34.06:102][  0]LogConfig: Setting CVar [[r.Streaming.MaxNumTexturesToStreamPerFrame:0]]
[2023.09.19-10.34.06:102][  0]LogConfig: Setting CVar [[r.Streaming.Boost:1]]
[2023.09.19-10.34.06:102][  0]LogConfig: Setting CVar [[r.MaxAnisotropy:8]]
[2023.09.19-10.34.06:102][  0]LogConfig: Setting CVar [[r.VT.MaxAnisotropy:8]]
[2023.09.19-10.34.06:102][  0]LogConfig: Setting CVar [[r.Streaming.LimitPoolSizeToVRAM:0]]
[2023.09.19-10.34.06:102][  0]LogConfig: Setting CVar [[r.Streaming.PoolSize:1000]]
[2023.09.19-10.34.06:102][  0]LogConfig: Setting CVar [[r.Streaming.MaxEffectiveScreenSize:0]]
[2023.09.19-10.34.06:102][  0]LogConfig: Applying CVar settings from Section [EffectsQuality@3] File [C:/Users/adminBielsko/Desktop/MyProject3245/Saved/Config/Windows/Scalability.ini]
[2023.09.19-10.34.06:102][  0]LogConfig: Setting CVar [[r.TranslucencyLightingVolumeDim:64]]
[2023.09.19-10.34.06:102][  0]LogConfig: Setting CVar [[r.RefractionQuality:2]]
[2023.09.19-10.34.06:102][  0]LogConfig: Setting CVar [[r.SSR.Quality:3]]
[2023.09.19-10.34.06:102][  0]LogConfig: Setting CVar [[r.SSR.HalfResSceneColor:0]]
[2023.09.19-10.34.06:102][  0]LogConfig: Setting CVar [[r.SceneColorFormat:4]]
[2023.09.19-10.34.06:102][  0]LogConfig: Setting CVar [[r.DetailMode:2]]
[2023.09.19-10.34.06:102][  0]LogConfig: Setting CVar [[r.TranslucencyVolumeBlur:1]]
[2023.09.19-10.34.06:102][  0]LogConfig: Setting CVar [[r.MaterialQualityLevel:1 ; High quality]]
[2023.09.19-10.34.06:103][  0]LogConfig: Setting CVar [[r.AnisotropicMaterials:1]]
[2023.09.19-10.34.06:103][  0]LogConfig: Setting CVar [[r.SSS.Scale:1]]
[2023.09.19-10.34.06:103][  0]LogConfig: Setting CVar [[r.SSS.SampleSet:2]]
[2023.09.19-10.34.06:103][  0]LogConfig: Setting CVar [[r.SSS.Quality:1]]
[2023.09.19-10.34.06:103][  0]LogConfig: Setting CVar [[r.SSS.HalfRes:0]]
[2023.09.19-10.34.06:103][  0]LogConfig: Setting CVar [[r.SSGI.Quality:3]]
[2023.09.19-10.34.06:103][  0]LogConfig: Setting CVar [[r.EmitterSpawnRateScale:1.0]]
[2023.09.19-10.34.06:103][  0]LogConfig: Setting CVar [[r.ParticleLightQuality:2]]
[2023.09.19-10.34.06:103][  0]LogConfig: Setting CVar [[r.SkyAtmosphere.AerialPerspectiveLUT.FastApplyOnOpaque:1 ; Always have FastSkyLUT 1 in this case to avoid wrong sky]]
[2023.09.19-10.34.06:103][  0]LogConfig: Setting CVar [[r.SkyAtmosphere.AerialPerspectiveLUT.SampleCountMaxPerSlice:4]]
[2023.09.19-10.34.06:103][  0]LogConfig: Setting CVar [[r.SkyAtmosphere.AerialPerspectiveLUT.DepthResolution:16.0]]
[2023.09.19-10.34.06:103][  0]LogConfig: Setting CVar [[r.SkyAtmosphere.FastSkyLUT:1]]
[2023.09.19-10.34.06:103][  0]LogConfig: Setting CVar [[r.SkyAtmosphere.FastSkyLUT.SampleCountMin:4.0]]
[2023.09.19-10.34.06:103][  0]LogConfig: Setting CVar [[r.SkyAtmosphere.FastSkyLUT.SampleCountMax:128.0]]
[2023.09.19-10.34.06:103][  0]LogConfig: Setting CVar [[r.SkyAtmosphere.SampleCountMin:4.0]]
[2023.09.19-10.34.06:103][  0]LogConfig: Setting CVar [[r.SkyAtmosphere.SampleCountMax:128.0]]
[2023.09.19-10.34.06:103][  0]LogConfig: Setting CVar [[r.SkyAtmosphere.TransmittanceLUT.UseSmallFormat:0]]
[2023.09.19-10.34.06:103][  0]LogConfig: Setting CVar [[r.SkyAtmosphere.TransmittanceLUT.SampleCount:10.0]]
[2023.09.19-10.34.06:103][  0]LogConfig: Setting CVar [[r.SkyAtmosphere.MultiScatteringLUT.SampleCount:15.0]]
[2023.09.19-10.34.06:103][  0]LogConfig: Setting CVar [[r.SkyLight.RealTimeReflectionCapture:1]]
[2023.09.19-10.34.06:103][  0]LogConfig: Applying CVar settings from Section [FoliageQuality@3] File [C:/Users/adminBielsko/Desktop/MyProject3245/Saved/Config/Windows/Scalability.ini]
[2023.09.19-10.34.06:103][  0]LogConfig: Setting CVar [[foliage.DensityScale:1.0]]
[2023.09.19-10.34.06:103][  0]LogConfig: Setting CVar [[grass.DensityScale:1.0]]
[2023.09.19-10.34.06:103][  0]LogConfig: Applying CVar settings from Section [ShadingQuality@3] File [C:/Users/adminBielsko/Desktop/MyProject3245/Saved/Config/Windows/Scalability.ini]
[2023.09.19-10.34.06:103][  0]LogConfig: Setting CVar [[r.HairStrands.SkyLighting.IntegrationType:2]]
[2023.09.19-10.34.06:103][  0]LogConfig: Setting CVar [[r.HairStrands.SkyAO.SampleCount:4]]
[2023.09.19-10.34.06:103][  0]LogConfig: Setting CVar [[r.HairStrands.Visibility.MSAA.SamplePerPixel:4]]
[2023.09.19-10.34.06:104][  0]LogInit: Selected Device Profile: [Windows]
[2023.09.19-10.34.06:104][  0]LogInit: Applying CVar settings loaded from the selected device profile: [Windows]
[2023.09.19-10.34.06:105][  0]LogHAL: Display: Platform has ~ 32 GB [34074247168 / 34359738368 / 32], which maps to Largest [LargestMinGB=32, LargerMinGB=12, DefaultMinGB=8, SmallerMinGB=6, SmallestMinGB=0)
[2023.09.19-10.34.06:105][  0]LogInit: Going up to parent DeviceProfile []
[2023.09.19-10.34.06:106][  0]LogConfig: Applying CVar settings from Section [ViewDistanceQuality@3] File [C:/Users/adminBielsko/Desktop/MyProject3245/Saved/Config/Windows/Scalability.ini]
[2023.09.19-10.34.06:106][  0]LogConfig: Setting CVar [[r.SkeletalMeshLODBias:0]]
[2023.09.19-10.34.06:106][  0]LogConfig: Setting CVar [[r.ViewDistanceScale:1.0]]
[2023.09.19-10.34.06:106][  0]LogConfig: Applying CVar settings from Section [AntiAliasingQuality@3] File [C:/Users/adminBielsko/Desktop/MyProject3245/Saved/Config/Windows/Scalability.ini]
[2023.09.19-10.34.06:106][  0]LogConfig: Setting CVar [[r.PostProcessAAQuality:4]]
[2023.09.19-10.34.06:106][  0]LogConfig: Applying CVar settings from Section [ShadowQuality@3] File [C:/Users/adminBielsko/Desktop/MyProject3245/Saved/Config/Windows/Scalability.ini]
[2023.09.19-10.34.06:106][  0]LogConfig: Setting CVar [[r.LightFunctionQuality:1]]
[2023.09.19-10.34.06:106][  0]LogConfig: Setting CVar [[r.ShadowQuality:5]]
[2023.09.19-10.34.06:106][  0]LogConfig: Setting CVar [[r.Shadow.CSM.MaxCascades:10]]
[2023.09.19-10.34.06:106][  0]LogConfig: Setting CVar [[r.Shadow.MaxResolution:2048]]
[2023.09.19-10.34.06:106][  0]LogConfig: Setting CVar [[r.Shadow.MaxCSMResolution:2048]]
[2023.09.19-10.34.06:106][  0]LogConfig: Setting CVar [[r.Shadow.RadiusThreshold:0.01]]
[2023.09.19-10.34.06:106][  0]LogConfig: Setting CVar [[r.Shadow.DistanceScale:1.0]]
[2023.09.19-10.34.06:106][  0]LogConfig: Setting CVar [[r.Shadow.CSM.TransitionScale:1.0]]
[2023.09.19-10.34.06:106][  0]LogConfig: Setting CVar [[r.Shadow.PreShadowResolutionFactor:1.0]]
[2023.09.19-10.34.06:106][  0]LogConfig: Setting CVar [[r.DistanceFieldShadowing:1]]
[2023.09.19-10.34.06:106][  0]LogConfig: Setting CVar [[r.DistanceFieldAO:1]]
[2023.09.19-10.34.06:106][  0]LogConfig: Setting CVar [[r.AOQuality:2]]
[2023.09.19-10.34.06:106][  0]LogConfig: Setting CVar [[r.VolumetricFog:1]]
[2023.09.19-10.34.06:106][  0]LogConfig: Setting CVar [[r.VolumetricFog.GridPixelSize:8]]
[2023.09.19-10.34.06:106][  0]LogConfig: Setting CVar [[r.VolumetricFog.GridSizeZ:128]]
[2023.09.19-10.34.06:106][  0]LogConfig: Setting CVar [[r.VolumetricFog.HistoryMissSupersampleCount:4]]
[2023.09.19-10.34.06:106][  0]LogConfig: Setting CVar [[r.LightMaxDrawDistanceScale:1]]
[2023.09.19-10.34.06:106][  0]LogConfig: Setting CVar [[r.CapsuleShadows:1]]
[2023.09.19-10.34.06:106][  0]LogConfig: Applying CVar settings from Section [PostProcessQuality@3] File [C:/Users/adminBielsko/Desktop/MyProject3245/Saved/Config/Windows/Scalability.ini]
[2023.09.19-10.34.06:106][  0]LogConfig: Setting CVar [[r.MotionBlurQuality:4]]
[2023.09.19-10.34.06:106][  0]LogConfig: Setting CVar [[r.AmbientOcclusionMipLevelFactor:0.4]]
[2023.09.19-10.34.06:106][  0]LogConfig: Setting CVar [[r.AmbientOcclusionMaxQuality:100]]
[2023.09.19-10.34.06:106][  0]LogConfig: Setting CVar [[r.AmbientOcclusionLevels:-1]]
[2023.09.19-10.34.06:106][  0]LogConfig: Setting CVar [[r.AmbientOcclusionRadiusScale:1.0]]
[2023.09.19-10.34.06:106][  0]LogConfig: Setting CVar [[r.DepthOfFieldQuality:2]]
[2023.09.19-10.34.06:106][  0]LogConfig: Setting CVar [[r.RenderTargetPoolMin:400]]
[2023.09.19-10.34.06:106][  0]LogConfig: Setting CVar [[r.LensFlareQuality:2]]
[2023.09.19-10.34.06:106][  0]LogConfig: Setting CVar [[r.SceneColorFringeQuality:1]]
[2023.09.19-10.34.06:106][  0]LogConfig: Setting CVar [[r.EyeAdaptationQuality:2]]
[2023.09.19-10.34.06:106][  0]LogConfig: Setting CVar [[r.BloomQuality:5]]
[2023.09.19-10.34.06:106][  0]LogConfig: Setting CVar [[r.FastBlurThreshold:100]]
[2023.09.19-10.34.06:106][  0]LogConfig: Setting CVar [[r.Upscale.Quality:3]]
[2023.09.19-10.34.06:106][  0]LogConfig: Setting CVar [[r.Tonemapper.GrainQuantization:1]]
[2023.09.19-10.34.06:106][  0]LogConfig: Setting CVar [[r.LightShaftQuality:1]]
[2023.09.19-10.34.06:106][  0]LogConfig: Setting CVar [[r.Filter.SizeScale:1]]
[2023.09.19-10.34.06:106][  0]LogConfig: Setting CVar [[r.Tonemapper.Quality:5]]
[2023.09.19-10.34.06:106][  0]LogConfig: Setting CVar [[r.DOF.Gather.AccumulatorQuality:1        ; higher gathering accumulator quality]]
[2023.09.19-10.34.06:106][  0]LogConfig: Setting CVar [[r.DOF.Gather.PostfilterMethod:1          ; Median3x3 postfilering method]]
[2023.09.19-10.34.06:106][  0]LogConfig: Setting CVar [[r.DOF.Gather.EnableBokehSettings:0       ; no bokeh simulation when gathering]]
[2023.09.19-10.34.06:106][  0]LogConfig: Setting CVar [[r.DOF.Gather.RingCount:4                 ; medium number of samples when gathering]]
[2023.09.19-10.34.06:106][  0]LogConfig: Setting CVar [[r.DOF.Scatter.ForegroundCompositing:1    ; additive foreground scattering]]
[2023.09.19-10.34.06:106][  0]LogConfig: Setting CVar [[r.DOF.Scatter.BackgroundCompositing:2    ; additive background scattering]]
[2023.09.19-10.34.06:106][  0]LogConfig: Setting CVar [[r.DOF.Scatter.EnableBokehSettings:1      ; bokeh simulation when scattering]]
[2023.09.19-10.34.06:106][  0]LogConfig: Setting CVar [[r.DOF.Scatter.MaxSpriteRatio:0.1         ; only a maximum of 10% of scattered bokeh]]
[2023.09.19-10.34.06:106][  0]LogConfig: Setting CVar [[r.DOF.Recombine.Quality:1                ; cheap slight out of focus]]
[2023.09.19-10.34.06:106][  0]LogConfig: Setting CVar [[r.DOF.Recombine.EnableBokehSettings:0    ; no bokeh simulation on slight out of focus]]
[2023.09.19-10.34.06:106][  0]LogConfig: Setting CVar [[r.DOF.TemporalAAQuality:1                ; more stable temporal accumulation]]
[2023.09.19-10.34.06:106][  0]LogConfig: Setting CVar [[r.DOF.Kernel.MaxForegroundRadius:0.025]]
[2023.09.19-10.34.06:106][  0]LogConfig: Setting CVar [[r.DOF.Kernel.MaxBackgroundRadius:0.025]]
[2023.09.19-10.34.06:106][  0]LogConfig: Applying CVar settings from Section [TextureQuality@3] File [C:/Users/adminBielsko/Desktop/MyProject3245/Saved/Config/Windows/Scalability.ini]
[2023.09.19-10.34.06:106][  0]LogConfig: Setting CVar [[r.Streaming.MipBias:0]]
[2023.09.19-10.34.06:106][  0]LogConfig: Setting CVar [[r.Streaming.AmortizeCPUToGPUCopy:0]]
[2023.09.19-10.34.06:106][  0]LogConfig: Setting CVar [[r.Streaming.MaxNumTexturesToStreamPerFrame:0]]
[2023.09.19-10.34.06:106][  0]LogConfig: Setting CVar [[r.Streaming.Boost:1]]
[2023.09.19-10.34.06:106][  0]LogConfig: Setting CVar [[r.MaxAnisotropy:8]]
[2023.09.19-10.34.06:106][  0]LogConfig: Setting CVar [[r.VT.MaxAnisotropy:8]]
[2023.09.19-10.34.06:106][  0]LogConfig: Setting CVar [[r.Streaming.LimitPoolSizeToVRAM:0]]
[2023.09.19-10.34.06:106][  0]LogConfig: Setting CVar [[r.Streaming.PoolSize:1000]]
[2023.09.19-10.34.06:106][  0]LogConfig: Setting CVar [[r.Streaming.MaxEffectiveScreenSize:0]]
[2023.09.19-10.34.06:106][  0]LogConfig: Applying CVar settings from Section [EffectsQuality@3] File [C:/Users/adminBielsko/Desktop/MyProject3245/Saved/Config/Windows/Scalability.ini]
[2023.09.19-10.34.06:106][  0]LogConfig: Setting CVar [[r.TranslucencyLightingVolumeDim:64]]
[2023.09.19-10.34.06:106][  0]LogConfig: Setting CVar [[r.RefractionQuality:2]]
[2023.09.19-10.34.06:106][  0]LogConfig: Setting CVar [[r.SSR.Quality:3]]
[2023.09.19-10.34.06:106][  0]LogConfig: Setting CVar [[r.SSR.HalfResSceneColor:0]]
[2023.09.19-10.34.06:106][  0]LogConfig: Setting CVar [[r.SceneColorFormat:4]]
[2023.09.19-10.34.06:106][  0]LogConfig: Setting CVar [[r.DetailMode:2]]
[2023.09.19-10.34.06:106][  0]LogConfig: Setting CVar [[r.TranslucencyVolumeBlur:1]]
[2023.09.19-10.34.06:106][  0]LogConfig: Setting CVar [[r.MaterialQualityLevel:1 ; High quality]]
[2023.09.19-10.34.06:106][  0]LogConfig: Setting CVar [[r.AnisotropicMaterials:1]]
[2023.09.19-10.34.06:106][  0]LogConfig: Setting CVar [[r.SSS.Scale:1]]
[2023.09.19-10.34.06:106][  0]LogConfig: Setting CVar [[r.SSS.SampleSet:2]]
[2023.09.19-10.34.06:106][  0]LogConfig: Setting CVar [[r.SSS.Quality:1]]
[2023.09.19-10.34.06:106][  0]LogConfig: Setting CVar [[r.SSS.HalfRes:0]]
[2023.09.19-10.34.06:106][  0]LogConfig: Setting CVar [[r.SSGI.Quality:3]]
[2023.09.19-10.34.06:107][  0]LogConfig: Setting CVar [[r.EmitterSpawnRateScale:1.0]]
[2023.09.19-10.34.06:107][  0]LogConfig: Setting CVar [[r.ParticleLightQuality:2]]
[2023.09.19-10.34.06:107][  0]LogConfig: Setting CVar [[r.SkyAtmosphere.AerialPerspectiveLUT.FastApplyOnOpaque:1 ; Always have FastSkyLUT 1 in this case to avoid wrong sky]]
[2023.09.19-10.34.06:107][  0]LogConfig: Setting CVar [[r.SkyAtmosphere.AerialPerspectiveLUT.SampleCountMaxPerSlice:4]]
[2023.09.19-10.34.06:107][  0]LogConfig: Setting CVar [[r.SkyAtmosphere.AerialPerspectiveLUT.DepthResolution:16.0]]
[2023.09.19-10.34.06:107][  0]LogConfig: Setting CVar [[r.SkyAtmosphere.FastSkyLUT:1]]
[2023.09.19-10.34.06:107][  0]LogConfig: Setting CVar [[r.SkyAtmosphere.FastSkyLUT.SampleCountMin:4.0]]
[2023.09.19-10.34.06:107][  0]LogConfig: Setting CVar [[r.SkyAtmosphere.FastSkyLUT.SampleCountMax:128.0]]
[2023.09.19-10.34.06:107][  0]LogConfig: Setting CVar [[r.SkyAtmosphere.SampleCountMin:4.0]]
[2023.09.19-10.34.06:107][  0]LogConfig: Setting CVar [[r.SkyAtmosphere.SampleCountMax:128.0]]
[2023.09.19-10.34.06:107][  0]LogConfig: Setting CVar [[r.SkyAtmosphere.TransmittanceLUT.UseSmallFormat:0]]
[2023.09.19-10.34.06:107][  0]LogConfig: Setting CVar [[r.SkyAtmosphere.TransmittanceLUT.SampleCount:10.0]]
[2023.09.19-10.34.06:107][  0]LogConfig: Setting CVar [[r.SkyAtmosphere.MultiScatteringLUT.SampleCount:15.0]]
[2023.09.19-10.34.06:107][  0]LogConfig: Setting CVar [[r.SkyLight.RealTimeReflectionCapture:1]]
[2023.09.19-10.34.06:107][  0]LogConfig: Applying CVar settings from Section [FoliageQuality@3] File [C:/Users/adminBielsko/Desktop/MyProject3245/Saved/Config/Windows/Scalability.ini]
[2023.09.19-10.34.06:107][  0]LogConfig: Setting CVar [[foliage.DensityScale:1.0]]
[2023.09.19-10.34.06:107][  0]LogConfig: Setting CVar [[grass.DensityScale:1.0]]
[2023.09.19-10.34.06:107][  0]LogConfig: Applying CVar settings from Section [ShadingQuality@3] File [C:/Users/adminBielsko/Desktop/MyProject3245/Saved/Config/Windows/Scalability.ini]
[2023.09.19-10.34.06:107][  0]LogConfig: Setting CVar [[r.HairStrands.SkyLighting.IntegrationType:2]]
[2023.09.19-10.34.06:107][  0]LogConfig: Setting CVar [[r.HairStrands.SkyAO.SampleCount:4]]
[2023.09.19-10.34.06:107][  0]LogConfig: Setting CVar [[r.HairStrands.Visibility.MSAA.SamplePerPixel:4]]
[2023.09.19-10.34.06:107][  0]LogConfig: Applying CVar settings from Section [Startup] File [../../../Engine/Config/ConsoleVariables.ini]
[2023.09.19-10.34.06:113][  0]LogConfig: Setting CVar [[net.UseAdaptiveNetUpdateFrequency:0]]
[2023.09.19-10.34.06:113][  0]LogConfig: Setting CVar [[p.chaos.AllowCreatePhysxBodies:1]]
[2023.09.19-10.34.06:113][  0]LogConfig: Setting CVar [[fx.SkipVectorVMBackendOptimizations:1]]
[2023.09.19-10.34.06:113][  0]LogConfig: Applying CVar settings from Section [ConsoleVariables] File [C:/Users/adminBielsko/Desktop/MyProject3245/Saved/Config/Windows/Engine.ini]
[2023.09.19-10.34.06:113][  0]LogConfig: Applying CVar settings from Section [ConsoleVariables] File [C:/Users/adminBielsko/Desktop/MyProject3245/Saved/Config/Windows/Editor.ini]
[2023.09.19-10.34.06:114][  0]LogInit: Computer: DESKTOP-R9VF7HV
[2023.09.19-10.34.06:114][  0]LogInit: User: adminBielsko
[2023.09.19-10.34.06:114][  0]LogInit: CPU Page size=4096, Cores=6
[2023.09.19-10.34.06:114][  0]LogInit: High frequency timer resolution =10.000000 MHz
[2023.09.19-10.34.06:114][  0]LogMemory: Memory total: Physical=31.7GB (32GB approx)
[2023.09.19-10.34.06:114][  0]LogMemory: Platform Memory Stats for Windows
[2023.09.19-10.34.06:114][  0]LogMemory: Process Physical Memory: 150.77 MB used, 150.77 MB peak
[2023.09.19-10.34.06:114][  0]LogMemory: Process Virtual Memory: 131.80 MB used, 131.80 MB peak
[2023.09.19-10.34.06:114][  0]LogMemory: Physical Memory: 7386.60 MB used,  25109.14 MB free, 32495.73 MB total
[2023.09.19-10.34.06:114][  0]LogMemory: Virtual Memory: 134189888.00 MB used,  27837.53 MB free, 134217728.00 MB total
[2023.09.19-10.34.06:120][  0]LogWindows: WindowsPlatformFeatures enabled
[2023.09.19-10.34.06:472][  0]LogInit: Physics initialised using underlying interface: PhysX
[2023.09.19-10.34.06:476][  0]LogInit: Using OS detected language (pl-PL).
[2023.09.19-10.34.06:476][  0]LogInit: Using OS detected locale (pl-PL).
[2023.09.19-10.34.06:494][  0]LogTextLocalizationManager: No specific localization for 'pl-PL' exists, so the 'pl' localization will be used.
[2023.09.19-10.34.06:495][  0]LogTextLocalizationResource: LocRes '../../../Engine/Content/Localization/Editor/pl/Editor.locres' could not be opened for reading!
[2023.09.19-10.34.06:495][  0]LogTextLocalizationResource: LocRes '../../../Engine/Content/Localization/EditorTutorials/pl/EditorTutorials.locres' could not be opened for reading!
[2023.09.19-10.34.06:495][  0]LogTextLocalizationResource: LocRes '../../../Engine/Content/Localization/Keywords/pl/Keywords.locres' could not be opened for reading!
[2023.09.19-10.34.06:495][  0]LogTextLocalizationResource: LocRes '../../../Engine/Content/Localization/Category/pl/Category.locres' could not be opened for reading!
[2023.09.19-10.34.06:495][  0]LogTextLocalizationResource: LocRes '../../../Engine/Content/Localization/ToolTips/pl/ToolTips.locres' could not be opened for reading!
[2023.09.19-10.34.06:495][  0]LogTextLocalizationResource: LocRes '../../../Engine/Content/Localization/PropertyNames/pl/PropertyNames.locres' could not be opened for reading!
[2023.09.19-10.34.06:495][  0]LogTextLocalizationResource: LocRes '../../../Engine/Content/Localization/Engine/pl/Engine.locres' could not be opened for reading!
[2023.09.19-10.34.06:524][  0]LogInit: Setting process to per monitor DPI aware
[2023.09.19-10.34.06:552][  0]LogWindowsTextInputMethodSystem: Display: IME system deactivated.
[2023.09.19-10.34.06:621][  0]LogSlate: New Slate User Created.  User Index 0, Is Virtual User: 0
[2023.09.19-10.34.06:621][  0]LogSlate: Slate User Registered.  User Index 0, Is Virtual User: 0
[2023.09.19-10.34.09:115][  0]LogD3D11RHI: Loaded GFSDK_Aftermath_Lib.x64.dll
[2023.09.19-10.34.09:120][  0]LogHMD: Failed to initialize OpenVR with code 110
[2023.09.19-10.34.09:120][  0]LogD3D11RHI: D3D11 min allowed feature level: 11_0
[2023.09.19-10.34.09:120][  0]LogD3D11RHI: D3D11 max allowed feature level: 11_0
[2023.09.19-10.34.09:120][  0]LogD3D11RHI: D3D11 adapters:
[2023.09.19-10.34.09:275][  0]LogD3D11RHI:    0. 'NVIDIA GeForce RTX 3060' (Feature Level 11_0)
[2023.09.19-10.34.09:275][  0]LogD3D11RHI:       12124/0/16247 MB DedicatedVideo/DedicatedSystem/SharedSystem, Outputs:1, VendorId:0x10de
[2023.09.19-10.34.09:280][  0]LogD3D11RHI:    1. 'Microsoft Basic Render Driver' (Feature Level 11_0)
[2023.09.19-10.34.09:280][  0]LogD3D11RHI:       0/0/16247 MB DedicatedVideo/DedicatedSystem/SharedSystem, Outputs:0, VendorId:0x1414
[2023.09.19-10.34.09:280][  0]LogD3D11RHI: Chosen D3D11 Adapter:
[2023.09.19-10.34.09:280][  0]LogD3D11RHI:     Description : NVIDIA GeForce RTX 3060
[2023.09.19-10.34.09:280][  0]LogD3D11RHI:     VendorId    : 10de
[2023.09.19-10.34.09:280][  0]LogD3D11RHI:     DeviceId    : 2487
[2023.09.19-10.34.09:280][  0]LogD3D11RHI:     SubSysId    : 13a7196e
[2023.09.19-10.34.09:280][  0]LogD3D11RHI:     Revision    : 00a1
[2023.09.19-10.34.09:280][  0]LogD3D11RHI:     DedicatedVideoMemory : 12712935424 bytes
[2023.09.19-10.34.09:280][  0]LogD3D11RHI:     DedicatedSystemMemory : 0 bytes
[2023.09.19-10.34.09:280][  0]LogD3D11RHI:     SharedSystemMemory : 17037123584 bytes
[2023.09.19-10.34.09:280][  0]LogD3D11RHI:     AdapterLuid : 0 86684
[2023.09.19-10.34.09:285][  0]LogD3D11RHI: Creating new Direct3DDevice
[2023.09.19-10.34.09:285][  0]LogD3D11RHI:     GPU DeviceId: 0x2487 (for the marketing name, search the web for "GPU Device Id")
[2023.09.19-10.34.09:285][  0]LogWindows: EnumDisplayDevices:
[2023.09.19-10.34.09:286][  0]LogWindows:    0. 'NVIDIA GeForce RTX 3060' (P:1 D:1)
[2023.09.19-10.34.09:286][  0]LogWindows:    1. 'NVIDIA GeForce RTX 3060' (P:0 D:0)
[2023.09.19-10.34.09:286][  0]LogWindows:    2. 'NVIDIA GeForce RTX 3060' (P:0 D:0)
[2023.09.19-10.34.09:286][  0]LogWindows:    3. 'NVIDIA GeForce RTX 3060' (P:0 D:0)
[2023.09.19-10.34.09:286][  0]LogWindows: DebugString: FoundDriverCount:4 
[2023.09.19-10.34.09:286][  0]LogD3D11RHI:     Adapter Name: NVIDIA GeForce RTX 3060
[2023.09.19-10.34.09:287][  0]LogD3D11RHI:   Driver Version: 536.23 (internal:31.0.15.3623, unified:536.23)
[2023.09.19-10.34.09:287][  0]LogD3D11RHI:      Driver Date: 6-8-2023
[2023.09.19-10.34.09:287][  0]LogRHI: Texture pool is 8486 MB (70% of 12124 MB)
[2023.09.19-10.34.09:287][  0]LogD3D11RHI: Creating D3DDevice using adapter:
[2023.09.19-10.34.09:287][  0]LogD3D11RHI:     Description : NVIDIA GeForce RTX 3060
[2023.09.19-10.34.09:287][  0]LogD3D11RHI:     VendorId    : 10de
[2023.09.19-10.34.09:287][  0]LogD3D11RHI:     DeviceId    : 2487
[2023.09.19-10.34.09:287][  0]LogD3D11RHI:     SubSysId    : 13a7196e
[2023.09.19-10.34.09:287][  0]LogD3D11RHI:     Revision    : 00a1
[2023.09.19-10.34.09:287][  0]LogD3D11RHI:     DedicatedVideoMemory : 12712935424 bytes
[2023.09.19-10.34.09:287][  0]LogD3D11RHI:     DedicatedSystemMemory : 0 bytes
[2023.09.19-10.34.09:287][  0]LogD3D11RHI:     SharedSystemMemory : 17037123584 bytes
[2023.09.19-10.34.09:287][  0]LogD3D11RHI:     AdapterLuid : 0 86684
[2023.09.19-10.34.09:394][  0]LogD3D11RHI: RHI has support for 64 bit atomics
[2023.09.19-10.34.09:395][  0]LogD3D11RHI: Async texture creation enabled
[2023.09.19-10.34.09:395][  0]LogD3D11RHI: Array index from any shader is supported
[2023.09.19-10.34.09:438][  0]LogD3D11RHI: GPU Timing Frequency: 1000.000000 (Debug: 2 1)
[2023.09.19-10.34.09:558][  0]LogRHI: GeForceNow SDK initialized: 1
[2023.09.19-10.34.10:501][  0]LogTargetPlatformManager: Display: Loaded TargetPlatform 'AllDesktop'
[2023.09.19-10.34.10:545][  0]LogTargetPlatformManager: Display: Loaded TargetPlatform 'Android'
[2023.09.19-10.34.10:545][  0]LogTargetPlatformManager: Display: Loaded TargetPlatform 'Android_ASTC'
[2023.09.19-10.34.10:545][  0]LogTargetPlatformManager: Display: Loaded TargetPlatform 'Android_DXT'
[2023.09.19-10.34.10:545][  0]LogTargetPlatformManager: Display: Loaded TargetPlatform 'Android_ETC2'
[2023.09.19-10.34.10:545][  0]LogTargetPlatformManager: Display: Loaded TargetPlatform 'AndroidClient'
[2023.09.19-10.34.10:545][  0]LogTargetPlatformManager: Display: Loaded TargetPlatform 'Android_ASTCClient'
[2023.09.19-10.34.10:545][  0]LogTargetPlatformManager: Display: Loaded TargetPlatform 'Android_DXTClient'
[2023.09.19-10.34.10:545][  0]LogTargetPlatformManager: Display: Loaded TargetPlatform 'Android_ETC2Client'
[2023.09.19-10.34.10:545][  0]LogTargetPlatformManager: Display: Loaded TargetPlatform 'Android_Multi'
[2023.09.19-10.34.10:545][  0]LogTargetPlatformManager: Display: Loaded TargetPlatform 'Android_MultiClient'
[2023.09.19-10.34.10:622][  0]LogTargetPlatformManager: Display: Loaded TargetPlatform 'IOSClient'
[2023.09.19-10.34.10:622][  0]LogTargetPlatformManager: Display: Loaded TargetPlatform 'IOS'
[2023.09.19-10.34.10:662][  0]LogTargetPlatformManager: Display: Loaded TargetPlatform 'Linux'
[2023.09.19-10.34.10:683][  0]LogTargetPlatformManager: Display: Loaded TargetPlatform 'LinuxNoEditor'
[2023.09.19-10.34.10:707][  0]LogTargetPlatformManager: Display: Loaded TargetPlatform 'LinuxClient'
[2023.09.19-10.34.10:730][  0]LogTargetPlatformManager: Display: Loaded TargetPlatform 'LinuxServer'
[2023.09.19-10.34.10:763][  0]LogTargetPlatformManager: Display: Loaded TargetPlatform 'LinuxAArch64NoEditor'
[2023.09.19-10.34.10:785][  0]LogTargetPlatformManager: Display: Loaded TargetPlatform 'LinuxAArch64Client'
[2023.09.19-10.34.10:807][  0]LogTargetPlatformManager: Display: Loaded TargetPlatform 'LinuxAArch64Server'
[2023.09.19-10.34.10:853][  0]LogTargetPlatformManager: Display: Loaded TargetPlatform 'Lumin'
[2023.09.19-10.34.10:853][  0]LogTargetPlatformManager: Display: Loaded TargetPlatform 'LuminClient'
[2023.09.19-10.34.10:887][  0]LogTargetPlatformManager: Display: Loaded TargetPlatform 'MacNoEditor'
[2023.09.19-10.34.10:911][  0]LogTargetPlatformManager: Display: Loaded TargetPlatform 'Mac'
[2023.09.19-10.34.10:934][  0]LogTargetPlatformManager: Display: Loaded TargetPlatform 'MacClient'
[2023.09.19-10.34.10:956][  0]LogTargetPlatformManager: Display: Loaded TargetPlatform 'MacServer'
[2023.09.19-10.34.10:982][  0]LogTargetPlatformManager: Display: Loaded TargetPlatform 'TVOSClient'
[2023.09.19-10.34.10:982][  0]LogTargetPlatformManager: Display: Loaded TargetPlatform 'TVOS'
[2023.09.19-10.34.11:010][  0]LogTargetPlatformManager: Display: Loaded TargetPlatform 'WindowsNoEditor'
[2023.09.19-10.34.11:036][  0]LogTargetPlatformManager: Display: Loaded TargetPlatform 'Windows'
[2023.09.19-10.34.11:059][  0]LogTargetPlatformManager: Display: Loaded TargetPlatform 'WindowsClient'
[2023.09.19-10.34.11:084][  0]LogTargetPlatformManager: Display: Loaded TargetPlatform 'WindowsServer'
[2023.09.19-10.34.11:084][  0]LogTargetPlatformManager: Display: Building Assets For Windows
[2023.09.19-10.34.11:175][  0]LogAudioDebug: Display: Lib vorbis DLL was dynamically loaded.
[2023.09.19-10.34.11:439][  0]LogTextureFormatOodle: Display: Oodle Texture 2.9.0 init RDO Off
[2023.09.19-10.34.11:814][  0]LogRendererCore: Ray tracing is disabled. Reason: r.RayTracing=0.
[2023.09.19-10.34.11:816][  0]LogShaderCompilers: Guid format shader working directory is 9 characters bigger than the processId version (C:/Users/adminBielsko/Desktop/MyProject3245/Intermediate/Shaders/WorkingDirectory/14308/).
[2023.09.19-10.34.11:816][  0]LogShaderCompilers: Cleaned the shader compiler working directory 'C:/Users/adminBielsko/AppData/Local/Temp/UnrealShaderWorkingDir/01AB92244443C6283FBEB1BFF3ABE5E2/'.
[2023.09.19-10.34.11:817][  0]LogXGEController: Cannot use XGE Controller as Incredibuild is not installed on this machine.
[2023.09.19-10.34.11:817][  0]LogShaderCompilers: Cannot use XGE Shader Compiler as Incredibuild is not installed on this machine.
[2023.09.19-10.34.11:817][  0]LogShaderCompilers: Display: Using Local Shader Compiler.
[2023.09.19-10.34.15:172][  0]LogDerivedDataCache: Display: Max Cache Size: 512 MB
[2023.09.19-10.34.15:458][  0]LogDerivedDataCache: Loaded boot cache 0.29s 96MB C:/Users/adminBielsko/AppData/Local/UnrealEngine/4.27/DerivedDataCache/Boot.ddc.
[2023.09.19-10.34.15:458][  0]LogDerivedDataCache: Display: Loaded Boot cache: C:/Users/adminBielsko/AppData/Local/UnrealEngine/4.27/DerivedDataCache/Boot.ddc
[2023.09.19-10.34.15:458][  0]LogDerivedDataCache: FDerivedDataBackendGraph:  Pak pak cache file C:/Users/adminBielsko/Desktop/MyProject3245/DerivedDataCache/DDC.ddp not found, will not use a pak cache.
[2023.09.19-10.34.15:458][  0]LogDerivedDataCache: Unable to find inner node Pak for hierarchical cache Hierarchy.
[2023.09.19-10.34.15:459][  0]LogDerivedDataCache: FDerivedDataBackendGraph:  CompressedPak pak cache file C:/Users/adminBielsko/Desktop/MyProject3245/DerivedDataCache/Compressed.ddp not found, will not use a pak cache.
[2023.09.19-10.34.15:459][  0]LogDerivedDataCache: Unable to find inner node CompressedPak for hierarchical cache Hierarchy.
[2023.09.19-10.34.15:490][  0]LogDerivedDataCache: Display: Pak cache opened for reading ../../../Engine/DerivedDataCache/Compressed.ddp.
[2023.09.19-10.34.15:490][  0]LogDerivedDataCache: FDerivedDataBackendGraph:  EnterprisePak pak cache file ../../../Enterprise/DerivedDataCache/Compressed.ddp not found, will not use a pak cache.
[2023.09.19-10.34.15:490][  0]LogDerivedDataCache: Unable to find inner node EnterprisePak for hierarchical cache Hierarchy.
[2023.09.19-10.34.15:545][  0]LogDerivedDataCache: Speed tests for C:/Users/adminBielsko/AppData/Local/UnrealEngine/Common/DerivedDataCache took 0.05 seconds
[2023.09.19-10.34.15:545][  0]LogDerivedDataCache: Display: Performance to C:/Users/adminBielsko/AppData/Local/UnrealEngine/Common/DerivedDataCache: Latency=0.19ms. RandomReadSpeed=19.62MBs, RandomWriteSpeed=197.26MBs. Assigned SpeedClass 'Local'
[2023.09.19-10.34.15:546][  0]LogDerivedDataCache: Using Local data cache path C:/Users/adminBielsko/AppData/Local/UnrealEngine/Common/DerivedDataCache: Writable
[2023.09.19-10.34.15:546][  0]LogDerivedDataCache: Shared data cache path not found in *engine.ini, will not use an Shared cache.
[2023.09.19-10.34.15:546][  0]LogDerivedDataCache: Unable to find inner node Shared for hierarchical cache Hierarchy.
[2023.09.19-10.34.15:598][  0]LogSlate: Using FreeType 2.10.0
[2023.09.19-10.34.15:609][  0]LogSlate: SlateFontServices - WITH_FREETYPE: 1, WITH_HARFBUZZ: 1
[2023.09.19-10.34.15:796][  0]LogAssetRegistry: FAssetRegistry took 0.0065 seconds to start up
[2023.09.19-10.34.16:252][  0]LogInit: Selected Device Profile: [Windows]
[2023.09.19-10.34.16:252][  0]LogInit: Active device profile: [000001C91D2E0D00][000001C90D34AE40 49] Windows
[2023.09.19-10.34.16:252][  0]LogInit: Profiles: [000001C91D2E0D00][000001C90D34AE40 49] Windows, [000001C91D2AA300][000001C91AEAAFC0 49] WindowsNoEditor, [000001C91D2E1C00][000001C91AEAF140 49] WindowsServer, [000001C91D2AB100][000001C91AEB32C0 49] WindowsClient, [000001C91D2E2900][000001C91AEB7440 49] IOS, [000001C91D2A9A00][000001C91C4815C0 49] iPadAir, [000001C91D2E3E00][000001C91C485740 49] iPadAir2, [000001C91D261000][000001C91C48DA00 49] IPadPro, [000001C91D261100][000001C91C489A40 49] iPadAir3, [000001C91D2A8C00][000001C91C491BC0 49] iPadAir4, [000001C91D261D00][000001C91C4941C0 49] iPadMini2, [000001C91D2AB300][000001C91C498340 49] iPadMini3, [000001C91D263800][000001C91C49C4C0 49] iPadMini4, [000001C91D2A9000][000001C90D34E600 49] iPadMini5, [000001C91D290A00][000001C97FC88840 49] iPhone6, [000001C91D290B00][000001C97FC84880 49] iPodTouch6, [000001C91D2E2D00][000001C97FC94B00 49] iPhone7, [000001C91D2E2E00][000001C97FC8CB40 49] iPodTouch7, [000001C91D262300][000001C97FC98CC0 49] iPhone5S, [000001C91D2E1000][000001C97FC9CE40 49] iPhone6Plus, [000001C91D290100][000001C97FCA0FC0 49] iPhone6S, [000001C91D260300][000001C97FCA5140 49] iPhone6SPlus, [000001C91D292900][000001C97FCA92C0 49] iPhone7Plus, [000001C91D262100][000001C97FCAD440 49] iPhoneSE, [000001C91D292700][000001C97FCB15C0 49] iPhone8, [000001C91D260700][000001C91D4B1740 49] iPhone8Plus, [000001C91D293200][000001C91D4B58C0 49] iPhoneX, [000001C91D2E1500][000001C91D4B9A40 49] iPhoneXS, [000001C91D292C00][000001C91D4BDBC0 49] iPhoneXSMax, [000001C91D2E1A00][000001C91D4C01C0 49] iPhoneXR, [000001C91D290600][000001C91D4C4340 49] iPhone11, [000001C91D2E2A00][000001C91D4C84C0 49] iPhone11Pro, [000001C91D291B00][000001C91D4CC640 49] iPhone11ProMax, [000001C91D2E0F00][000001C97FC90780 49] iPhoneSE2, [000001C91D293B00][000001C91D4D08C0 49] iPhone12Mini, [000001C91D2E2300][000001C91D4D4A00 49] iPhone12, [000001C91D290C00][000001C91D4D8B40 49] iPhone12Pro, [000001C91D2E3F00][000001C91D4E0CC0 49] iPhone12ProMax, [000001C91D291600][000001C91D4E4E40 49] iPadPro105, [000001C91D2E0900][000001C91D4E8FC0 49] iPadPro129, [000001C91D293E00][000001C91D4ED140 49] iPadPro97, [000001C91D2E3700][000001C91D4F12C0 49] iPadPro2_129, [000001C91D292D00][000001C91D4F5440 49] iPad5, [000001C91D2E2100][000001C91D4F95C0 49] iPad6, [000001C91D291200][000001C91D4FD740 49] iPad7, [000001C91D2E1100][000001C91D5018C0 49] iPad8, [000001C91D290400][000001C91D505A40 49] iPadPro11, [000001C91D2E0700][000001C91D509BC0 49] iPadPro2_11, [000001C91D291700][000001C91D50C1C0 49] iPadPro3_129, [000001C91D2E3800][000001C91D510340 49] iPadPro4_129, [000001C91D293300][000001C91D5144C0 49] AppleTV, [000001C91D2E2600][000001C91D518640 49] AppleTV4K, [000001C91D292B00][000001C91D51C7C0 49] TVOS, [000001C91D2E0A00][000001C91D520940 49] Mac, [000001C91D291400][000001C91D4DCA80 49] MacClient, [000001C91D2E1D00][000001C91D524BC0 49] MacNoEditor, [000001C91D293600][000001C91D528D00 49] MacServer, [000001C91D2E1200][000001C91D530E80 49] Linux, [000001C91D291D00][000001C91D535000 49] LinuxAArch64, [000001C91D2E2B00][000001C91D539180 49] LinuxNoEditor, [000001C91D292400][000001C91D53D300 49] LinuxAArch64NoEditor, [000001C91D2E0600][000001C91D541480 49] LinuxClient, [000001C91D293800][000001C91D545600 49] LinuxAArch64Client, [000001C91D2E2700][000001C91D549780 49] LinuxServer, [000001C91D292A00][000001C91D54D900 49] LinuxAArch64Server, [000001C91D2E3400][000001C91D551A80 49] Android, [000001C91D293400][000001C91D555C00 49] Android_Low, [000001C91D2E1600][000001C91D558200 49] Android_Mid, [000001C91D293900][000001C91D55C380 49] Android_High, [000001C91D2E3D00][000001C91D560500 49] Android_Default, [000001C91D292600][000001C91D564680 49] Android_Adreno4xx, [000001C91D2E0E00][000001C91D568800 49] Android_Adreno5xx_Low, [000001C91D291000][000001C91D56C980 49] Android_Adreno5xx, [000001C91D2E1300][000001C91D570B00 49] Android_Adreno6xx, [000001C91D2A8500][000001C91D52CC40 49] Android_Adreno6xx_Vulkan, [000001C91D262000][000001C91D574D80 49] Android_Mali_T6xx, [000001C91D2A8600][000001C91D578EC0 49] Android_Mali_T7xx, [000001C91D260100][000001C91D581040 49] Android_Mali_T8xx, [000001C91D2A8100][000001C91D5851C0 49] Android_Mali_G71, [000001C91D263300][000001C91D589340 49] Android_Mali_G72, [000001C91D2A9500][000001C91D58D4C0 49] Android_Mali_G72_Vulkan, [000001C91D261700][000001C91D591640 49] Android_Mali_G76, [000001C91D2AB800][000001C91D5957C0 49] Android_Mali_G76_Vulkan, [000001C91D262900][000001C91D599940 49] Android_Mali_G77, [000001C91D2ABE00][000001C91D59DAC0 49] Android_Mali_G77_Vulkan, [000001C91D261500][000001C91D5A00C0 49] Android_Mali_G78, [000001C91D2AA200][000001C91D5A4240 49] Android_Mali_G78_Vulkan, [000001C91D260400][000001C91D5A83C0 49] Android_Mali_G710, [000001C91D2A8300][000001C91D5AC540 49] Android_Mali_G710_Vulkan, [000001C91D260200][000001C91D5B06C0 49] Android_Vulkan_SM5, [000001C91D2A8700][000001C91D5B4840 49] Android_PowerVR_G6xxx, [000001C91D262400][000001C91D5B89C0 49] Android_PowerVR_GT7xxx, [000001C91D2AA800][000001C91D5BCB40 49] Android_PowerVR_GE8xxx, [000001C91D261400][000001C91D5C0CC0 49] Android_PowerVR_GM9xxx, [000001C91D2A8200][000001C91D57CE00 49] Android_PowerVR_GM9xxx_Vulkan, [000001C91D262600][000001C91D5C4F40 49] Android_TegraK1, [000001C91D2ABC00][000001C91D5C9080 49] Android_Unknown_Vulkan, [000001C91D263B00][000001C91D5CD1C0 49] Lumin, [000001C91D2ABF00][000001C91D5D5340 49] Lumin_Desktop, [000001C91D260B00][000001C91D5D94C0 49] HoloLens, 
[2023.09.19-10.34.16:939][  0]LogMeshReduction: Using QuadricMeshReduction for automatic static mesh reduction
[2023.09.19-10.34.16:939][  0]LogMeshReduction: Using SimplygonMeshReduction for automatic skeletal mesh reduction
[2023.09.19-10.34.16:939][  0]LogMeshReduction: Using ProxyLODMeshReduction for automatic mesh merging
[2023.09.19-10.34.16:939][  0]LogMeshReduction: No distributed automatic mesh merging module available
[2023.09.19-10.34.16:941][  0]LogMeshMerging: No distributed automatic mesh merging module available
[2023.09.19-10.34.17:027][  0]LogNetVersion: MyProject3245 1.0.0, NetCL: 17155196, EngineNetVer: 17, GameNetVer: 0 (Checksum: 2539717342)
[2023.09.19-10.34.19:524][  0]LogTexture: Default maximum texture size for cubemaps generated from long-lat sources has been changed from 512 to unlimited. In order to preserve old behaiour for '/Engine/MapTemplates/Sky/DaylightAmbientCubemap.DaylightAmbientCubemap', its maximum texture size has been explicitly set to 512.
[2023.09.19-10.34.19:597][  0]LogHMD: PokeAHoleMaterial loaded successfully
[2023.09.19-10.34.19:605][  0]LogUObjectArray: 17178 objects as part of root set at end of initial load.
[2023.09.19-10.34.19:605][  0]LogUObjectAllocator: 4302048 out of 0 bytes used by permanent object pool.
[2023.09.19-10.34.19:605][  0]LogUObjectArray: CloseDisregardForGC: 0/0 objects in disregard for GC pool
[2023.09.19-10.34.20:742][  0]LogNiagaraDebuggerClient: Niagara Debugger Client Initialized | Session: 1074B6864C531FAA40DDE7ACDF06DAD2 | Instance: F17AB3204908F9883A9D5B9AA7C0EA7A (DESKTOP-R9VF7HV-14308).
[2023.09.19-10.34.22:019][  0]LogUdpMessaging: Initializing bridge on interface 0.0.0.0:0 to multicast group 230.0.0.1:6666.
[2023.09.19-10.34.22:050][  0]LogTcpMessaging: Initializing TcpMessaging bridge
[2023.09.19-10.34.22:148][  0]LogPython: Using Python 3.7.7
[2023.09.19-10.34.24:296][  0]SourceControl: Source control is disabled
[2023.09.19-10.34.24:296][  0]SourceControl: Source control is disabled
[2023.09.19-10.34.24:342][  0]SourceControl: Source control is disabled
[2023.09.19-10.34.24:370][  0]SourceControl: Source control is disabled
[2023.09.19-10.34.24:429][  0]SourceControl: Source control is disabled
[2023.09.19-10.34.24:473][  0]LogUProjectInfo: Found projects:
[2023.09.19-10.34.25:499][  0]LogOpenImageDenoise: OIDN starting up
[2023.09.19-10.34.25:649][  0]LogAndroidPermission: UAndroidPermissionCallbackProxy::GetInstance
[2023.09.19-10.34.25:770][  0]LogAudioCaptureCore: Display: No Audio Capture implementations found. Audio input will be silent.
[2023.09.19-10.34.25:770][  0]LogAudioCaptureCore: Display: No Audio Capture implementations found. Audio input will be silent.
[2023.09.19-10.34.26:207][  0]LogCollectionManager: Loaded 0 collections in 0.002610 seconds
[2023.09.19-10.34.26:313][  0]LogFileCache: Scanning file cache for directory 'C:/Users/adminBielsko/Desktop/MyProject3245/Saved/Collections/' took 0.00s
[2023.09.19-10.34.26:313][  0]LogFileCache: Scanning file cache for directory 'C:/Users/adminBielsko/Desktop/MyProject3245/Content/Developers/adminBielsko/Collections/' took 0.00s
[2023.09.19-10.34.26:313][  0]LogFileCache: Scanning file cache for directory 'C:/Users/adminBielsko/Desktop/MyProject3245/Content/Collections/' took 0.00s
[2023.09.19-10.34.26:313][  0]LogOcInput: OculusInput pre-init called
[2023.09.19-10.34.26:712][  0]LogEngine: Initializing Engine...
[2023.09.19-10.34.26:776][  0]LogHMD: Failed to enumerate extensions. Please check that you have a valid OpenXR runtime installed.
[2023.09.19-10.34.26:776][  0]LogHMD: Failed to initialize OpenVR with code 110
[2023.09.19-10.34.26:777][  0]LogMagicLeap: Warning: VR disabled because ZI is not enabled.  To enable, in the editor, Edit -> Project Settings -> Plugins -> Magic Leap Plugin -> Enable Zero Iteration
[2023.09.19-10.34.26:781][  0]LogStats: UGameplayTagsManager::InitializeManager -  0.001 s
[2023.09.19-10.34.26:893][  0]LogInit: Initializing FReadOnlyCVARCache
[2023.09.19-10.34.26:955][  0]LogAIModule: Creating AISystem for world Untitled
[2023.09.19-10.34.26:962][  0]LogAudio: Display: Initializing Audio Device Manager...
[2023.09.19-10.34.26:985][  0]LogAudio: Display: Loading Default Audio Settings Objects...
[2023.09.19-10.34.26:986][  0]LogAudio: Display: No default SoundConcurrencyObject specified (or failed to load).
[2023.09.19-10.34.26:988][  0]LogAudio: Display: Audio Device Manager Initialized
[2023.09.19-10.34.26:988][  0]LogAudio: Display: Creating Audio Device:                 Id: 1, Scope: Shared, Realtime: True
[2023.09.19-10.34.26:989][  0]LogAudioMixer: Display: Audio Mixer Platform Settings:
[2023.09.19-10.34.26:989][  0]LogAudioMixer: Display: 	Sample Rate:						  48000
[2023.09.19-10.34.26:989][  0]LogAudioMixer: Display: 	Callback Buffer Frame Size Requested: 1024
[2023.09.19-10.34.26:989][  0]LogAudioMixer: Display: 	Callback Buffer Frame Size To Use:	  1024
[2023.09.19-10.34.26:989][  0]LogAudioMixer: Display: 	Number of buffers to queue:			  2
[2023.09.19-10.34.26:989][  0]LogAudioMixer: Display: 	Max Channels (voices):				  32
[2023.09.19-10.34.26:989][  0]LogAudioMixer: Display: 	Number of Async Source Workers:		  0
[2023.09.19-10.34.26:989][  0]LogAudio: Display: AudioDevice MaxSources: 32
[2023.09.19-10.34.26:991][  0]LogAudio: Display: Audio Spatialization Plugin: None (built-in).
[2023.09.19-10.34.26:991][  0]LogAudio: Display: Audio Reverb Plugin: None (built-in).
[2023.09.19-10.34.26:991][  0]LogAudio: Display: Audio Occlusion Plugin: None (built-in).
[2023.09.19-10.34.26:991][  0]LogAudioMixer: Display: Initializing audio mixer.
[2023.09.19-10.34.27:045][  0]LogAudioMixer: Display: 0: FrontLeft
[2023.09.19-10.34.27:045][  0]LogAudioMixer: Display: 1: FrontRight
[2023.09.19-10.34.27:078][  0]LogAudioMixer: Display: Using Audio Device VG248 (NVIDIA High Definition Audio)
[2023.09.19-10.34.27:081][  0]LogAudioMixer: Display: Initializing Sound Submixes...
[2023.09.19-10.34.27:083][  0]LogAudioMixer: Display: Creating Master Submix 'MasterSubmixDefault'
[2023.09.19-10.34.27:084][  0]LogAudioMixer: Display: Creating Master Submix 'MasterReverbSubmixDefault'
[2023.09.19-10.34.27:086][  0]LogAudioMixer: Display: Creating Master Submix 'MasterEQSubmixDefault'
[2023.09.19-10.34.27:087][  0]LogAudioMixer: FMixerPlatformXAudio2::StartAudioStream() called
[2023.09.19-10.34.27:087][  0]LogAudioMixer: Display: Output buffers initialized: Frames=1024, Channels=2, Samples=2048
[2023.09.19-10.34.27:088][  0]LogAudioMixer: Display: Starting AudioMixerPlatformInterface::RunInternal()
[2023.09.19-10.34.27:088][  0]LogAudioMixer: Display: FMixerPlatformXAudio2::SubmitBuffer() called for the first time
[2023.09.19-10.34.27:088][  0]LogInit: FAudioDevice initialized.
[2023.09.19-10.34.27:089][  0]LogAudio: Display: Audio Device (ID: 1) registered with world 'Untitled'.
[2023.09.19-10.34.27:089][  0]LogNetVersion: Set ProjectVersion to 1.0.0.0. Version Checksum will be recalculated on next use.
[2023.09.19-10.34.27:168][  0]LogDerivedDataCache: Saved boot cache 0.08s 96MB C:/Users/adminBielsko/AppData/Local/UnrealEngine/4.27/DerivedDataCache/Boot.ddc.
[2023.09.19-10.34.27:168][  0]LogInit: Texture streaming: Enabled
[2023.09.19-10.34.27:240][  0]LogAnalytics: Display: [UEEditor.Rocket.Release] APIServer = https://datarouter.ol.epicgames.com/. AppVersion = 4.27.2-18319896+++UE4+Release-4.27
[2023.09.19-10.34.27:264][  0]LogEngineSessionManager: EngineSessionManager initialized
[2023.09.19-10.34.27:270][  0]LogEditorSessionSummary: Verbose: Initializing EditorSessionSummaryWriter for editor session tracking
[2023.09.19-10.34.27:278][  0]LogEditorSessionSummary: EditorSessionSummaryWriter initialized
[2023.09.19-10.34.27:631][  0]LogInit: Transaction tracking system initialized
[2023.09.19-10.34.27:993][  0]BlueprintLog: New page: Editor Load
[2023.09.19-10.34.28:467][  0]LocalizationService: Localization service is disabled
[2023.09.19-10.34.28:683][  0]TimingProfiler: Initialize
[2023.09.19-10.34.28:685][  0]TimingProfiler: OnSessionChanged
[2023.09.19-10.34.28:686][  0]LoadingProfiler: Initialize
[2023.09.19-10.34.28:686][  0]LoadingProfiler: OnSessionChanged
[2023.09.19-10.34.28:686][  0]NetworkingProfiler: Initialize
[2023.09.19-10.34.28:687][  0]NetworkingProfiler: OnSessionChanged
[2023.09.19-10.34.28:687][  0]MemoryProfiler: Initialize
[2023.09.19-10.34.28:687][  0]MemoryProfiler: OnSessionChanged
[2023.09.19-10.34.29:143][  0]LogCook: Display: CookSettings for Memory: MemoryMaxUsedVirtual 0MiB, MemoryMaxUsedPhysical 16384MiB, MemoryMinFreeVirtual 0MiB, MemoryMinFreePhysical 1024MiB
[2023.09.19-10.34.29:143][  0]LogCook: Display: Mobile HDR setting 1
[2023.09.19-10.34.29:905][  0]LogFileCache: Scanning file cache for directory 'C:/Users/adminBielsko/Desktop/MyProject3245/Content/' took 0.01s
[2023.09.19-10.34.30:512][  0]LogInit: Display: Engine is initialized. Leaving FEngineLoop::Init()
[2023.09.19-10.34.30:519][  0]SourceControl: Source control is disabled
[2023.09.19-10.34.30:520][  0]LogUnrealEdMisc: Loading editor; pre map load, took 30.125
[2023.09.19-10.34.30:522][  0]Cmd: MAP LOAD FILE="C:/Users/adminBielsko/Desktop/MyProject3245/Content/StarterContent/Maps/Minimal_Default.umap" TEMPLATE=0 SHOWPROGRESS=1 FEATURELEVEL=3
[2023.09.19-10.34.30:523][  0]LightingResults: New page: Lighting Build
[2023.09.19-10.34.30:528][  0]LogWorld: UWorld::CleanupWorld for Untitled, bSessionEnded=true, bCleanupResources=true
[2023.09.19-10.34.30:530][  0]LogSlate: InvalidateAllWidgets triggered.  All widgets were invalidated
[2023.09.19-10.34.30:531][  0]MapCheck: New page: Map Check
[2023.09.19-10.34.30:531][  0]LightingResults: New page: Lighting Build
[2023.09.19-10.34.30:539][  0]LogAudio: Display: Audio Device unregistered from world 'None'.
[2023.09.19-10.34.30:546][  0]LogUObjectHash: Compacting FUObjectHashTables data took   0.77ms
[2023.09.19-10.34.30:572][  0]LogTexture: Display: Building textures: DeprecatedTexture8D91C9AE4C6B8D628CDA3C848426284A (BGRA8, 128X128)
[2023.09.19-10.34.30:572][  0]LogTexture: Display: Building textures: DeprecatedTextureD6C57B644F03DADF4F2699848FAEA3C3 (BGRA8, 128X128)
[2023.09.19-10.34.30:574][  0]LogMaterial: Display: Missing cached shadermap for crystal in PCD3D_SM5, Default, SM5 (DDC key hash: 038F2E5B5564C05353E6137355B8BE9704EF02C1), compiling. 
[2023.09.19-10.34.30:614][  0]LogShaderCompilers: Display: Submitted 16 shader compile jobs with 'Low' priority
[2023.09.19-10.34.30:619][  0]LogShaderCompilers: Display: Worker (1/9): shaders left to compile 16
[2023.09.19-10.34.30:619][  0]LogShaderCompilers: Display: Worker (2/9): shaders left to compile 14
[2023.09.19-10.34.30:619][  0]LogShaderCompilers: Display: Worker (3/9): shaders left to compile 12
[2023.09.19-10.34.30:619][  0]LogShaderCompilers: Display: Worker (4/9): shaders left to compile 10
[2023.09.19-10.34.30:619][  0]LogShaderCompilers: Display: Worker (5/9): shaders left to compile 8
[2023.09.19-10.34.30:619][  0]LogShaderCompilers: Display: Worker (6/9): shaders left to compile 6
[2023.09.19-10.34.30:619][  0]LogShaderCompilers: Display: Worker (7/9): shaders left to compile 4
[2023.09.19-10.34.30:619][  0]LogShaderCompilers: Display: Worker (8/9): shaders left to compile 2
[2023.09.19-10.34.30:619][  0]LogShaderCompilers: Display: Started 16 'Local' shader compile jobs with 'Low' priority
[2023.09.19-10.34.30:619][  0]LogAudio: Display: Audio Device (ID: 1) registered with world 'Minimal_Default'.
[2023.09.19-10.34.30:620][  0]LogAIModule: Creating AISystem for world Minimal_Default
[2023.09.19-10.34.30:645][  0]LogEditorServer: Finished looking for orphan Actors (0.000 secs)
[2023.09.19-10.34.30:655][  0]LogUObjectHash: Compacting FUObjectHashTables data took   0.66ms
[2023.09.19-10.34.30:656][  0]Cmd: MAP CHECKDEP NOCLEARLOG
[2023.09.19-10.34.30:657][  0]MapCheck: Map check complete: 0 Error(s), 0 Warning(s), took 0,491ms to complete.
[2023.09.19-10.34.30:657][  0]LogFileHelpers: Loading map 'Minimal_Default' took 0.136
[2023.09.19-10.34.30:688][  0]LogUnrealEdMisc: Total Editor Startup Time, took 30.293
[2023.09.19-10.34.30:849][  0]LogSlate: Updating window title bar state: overlay mode, drag disabled, window buttons hidden, title bar hidden
[2023.09.19-10.34.30:859][  0]LogSlate: Updating window title bar state: overlay mode, drag disabled, window buttons hidden, title bar hidden
[2023.09.19-10.34.30:869][  0]LogSlate: Updating window title bar state: overlay mode, drag disabled, window buttons hidden, title bar hidden
[2023.09.19-10.34.30:877][  0]LogSlate: Updating window title bar state: overlay mode, drag disabled, window buttons hidden, title bar hidden
[2023.09.19-10.34.30:933][  0]LogNativeClassHierarchy: Verbose: Native class hierarchy populated in 0.0102 seconds. Added 3822 classes and 928 folders.
[2023.09.19-10.34.30:941][  0]LogNativeClassHierarchy: Verbose: Native class hierarchy updated for 'WidgetCarousel' in 0.0003 seconds. Added 0 classes and 0 folders.
[2023.09.19-10.34.30:965][  0]LogPakFile: PakFile PrimaryIndexSize=187
[2023.09.19-10.34.30:965][  0]LogPakFile: PakFile PathHashIndexSize=101
[2023.09.19-10.34.30:965][  0]LogPakFile: PakFile FullDirectoryIndexSize=148
[2023.09.19-10.34.30:965][  0]LogShaderLibrary: Display: ShaderCodeLibraryPakFileMountedCallback: PakFile 'D:/UE_4.27/FeaturePacks/FP_FirstPerson.upack' (chunk index -1, root 'root:/') mounted
[2023.09.19-10.34.30:965][  0]LogShaderLibrary: Display: ShaderCodeLibraryPakFileMountedCallback: pending pak file info (ChunkID:-1 Root:root:/ File:D:/UE_4.27/FeaturePacks/FP_FirstPerson.upack)
[2023.09.19-10.34.30:965][  0]LogPakFile: OnPakFileMounted2Time == 0.000067
[2023.09.19-10.34.30:978][  0]LogPakFile: PakFile PrimaryIndexSize=189
[2023.09.19-10.34.30:978][  0]LogPakFile: PakFile PathHashIndexSize=101
[2023.09.19-10.34.30:978][  0]LogPakFile: PakFile FullDirectoryIndexSize=152
[2023.09.19-10.34.30:978][  0]LogShaderLibrary: Display: ShaderCodeLibraryPakFileMountedCallback: PakFile 'D:/UE_4.27/FeaturePacks/FP_FirstPersonBP.upack' (chunk index -1, root 'root:/') mounted
[2023.09.19-10.34.30:978][  0]LogShaderLibrary: Display: ShaderCodeLibraryPakFileMountedCallback: pending pak file info (ChunkID:-1 Root:root:/ File:D:/UE_4.27/FeaturePacks/FP_FirstPersonBP.upack)
[2023.09.19-10.34.30:978][  0]LogPakFile: OnPakFileMounted2Time == 0.000074
[2023.09.19-10.34.30:985][  0]LogPakFile: PakFile PrimaryIndexSize=191
[2023.09.19-10.34.30:985][  0]LogPakFile: PakFile PathHashIndexSize=101
[2023.09.19-10.34.30:985][  0]LogPakFile: PakFile FullDirectoryIndexSize=160
[2023.09.19-10.34.30:985][  0]LogShaderLibrary: Display: ShaderCodeLibraryPakFileMountedCallback: PakFile 'D:/UE_4.27/FeaturePacks/MobileStarterContent.upack' (chunk index -1, root 'root:/') mounted
[2023.09.19-10.34.30:985][  0]LogShaderLibrary: Display: ShaderCodeLibraryPakFileMountedCallback: pending pak file info (ChunkID:-1 Root:root:/ File:D:/UE_4.27/FeaturePacks/MobileStarterContent.upack)
[2023.09.19-10.34.30:985][  0]LogPakFile: OnPakFileMounted2Time == 0.000043
[2023.09.19-10.34.30:995][  0]LogPakFile: PakFile PrimaryIndexSize=185
[2023.09.19-10.34.30:995][  0]LogPakFile: PakFile PathHashIndexSize=101
[2023.09.19-10.34.30:995][  0]LogPakFile: PakFile FullDirectoryIndexSize=148
[2023.09.19-10.34.30:995][  0]LogShaderLibrary: Display: ShaderCodeLibraryPakFileMountedCallback: PakFile 'D:/UE_4.27/FeaturePacks/StarterContent.upack' (chunk index -1, root 'root:/') mounted
[2023.09.19-10.34.30:995][  0]LogShaderLibrary: Display: ShaderCodeLibraryPakFileMountedCallback: pending pak file info (ChunkID:-1 Root:root:/ File:D:/UE_4.27/FeaturePacks/StarterContent.upack)
[2023.09.19-10.34.30:995][  0]LogPakFile: OnPakFileMounted2Time == 0.000068
[2023.09.19-10.34.31:006][  0]LogPakFile: PakFile PrimaryIndexSize=190
[2023.09.19-10.34.31:006][  0]LogPakFile: PakFile PathHashIndexSize=101
[2023.09.19-10.34.31:006][  0]LogPakFile: PakFile FullDirectoryIndexSize=154
[2023.09.19-10.34.31:006][  0]LogShaderLibrary: Display: ShaderCodeLibraryPakFileMountedCallback: PakFile 'D:/UE_4.27/FeaturePacks/TP_2DSideScroller.upack' (chunk index -1, root 'root:/') mounted
[2023.09.19-10.34.31:006][  0]LogShaderLibrary: Display: ShaderCodeLibraryPakFileMountedCallback: pending pak file info (ChunkID:-1 Root:root:/ File:D:/UE_4.27/FeaturePacks/TP_2DSideScroller.upack)
[2023.09.19-10.34.31:006][  0]LogPakFile: OnPakFileMounted2Time == 0.000050
[2023.09.19-10.34.31:014][  0]LogPakFile: PakFile PrimaryIndexSize=192
[2023.09.19-10.34.31:014][  0]LogPakFile: PakFile PathHashIndexSize=101
[2023.09.19-10.34.31:014][  0]LogPakFile: PakFile FullDirectoryIndexSize=158
[2023.09.19-10.34.31:014][  0]LogShaderLibrary: Display: ShaderCodeLibraryPakFileMountedCallback: PakFile 'D:/UE_4.27/FeaturePacks/TP_2DSideScrollerBP.upack' (chunk index -1, root 'root:/') mounted
[2023.09.19-10.34.31:014][  0]LogShaderLibrary: Display: ShaderCodeLibraryPakFileMountedCallback: pending pak file info (ChunkID:-1 Root:root:/ File:D:/UE_4.27/FeaturePacks/TP_2DSideScrollerBP.upack)
[2023.09.19-10.34.31:014][  0]LogPakFile: OnPakFileMounted2Time == 0.000042
[2023.09.19-10.34.31:023][  0]LogPakFile: PakFile PrimaryIndexSize=182
[2023.09.19-10.34.31:023][  0]LogPakFile: PakFile PathHashIndexSize=101
[2023.09.19-10.34.31:023][  0]LogPakFile: PakFile FullDirectoryIndexSize=138
[2023.09.19-10.34.31:023][  0]LogShaderLibrary: Display: ShaderCodeLibraryPakFileMountedCallback: PakFile 'D:/UE_4.27/FeaturePacks/TP_Flying.upack' (chunk index -1, root 'root:/') mounted
[2023.09.19-10.34.31:023][  0]LogShaderLibrary: Display: ShaderCodeLibraryPakFileMountedCallback: pending pak file info (ChunkID:-1 Root:root:/ File:D:/UE_4.27/FeaturePacks/TP_Flying.upack)
[2023.09.19-10.34.31:023][  0]LogPakFile: OnPakFileMounted2Time == 0.000068
[2023.09.19-10.34.31:035][  0]LogPakFile: PakFile PrimaryIndexSize=184
[2023.09.19-10.34.31:035][  0]LogPakFile: PakFile PathHashIndexSize=101
[2023.09.19-10.34.31:035][  0]LogPakFile: PakFile FullDirectoryIndexSize=142
[2023.09.19-10.34.31:035][  0]LogShaderLibrary: Display: ShaderCodeLibraryPakFileMountedCallback: PakFile 'D:/UE_4.27/FeaturePacks/TP_FlyingBP.upack' (chunk index -1, root 'root:/') mounted
[2023.09.19-10.34.31:035][  0]LogShaderLibrary: Display: ShaderCodeLibraryPakFileMountedCallback: pending pak file info (ChunkID:-1 Root:root:/ File:D:/UE_4.27/FeaturePacks/TP_FlyingBP.upack)
[2023.09.19-10.34.31:035][  0]LogPakFile: OnPakFileMounted2Time == 0.000062
[2023.09.19-10.34.31:047][  0]LogPakFile: PakFile PrimaryIndexSize=188
[2023.09.19-10.34.31:047][  0]LogPakFile: PakFile PathHashIndexSize=101
[2023.09.19-10.34.31:047][  0]LogPakFile: PakFile FullDirectoryIndexSize=150
[2023.09.19-10.34.31:047][  0]LogShaderLibrary: Display: ShaderCodeLibraryPakFileMountedCallback: PakFile 'D:/UE_4.27/FeaturePacks/TP_HandheldARBP.upack' (chunk index -1, root 'root:/') mounted
[2023.09.19-10.34.31:047][  0]LogShaderLibrary: Display: ShaderCodeLibraryPakFileMountedCallback: pending pak file info (ChunkID:-1 Root:root:/ File:D:/UE_4.27/FeaturePacks/TP_HandheldARBP.upack)
[2023.09.19-10.34.31:047][  0]LogPakFile: OnPakFileMounted2Time == 0.000043
[2023.09.19-10.34.31:061][  0]LogPakFile: PakFile PrimaryIndexSize=182
[2023.09.19-10.34.31:061][  0]LogPakFile: PakFile PathHashIndexSize=101
[2023.09.19-10.34.31:061][  0]LogPakFile: PakFile FullDirectoryIndexSize=138
[2023.09.19-10.34.31:061][  0]LogShaderLibrary: Display: ShaderCodeLibraryPakFileMountedCallback: PakFile 'D:/UE_4.27/FeaturePacks/TP_Puzzle.upack' (chunk index -1, root 'root:/') mounted
[2023.09.19-10.34.31:061][  0]LogShaderLibrary: Display: ShaderCodeLibraryPakFileMountedCallback: pending pak file info (ChunkID:-1 Root:root:/ File:D:/UE_4.27/FeaturePacks/TP_Puzzle.upack)
[2023.09.19-10.34.31:061][  0]LogPakFile: OnPakFileMounted2Time == 0.000043
[2023.09.19-10.34.31:069][  0]LogPakFile: PakFile PrimaryIndexSize=184
[2023.09.19-10.34.31:069][  0]LogPakFile: PakFile PathHashIndexSize=101
[2023.09.19-10.34.31:069][  0]LogPakFile: PakFile FullDirectoryIndexSize=142
[2023.09.19-10.34.31:069][  0]LogShaderLibrary: Display: ShaderCodeLibraryPakFileMountedCallback: PakFile 'D:/UE_4.27/FeaturePacks/TP_PuzzleBP.upack' (chunk index -1, root 'root:/') mounted
[2023.09.19-10.34.31:069][  0]LogShaderLibrary: Display: ShaderCodeLibraryPakFileMountedCallback: pending pak file info (ChunkID:-1 Root:root:/ File:D:/UE_4.27/FeaturePacks/TP_PuzzleBP.upack)
[2023.09.19-10.34.31:069][  0]LogPakFile: OnPakFileMounted2Time == 0.000057
[2023.09.19-10.34.31:078][  0]LogPakFile: PakFile PrimaryIndexSize=183
[2023.09.19-10.34.31:078][  0]LogPakFile: PakFile PathHashIndexSize=101
[2023.09.19-10.34.31:078][  0]LogPakFile: PakFile FullDirectoryIndexSize=140
[2023.09.19-10.34.31:078][  0]LogShaderLibrary: Display: ShaderCodeLibraryPakFileMountedCallback: PakFile 'D:/UE_4.27/FeaturePacks/TP_Rolling.upack' (chunk index -1, root 'root:/') mounted
[2023.09.19-10.34.31:078][  0]LogShaderLibrary: Display: ShaderCodeLibraryPakFileMountedCallback: pending pak file info (ChunkID:-1 Root:root:/ File:D:/UE_4.27/FeaturePacks/TP_Rolling.upack)
[2023.09.19-10.34.31:078][  0]LogPakFile: OnPakFileMounted2Time == 0.000066
[2023.09.19-10.34.31:087][  0]LogPakFile: PakFile PrimaryIndexSize=185
[2023.09.19-10.34.31:087][  0]LogPakFile: PakFile PathHashIndexSize=101
[2023.09.19-10.34.31:087][  0]LogPakFile: PakFile FullDirectoryIndexSize=144
[2023.09.19-10.34.31:087][  0]LogShaderLibrary: Display: ShaderCodeLibraryPakFileMountedCallback: PakFile 'D:/UE_4.27/FeaturePacks/TP_RollingBP.upack' (chunk index -1, root 'root:/') mounted
[2023.09.19-10.34.31:087][  0]LogShaderLibrary: Display: ShaderCodeLibraryPakFileMountedCallback: pending pak file info (ChunkID:-1 Root:root:/ File:D:/UE_4.27/FeaturePacks/TP_RollingBP.upack)
[2023.09.19-10.34.31:087][  0]LogPakFile: OnPakFileMounted2Time == 0.000216
[2023.09.19-10.34.31:096][  0]LogPakFile: PakFile PrimaryIndexSize=188
[2023.09.19-10.34.31:096][  0]LogPakFile: PakFile PathHashIndexSize=101
[2023.09.19-10.34.31:096][  0]LogPakFile: PakFile FullDirectoryIndexSize=150
[2023.09.19-10.34.31:096][  0]LogShaderLibrary: Display: ShaderCodeLibraryPakFileMountedCallback: PakFile 'D:/UE_4.27/FeaturePacks/TP_SideScroller.upack' (chunk index -1, root 'root:/') mounted
[2023.09.19-10.34.31:096][  0]LogShaderLibrary: Display: ShaderCodeLibraryPakFileMountedCallback: pending pak file info (ChunkID:-1 Root:root:/ File:D:/UE_4.27/FeaturePacks/TP_SideScroller.upack)
[2023.09.19-10.34.31:096][  0]LogPakFile: OnPakFileMounted2Time == 0.000046
[2023.09.19-10.34.31:102][  0]LogPakFile: PakFile PrimaryIndexSize=190
[2023.09.19-10.34.31:102][  0]LogPakFile: PakFile PathHashIndexSize=101
[2023.09.19-10.34.31:102][  0]LogPakFile: PakFile FullDirectoryIndexSize=154
[2023.09.19-10.34.31:102][  0]LogShaderLibrary: Display: ShaderCodeLibraryPakFileMountedCallback: PakFile 'D:/UE_4.27/FeaturePacks/TP_SideScrollerBP.upack' (chunk index -1, root 'root:/') mounted
[2023.09.19-10.34.31:102][  0]LogShaderLibrary: Display: ShaderCodeLibraryPakFileMountedCallback: pending pak file info (ChunkID:-1 Root:root:/ File:D:/UE_4.27/FeaturePacks/TP_SideScrollerBP.upack)
[2023.09.19-10.34.31:102][  0]LogPakFile: OnPakFileMounted2Time == 0.000045
[2023.09.19-10.34.31:108][  0]LogPakFile: PakFile PrimaryIndexSize=187
[2023.09.19-10.34.31:108][  0]LogPakFile: PakFile PathHashIndexSize=101
[2023.09.19-10.34.31:108][  0]LogPakFile: PakFile FullDirectoryIndexSize=148
[2023.09.19-10.34.31:108][  0]LogShaderLibrary: Display: ShaderCodeLibraryPakFileMountedCallback: PakFile 'D:/UE_4.27/FeaturePacks/TP_ThirdPerson.upack' (chunk index -1, root 'root:/') mounted
[2023.09.19-10.34.31:108][  0]LogShaderLibrary: Display: ShaderCodeLibraryPakFileMountedCallback: pending pak file info (ChunkID:-1 Root:root:/ File:D:/UE_4.27/FeaturePacks/TP_ThirdPerson.upack)
[2023.09.19-10.34.31:108][  0]LogPakFile: OnPakFileMounted2Time == 0.000045
[2023.09.19-10.34.31:115][  0]LogPakFile: PakFile PrimaryIndexSize=189
[2023.09.19-10.34.31:115][  0]LogPakFile: PakFile PathHashIndexSize=101
[2023.09.19-10.34.31:115][  0]LogPakFile: PakFile FullDirectoryIndexSize=152
[2023.09.19-10.34.31:115][  0]LogShaderLibrary: Display: ShaderCodeLibraryPakFileMountedCallback: PakFile 'D:/UE_4.27/FeaturePacks/TP_ThirdPersonBP.upack' (chunk index -1, root 'root:/') mounted
[2023.09.19-10.34.31:115][  0]LogShaderLibrary: Display: ShaderCodeLibraryPakFileMountedCallback: pending pak file info (ChunkID:-1 Root:root:/ File:D:/UE_4.27/FeaturePacks/TP_ThirdPersonBP.upack)
[2023.09.19-10.34.31:115][  0]LogPakFile: OnPakFileMounted2Time == 0.000047
[2023.09.19-10.34.31:122][  0]LogPakFile: PakFile PrimaryIndexSize=183
[2023.09.19-10.34.31:122][  0]LogPakFile: PakFile PathHashIndexSize=101
[2023.09.19-10.34.31:122][  0]LogPakFile: PakFile FullDirectoryIndexSize=140
[2023.09.19-10.34.31:122][  0]LogShaderLibrary: Display: ShaderCodeLibraryPakFileMountedCallback: PakFile 'D:/UE_4.27/FeaturePacks/TP_TopDown.upack' (chunk index -1, root 'root:/') mounted
[2023.09.19-10.34.31:122][  0]LogShaderLibrary: Display: ShaderCodeLibraryPakFileMountedCallback: pending pak file info (ChunkID:-1 Root:root:/ File:D:/UE_4.27/FeaturePacks/TP_TopDown.upack)
[2023.09.19-10.34.31:122][  0]LogPakFile: OnPakFileMounted2Time == 0.000056
[2023.09.19-10.34.31:128][  0]LogPakFile: PakFile PrimaryIndexSize=185
[2023.09.19-10.34.31:128][  0]LogPakFile: PakFile PathHashIndexSize=101
[2023.09.19-10.34.31:128][  0]LogPakFile: PakFile FullDirectoryIndexSize=144
[2023.09.19-10.34.31:128][  0]LogShaderLibrary: Display: ShaderCodeLibraryPakFileMountedCallback: PakFile 'D:/UE_4.27/FeaturePacks/TP_TopDownBP.upack' (chunk index -1, root 'root:/') mounted
[2023.09.19-10.34.31:128][  0]LogShaderLibrary: Display: ShaderCodeLibraryPakFileMountedCallback: pending pak file info (ChunkID:-1 Root:root:/ File:D:/UE_4.27/FeaturePacks/TP_TopDownBP.upack)
[2023.09.19-10.34.31:128][  0]LogPakFile: OnPakFileMounted2Time == 0.000048
[2023.09.19-10.34.31:138][  0]LogPakFile: PakFile PrimaryIndexSize=185
[2023.09.19-10.34.31:138][  0]LogPakFile: PakFile PathHashIndexSize=101
[2023.09.19-10.34.31:138][  0]LogPakFile: PakFile FullDirectoryIndexSize=144
[2023.09.19-10.34.31:138][  0]LogShaderLibrary: Display: ShaderCodeLibraryPakFileMountedCallback: PakFile 'D:/UE_4.27/FeaturePacks/TP_TwinStick.upack' (chunk index -1, root 'root:/') mounted
[2023.09.19-10.34.31:138][  0]LogShaderLibrary: Display: ShaderCodeLibraryPakFileMountedCallback: pending pak file info (ChunkID:-1 Root:root:/ File:D:/UE_4.27/FeaturePacks/TP_TwinStick.upack)
[2023.09.19-10.34.31:138][  0]LogPakFile: OnPakFileMounted2Time == 0.000048
[2023.09.19-10.34.31:147][  0]LogPakFile: PakFile PrimaryIndexSize=187
[2023.09.19-10.34.31:147][  0]LogPakFile: PakFile PathHashIndexSize=101
[2023.09.19-10.34.31:147][  0]LogPakFile: PakFile FullDirectoryIndexSize=148
[2023.09.19-10.34.31:147][  0]LogShaderLibrary: Display: ShaderCodeLibraryPakFileMountedCallback: PakFile 'D:/UE_4.27/FeaturePacks/TP_TwinStickBP.upack' (chunk index -1, root 'root:/') mounted
[2023.09.19-10.34.31:147][  0]LogShaderLibrary: Display: ShaderCodeLibraryPakFileMountedCallback: pending pak file info (ChunkID:-1 Root:root:/ File:D:/UE_4.27/FeaturePacks/TP_TwinStickBP.upack)
[2023.09.19-10.34.31:147][  0]LogPakFile: OnPakFileMounted2Time == 0.000044
[2023.09.19-10.34.31:155][  0]LogPakFile: PakFile PrimaryIndexSize=183
[2023.09.19-10.34.31:155][  0]LogPakFile: PakFile PathHashIndexSize=101
[2023.09.19-10.34.31:155][  0]LogPakFile: PakFile FullDirectoryIndexSize=140
[2023.09.19-10.34.31:156][  0]LogShaderLibrary: Display: ShaderCodeLibraryPakFileMountedCallback: PakFile 'D:/UE_4.27/FeaturePacks/TP_Vehicle.upack' (chunk index -1, root 'root:/') mounted
[2023.09.19-10.34.31:156][  0]LogShaderLibrary: Display: ShaderCodeLibraryPakFileMountedCallback: pending pak file info (ChunkID:-1 Root:root:/ File:D:/UE_4.27/FeaturePacks/TP_Vehicle.upack)
[2023.09.19-10.34.31:156][  0]LogPakFile: OnPakFileMounted2Time == 0.000043
[2023.09.19-10.34.31:162][  0]LogPakFile: PakFile PrimaryIndexSize=186
[2023.09.19-10.34.31:162][  0]LogPakFile: PakFile PathHashIndexSize=101
[2023.09.19-10.34.31:162][  0]LogPakFile: PakFile FullDirectoryIndexSize=146
[2023.09.19-10.34.31:162][  0]LogShaderLibrary: Display: ShaderCodeLibraryPakFileMountedCallback: PakFile 'D:/UE_4.27/FeaturePacks/TP_VehicleAdv.upack' (chunk index -1, root 'root:/') mounted
[2023.09.19-10.34.31:162][  0]LogShaderLibrary: Display: ShaderCodeLibraryPakFileMountedCallback: pending pak file info (ChunkID:-1 Root:root:/ File:D:/UE_4.27/FeaturePacks/TP_VehicleAdv.upack)
[2023.09.19-10.34.31:162][  0]LogPakFile: OnPakFileMounted2Time == 0.000047
[2023.09.19-10.34.31:169][  0]LogPakFile: PakFile PrimaryIndexSize=188
[2023.09.19-10.34.31:169][  0]LogPakFile: PakFile PathHashIndexSize=101
[2023.09.19-10.34.31:169][  0]LogPakFile: PakFile FullDirectoryIndexSize=150
[2023.09.19-10.34.31:169][  0]LogShaderLibrary: Display: ShaderCodeLibraryPakFileMountedCallback: PakFile 'D:/UE_4.27/FeaturePacks/TP_VehicleAdvBP.upack' (chunk index -1, root 'root:/') mounted
[2023.09.19-10.34.31:169][  0]LogShaderLibrary: Display: ShaderCodeLibraryPakFileMountedCallback: pending pak file info (ChunkID:-1 Root:root:/ File:D:/UE_4.27/FeaturePacks/TP_VehicleAdvBP.upack)
[2023.09.19-10.34.31:169][  0]LogPakFile: OnPakFileMounted2Time == 0.000045
[2023.09.19-10.34.31:176][  0]LogPakFile: PakFile PrimaryIndexSize=185
[2023.09.19-10.34.31:177][  0]LogPakFile: PakFile PathHashIndexSize=101
[2023.09.19-10.34.31:177][  0]LogPakFile: PakFile FullDirectoryIndexSize=144
[2023.09.19-10.34.31:177][  0]LogShaderLibrary: Display: ShaderCodeLibraryPakFileMountedCallback: PakFile 'D:/UE_4.27/FeaturePacks/TP_VehicleBP.upack' (chunk index -1, root 'root:/') mounted
[2023.09.19-10.34.31:177][  0]LogShaderLibrary: Display: ShaderCodeLibraryPakFileMountedCallback: pending pak file info (ChunkID:-1 Root:root:/ File:D:/UE_4.27/FeaturePacks/TP_VehicleBP.upack)
[2023.09.19-10.34.31:177][  0]LogPakFile: OnPakFileMounted2Time == 0.000076
[2023.09.19-10.34.31:186][  0]LogPakFile: PakFile PrimaryIndexSize=192
[2023.09.19-10.34.31:186][  0]LogPakFile: PakFile PathHashIndexSize=101
[2023.09.19-10.34.31:186][  0]LogPakFile: PakFile FullDirectoryIndexSize=158
[2023.09.19-10.34.31:186][  0]LogShaderLibrary: Display: ShaderCodeLibraryPakFileMountedCallback: PakFile 'D:/UE_4.27/FeaturePacks/TP_VirtualRealityBP.upack' (chunk index -1, root 'root:/') mounted
[2023.09.19-10.34.31:186][  0]LogShaderLibrary: Display: ShaderCodeLibraryPakFileMountedCallback: pending pak file info (ChunkID:-1 Root:root:/ File:D:/UE_4.27/FeaturePacks/TP_VirtualRealityBP.upack)
[2023.09.19-10.34.31:186][  0]LogPakFile: OnPakFileMounted2Time == 0.000043
[2023.09.19-10.34.31:767][  0]LogNativeClassHierarchy: Verbose: Native class hierarchy updated for 'AddContentDialog' in 0.0005 seconds. Added 0 classes and 0 folders.
[2023.09.19-10.34.31:775][  0]LogNativeClassHierarchy: Verbose: Native class hierarchy updated for 'SceneOutliner' in 0.0006 seconds. Added 2 classes and 0 folders.
[2023.09.19-10.34.31:870][  0]LogSlate: Took 0.010477 seconds to synchronously load lazily loaded font '../../../Engine/Content/Slate/Fonts/Roboto-Regular.ttf' (155K)
[2023.09.19-10.34.31:883][  0]LogSlate: Took 0.011234 seconds to synchronously load lazily loaded font '../../../Engine/Content/Editor/Slate/Fonts/FontAwesome.ttf' (139K)
[2023.09.19-10.34.31:893][  0]LogSlate: Took 0.009026 seconds to synchronously load lazily loaded font '../../../Engine/Content/Slate/Fonts/Roboto-Bold.ttf' (160K)
[2023.09.19-10.34.32:114][  0]LogRenderer: Reallocating scene render targets to support 1208x572 Format 10 NumSamples 1 (Frame:1).
[2023.09.19-10.34.32:297][  0]LogNativeClassHierarchy: Verbose: Native class hierarchy updated for 'HierarchicalLODOutliner' in 0.0005 seconds. Added 0 classes and 0 folders.
[2023.09.19-10.34.32:298][  0]LogLoad: (Engine Initialization) Total time: 31.90 seconds
[2023.09.19-10.34.32:298][  0]LogLoad: (Engine Initialization) Total Blueprint compile time: 0.00 seconds
[2023.09.19-10.34.32:355][  0]LogAssetRegistry: Asset discovery search completed in 16.5618 seconds
[2023.09.19-10.34.32:362][  0]LogCollectionManager: Fixed up redirectors for 0 collections in 0.000004 seconds (updated 0 objects)
[2023.09.19-10.34.32:367][  0]LogContentStreaming: Texture pool size now 1000 MB
[2023.09.19-10.34.32:437][  2]LogSlate: Took 0.006620 seconds to synchronously load lazily loaded font '../../../Engine/Content/Slate/Fonts/Roboto-Light.ttf' (167K)
[2023.09.19-10.34.36:039][425]LogSlate: Took 0.005766 seconds to synchronously load lazily loaded font '../../../Engine/Content/Slate/Fonts/Roboto-Italic.ttf' (157K)
[2023.09.19-10.58.04:838][221]LogSlate: Window 'Save Level As' being destroyed
